<?xml version="1.0" encoding="UTF-8"?>
<testsuite xmlns:xsi="http://www.w3.org/2001/XMLSchema-instance" xsi:noNamespaceSchemaLocation="https://maven.apache.org/surefire/maven-surefire-plugin/xsd/surefire-test-report-3.0.xsd" version="3.0" name="eu.europa.esig.dss.web.service.FOPServiceTest" time="22.695" tests="4" errors="0" skipped="0" failures="0">
  <properties>
    <property name="java.specification.version" value="21"/>
    <property name="sun.cpu.isalist" value="amd64"/>
    <property name="sun.jnu.encoding" value="Cp1252"/>
    <property name="java.class.path" value="C:\Users\kakit\Downloads\dss-demonstrations\dss-demo-webapp\target\test-classes;C:\Users\kakit\Downloads\dss-demonstrations\dss-demo-webapp\target\classes;C:\Users\kakit\.m2\repository\org\springframework\boot\spring-boot-starter-security\3.2.0\spring-boot-starter-security-3.2.0.jar;C:\Users\kakit\.m2\repository\org\springframework\boot\spring-boot-starter\3.2.0\spring-boot-starter-3.2.0.jar;C:\Users\kakit\.m2\repository\org\springframework\boot\spring-boot\3.2.0\spring-boot-3.2.0.jar;C:\Users\kakit\.m2\repository\org\springframework\boot\spring-boot-autoconfigure\3.2.0\spring-boot-autoconfigure-3.2.0.jar;C:\Users\kakit\.m2\repository\org\springframework\boot\spring-boot-starter-logging\3.2.0\spring-boot-starter-logging-3.2.0.jar;C:\Users\kakit\.m2\repository\ch\qos\logback\logback-classic\1.3.14\logback-classic-1.3.14.jar;C:\Users\kakit\.m2\repository\ch\qos\logback\logback-core\1.3.14\logback-core-1.3.14.jar;C:\Users\kakit\.m2\repository\org\apache\logging\log4j\log4j-to-slf4j\2.21.1\log4j-to-slf4j-2.21.1.jar;C:\Users\kakit\.m2\repository\org\apache\logging\log4j\log4j-api\2.21.1\log4j-api-2.21.1.jar;C:\Users\kakit\.m2\repository\org\slf4j\jul-to-slf4j\2.0.9\jul-to-slf4j-2.0.9.jar;C:\Users\kakit\.m2\repository\org\yaml\snakeyaml\2.2\snakeyaml-2.2.jar;C:\Users\kakit\.m2\repository\org\springframework\spring-aop\6.1.1\spring-aop-6.1.1.jar;C:\Users\kakit\.m2\repository\org\springframework\spring-beans\6.1.1\spring-beans-6.1.1.jar;C:\Users\kakit\.m2\repository\org\springframework\security\spring-security-config\6.2.0\spring-security-config-6.2.0.jar;C:\Users\kakit\.m2\repository\org\springframework\security\spring-security-core\6.2.0\spring-security-core-6.2.0.jar;C:\Users\kakit\.m2\repository\org\springframework\security\spring-security-crypto\6.2.0\spring-security-crypto-6.2.0.jar;C:\Users\kakit\.m2\repository\org\springframework\spring-context\6.1.1\spring-context-6.1.1.jar;C:\Users\kakit\.m2\repository\org\springframework\security\spring-security-web\6.2.0\spring-security-web-6.2.0.jar;C:\Users\kakit\.m2\repository\org\springframework\spring-expression\6.1.1\spring-expression-6.1.1.jar;C:\Users\kakit\.m2\repository\org\springframework\boot\spring-boot-starter-thymeleaf\3.2.0\spring-boot-starter-thymeleaf-3.2.0.jar;C:\Users\kakit\.m2\repository\org\thymeleaf\thymeleaf-spring6\3.1.2.RELEASE\thymeleaf-spring6-3.1.2.RELEASE.jar;C:\Users\kakit\.m2\repository\org\springframework\boot\spring-boot-starter-web\3.2.0\spring-boot-starter-web-3.2.0.jar;C:\Users\kakit\.m2\repository\org\springframework\boot\spring-boot-starter-json\3.2.0\spring-boot-starter-json-3.2.0.jar;C:\Users\kakit\.m2\repository\com\fasterxml\jackson\core\jackson-databind\2.15.3\jackson-databind-2.15.3.jar;C:\Users\kakit\.m2\repository\com\fasterxml\jackson\datatype\jackson-datatype-jdk8\2.15.3\jackson-datatype-jdk8-2.15.3.jar;C:\Users\kakit\.m2\repository\com\fasterxml\jackson\datatype\jackson-datatype-jsr310\2.15.3\jackson-datatype-jsr310-2.15.3.jar;C:\Users\kakit\.m2\repository\com\fasterxml\jackson\module\jackson-module-parameter-names\2.15.3\jackson-module-parameter-names-2.15.3.jar;C:\Users\kakit\.m2\repository\org\springframework\spring-web\6.1.1\spring-web-6.1.1.jar;C:\Users\kakit\.m2\repository\io\micrometer\micrometer-observation\1.12.0\micrometer-observation-1.12.0.jar;C:\Users\kakit\.m2\repository\io\micrometer\micrometer-commons\1.12.0\micrometer-commons-1.12.0.jar;C:\Users\kakit\.m2\repository\org\springframework\spring-webmvc\6.1.1\spring-webmvc-6.1.1.jar;C:\Users\kakit\.m2\repository\org\springframework\boot\spring-boot-starter-validation\3.2.0\spring-boot-starter-validation-3.2.0.jar;C:\Users\kakit\.m2\repository\org\apache\tomcat\embed\tomcat-embed-el\10.1.16\tomcat-embed-el-10.1.16.jar;C:\Users\kakit\.m2\repository\org\hibernate\validator\hibernate-validator\8.0.1.Final\hibernate-validator-8.0.1.Final.jar;C:\Users\kakit\.m2\repository\jakarta\validation\jakarta.validation-api\3.0.2\jakarta.validation-api-3.0.2.jar;C:\Users\kakit\.m2\repository\org\jboss\logging\jboss-logging\3.5.3.Final\jboss-logging-3.5.3.Final.jar;C:\Users\kakit\.m2\repository\com\fasterxml\classmate\1.6.0\classmate-1.6.0.jar;C:\Users\kakit\.m2\repository\org\springframework\boot\spring-boot-starter-jdbc\3.2.0\spring-boot-starter-jdbc-3.2.0.jar;C:\Users\kakit\.m2\repository\org\springframework\spring-jdbc\6.1.1\spring-jdbc-6.1.1.jar;C:\Users\kakit\.m2\repository\org\springframework\spring-tx\6.1.1\spring-tx-6.1.1.jar;C:\Users\kakit\.m2\repository\nz\net\ultraq\thymeleaf\thymeleaf-layout-dialect\3.3.0\thymeleaf-layout-dialect-3.3.0.jar;C:\Users\kakit\.m2\repository\org\apache\groovy\groovy\4.0.15\groovy-4.0.15.jar;C:\Users\kakit\.m2\repository\nz\net\ultraq\groovy\groovy-extensions\2.1.0\groovy-extensions-2.1.0.jar;C:\Users\kakit\.m2\repository\nz\net\ultraq\thymeleaf\thymeleaf-expression-processor\3.2.0\thymeleaf-expression-processor-3.2.0.jar;C:\Users\kakit\.m2\repository\org\thymeleaf\thymeleaf\3.1.2.RELEASE\thymeleaf-3.1.2.RELEASE.jar;C:\Users\kakit\.m2\repository\ognl\ognl\3.3.4\ognl-3.3.4.jar;C:\Users\kakit\.m2\repository\org\attoparser\attoparser\2.0.7.RELEASE\attoparser-2.0.7.RELEASE.jar;C:\Users\kakit\.m2\repository\org\unbescape\unbescape\1.1.6.RELEASE\unbescape-1.1.6.RELEASE.jar;C:\Users\kakit\.m2\repository\org\slf4j\slf4j-api\2.0.9\slf4j-api-2.0.9.jar;C:\Users\kakit\.m2\repository\eu\europa\ec\joinup\sd-dss\dss-service\6.0\dss-service-6.0.jar;C:\Users\kakit\.m2\repository\eu\europa\ec\joinup\sd-dss\dss-spi\6.0\dss-spi-6.0.jar;C:\Users\kakit\.m2\repository\eu\europa\ec\joinup\sd-dss\dss-alert\6.0\dss-alert-6.0.jar;C:\Users\kakit\.m2\repository\org\bouncycastle\bcpkix-jdk18on\1.76\bcpkix-jdk18on-1.76.jar;C:\Users\kakit\.m2\repository\org\bouncycastle\bcutil-jdk18on\1.76\bcutil-jdk18on-1.76.jar;C:\Users\kakit\.m2\repository\org\apache\httpcomponents\client5\httpclient5\5.3\httpclient5-5.3.jar;C:\Users\kakit\.m2\repository\org\apache\httpcomponents\core5\httpcore5\5.2.3\httpcore5-5.2.3.jar;C:\Users\kakit\.m2\repository\org\apache\httpcomponents\core5\httpcore5-h2\5.2.3\httpcore5-h2-5.2.3.jar;C:\Users\kakit\.m2\repository\eu\europa\ec\joinup\sd-dss\dss-tsl-validation\6.0\dss-tsl-validation-6.0.jar;C:\Users\kakit\.m2\repository\eu\europa\ec\joinup\sd-dss\specs-trusted-list\6.0\specs-trusted-list-6.0.jar;C:\Users\kakit\.m2\repository\eu\europa\ec\joinup\sd-dss\specs-xmldsig\6.0\specs-xmldsig-6.0.jar;C:\Users\kakit\.m2\repository\eu\europa\ec\joinup\sd-dss\specs-xades\6.0\specs-xades-6.0.jar;C:\Users\kakit\.m2\repository\eu\europa\ec\joinup\sd-dss\dss-jaxb-parsers\6.0\dss-jaxb-parsers-6.0.jar;C:\Users\kakit\.m2\repository\eu\europa\ec\joinup\sd-dss\dss-xades\6.0\dss-xades-6.0.jar;C:\Users\kakit\.m2\repository\eu\europa\ec\joinup\sd-dss\dss-document\6.0\dss-document-6.0.jar;C:\Users\kakit\.m2\repository\eu\europa\ec\joinup\sd-dss\validation-policy\6.0\validation-policy-6.0.jar;C:\Users\kakit\.m2\repository\eu\europa\ec\joinup\sd-dss\dss-policy-jaxb\6.0\dss-policy-jaxb-6.0.jar;C:\Users\kakit\.m2\repository\eu\europa\ec\joinup\sd-dss\dss-i18n\6.0\dss-i18n-6.0.jar;C:\Users\kakit\.m2\repository\eu\europa\ec\joinup\sd-dss\dss-utils-google-guava\6.0\dss-utils-google-guava-6.0.jar;C:\Users\kakit\.m2\repository\eu\europa\ec\joinup\sd-dss\dss-utils\6.0\dss-utils-6.0.jar;C:\Users\kakit\.m2\repository\com\google\guava\guava\32.1.3-jre\guava-32.1.3-jre.jar;C:\Users\kakit\.m2\repository\com\google\guava\failureaccess\1.0.1\failureaccess-1.0.1.jar;C:\Users\kakit\.m2\repository\com\google\guava\listenablefuture\9999.0-empty-to-avoid-conflict-with-guava\listenablefuture-9999.0-empty-to-avoid-conflict-with-guava.jar;C:\Users\kakit\.m2\repository\com\google\code\findbugs\jsr305\3.0.2\jsr305-3.0.2.jar;C:\Users\kakit\.m2\repository\org\checkerframework\checker-qual\3.37.0\checker-qual-3.37.0.jar;C:\Users\kakit\.m2\repository\com\google\errorprone\error_prone_annotations\2.21.1\error_prone_annotations-2.21.1.jar;C:\Users\kakit\.m2\repository\com\google\j2objc\j2objc-annotations\2.8\j2objc-annotations-2.8.jar;C:\Users\kakit\.m2\repository\eu\europa\ec\joinup\sd-dss\dss-crl-parser-stream\6.0\dss-crl-parser-stream-6.0.jar;C:\Users\kakit\.m2\repository\eu\europa\ec\joinup\sd-dss\dss-crl-parser\6.0\dss-crl-parser-6.0.jar;C:\Users\kakit\.m2\repository\org\bouncycastle\bcprov-jdk18on\1.76\bcprov-jdk18on-1.76.jar;C:\Users\kakit\.m2\repository\eu\europa\ec\joinup\sd-dss\dss-signature-soap\6.0\dss-signature-soap-6.0.jar;C:\Users\kakit\.m2\repository\eu\europa\ec\joinup\sd-dss\dss-signature-soap-client\6.0\dss-signature-soap-client-6.0.jar;C:\Users\kakit\.m2\repository\eu\europa\ec\joinup\sd-dss\dss-signature-dto\6.0\dss-signature-dto-6.0.jar;C:\Users\kakit\.m2\repository\eu\europa\ec\joinup\sd-dss\dss-common-remote-dto\6.0\dss-common-remote-dto-6.0.jar;C:\Users\kakit\.m2\repository\eu\europa\ec\joinup\sd-dss\dss-signature-remote\6.0\dss-signature-remote-6.0.jar;C:\Users\kakit\.m2\repository\eu\europa\ec\joinup\sd-dss\dss-common-remote-converter\6.0\dss-common-remote-converter-6.0.jar;C:\Users\kakit\.m2\repository\eu\europa\ec\joinup\sd-dss\dss-cades\6.0\dss-cades-6.0.jar;C:\Users\kakit\.m2\repository\eu\europa\ec\joinup\sd-dss\dss-jades\6.0\dss-jades-6.0.jar;C:\Users\kakit\.m2\repository\eu\europa\ec\joinup\sd-dss\specs-jades\6.0\specs-jades-6.0.jar;C:\Users\kakit\.m2\repository\eu\europa\ec\joinup\sd-dss\specs-jws\6.0\specs-jws-6.0.jar;C:\Users\kakit\.m2\repository\com\github\erosb\everit-json-schema\1.14.3\everit-json-schema-1.14.3.jar;C:\Users\kakit\.m2\repository\org\json\json\20231013\json-20231013.jar;C:\Users\kakit\.m2\repository\commons-validator\commons-validator\1.7\commons-validator-1.7.jar;C:\Users\kakit\.m2\repository\commons-digester\commons-digester\2.1\commons-digester-2.1.jar;C:\Users\kakit\.m2\repository\commons-collections\commons-collections\3.2.2\commons-collections-3.2.2.jar;C:\Users\kakit\.m2\repository\com\damnhandy\handy-uri-templates\2.1.8\handy-uri-templates-2.1.8.jar;C:\Users\kakit\.m2\repository\joda-time\joda-time\2.10.2\joda-time-2.10.2.jar;C:\Users\kakit\.m2\repository\com\google\re2j\re2j\1.6\re2j-1.6.jar;C:\Users\kakit\.m2\repository\org\bitbucket\b_c\jose4j\0.9.4\jose4j-0.9.4.jar;C:\Users\kakit\.m2\repository\eu\europa\ec\joinup\sd-dss\dss-asic-cades\6.0\dss-asic-cades-6.0.jar;C:\Users\kakit\.m2\repository\eu\europa\ec\joinup\sd-dss\dss-asic-common\6.0\dss-asic-common-6.0.jar;C:\Users\kakit\.m2\repository\eu\europa\ec\joinup\sd-dss\specs-asic-manifest\6.0\specs-asic-manifest-6.0.jar;C:\Users\kakit\.m2\repository\eu\europa\ec\joinup\sd-dss\dss-asic-xades\6.0\dss-asic-xades-6.0.jar;C:\Users\kakit\.m2\repository\eu\europa\ec\joinup\sd-dss\dss-validation-soap\6.0\dss-validation-soap-6.0.jar;C:\Users\kakit\.m2\repository\eu\europa\ec\joinup\sd-dss\dss-validation-soap-client\6.0\dss-validation-soap-client-6.0.jar;C:\Users\kakit\.m2\repository\eu\europa\ec\joinup\sd-dss\dss-validation-dto\6.0\dss-validation-dto-6.0.jar;C:\Users\kakit\.m2\repository\eu\europa\ec\joinup\sd-dss\dss-diagnostic-jaxb\6.0\dss-diagnostic-jaxb-6.0.jar;C:\Users\kakit\.m2\repository\eu\europa\ec\joinup\sd-dss\dss-simple-report-jaxb\6.0\dss-simple-report-jaxb-6.0.jar;C:\Users\kakit\.m2\repository\eu\europa\ec\joinup\sd-dss\dss-detailed-report-jaxb\6.0\dss-detailed-report-jaxb-6.0.jar;C:\Users\kakit\.m2\repository\eu\europa\ec\joinup\sd-dss\specs-validation-report\6.0\specs-validation-report-6.0.jar;C:\Users\kakit\.m2\repository\eu\europa\ec\joinup\sd-dss\dss-validation-server-common\6.0\dss-validation-server-common-6.0.jar;C:\Users\kakit\.m2\repository\eu\europa\ec\joinup\sd-dss\dss-certificate-validation-soap\6.0\dss-certificate-validation-soap-6.0.jar;C:\Users\kakit\.m2\repository\eu\europa\ec\joinup\sd-dss\dss-certificate-validation-common\6.0\dss-certificate-validation-common-6.0.jar;C:\Users\kakit\.m2\repository\eu\europa\ec\joinup\sd-dss\dss-certificate-validation-dto\6.0\dss-certificate-validation-dto-6.0.jar;C:\Users\kakit\.m2\repository\eu\europa\ec\joinup\sd-dss\dss-simple-certificate-report-jaxb\6.0\dss-simple-certificate-report-jaxb-6.0.jar;C:\Users\kakit\.m2\repository\eu\europa\ec\joinup\sd-dss\dss-certificate-validation-soap-client\6.0\dss-certificate-validation-soap-client-6.0.jar;C:\Users\kakit\.m2\repository\eu\europa\ec\joinup\sd-dss\dss-server-signing-soap\6.0\dss-server-signing-soap-6.0.jar;C:\Users\kakit\.m2\repository\eu\europa\ec\joinup\sd-dss\dss-server-signing-common\6.0\dss-server-signing-common-6.0.jar;C:\Users\kakit\.m2\repository\eu\europa\ec\joinup\sd-dss\dss-server-signing-dto\6.0\dss-server-signing-dto-6.0.jar;C:\Users\kakit\.m2\repository\eu\europa\ec\joinup\sd-dss\dss-server-signing-soap-client\6.0\dss-server-signing-soap-client-6.0.jar;C:\Users\kakit\.m2\repository\eu\europa\ec\joinup\sd-dss\dss-timestamp-remote-soap\6.0\dss-timestamp-remote-soap-6.0.jar;C:\Users\kakit\.m2\repository\eu\europa\ec\joinup\sd-dss\dss-timestamp-remote\6.0\dss-timestamp-remote-6.0.jar;C:\Users\kakit\.m2\repository\eu\europa\ec\joinup\sd-dss\dss-timestamp-dto\6.0\dss-timestamp-dto-6.0.jar;C:\Users\kakit\.m2\repository\eu\europa\ec\joinup\sd-dss\dss-timestamp-remote-soap-client\6.0\dss-timestamp-remote-soap-client-6.0.jar;C:\Users\kakit\.m2\repository\eu\europa\ec\joinup\sd-dss\dss-pades-pdfbox\6.0\dss-pades-pdfbox-6.0.jar;C:\Users\kakit\.m2\repository\eu\europa\ec\joinup\sd-dss\dss-pades\6.0\dss-pades-6.0.jar;C:\Users\kakit\.m2\repository\org\apache\pdfbox\pdfbox\2.0.30\pdfbox-2.0.30.jar;C:\Users\kakit\.m2\repository\org\apache\pdfbox\fontbox\2.0.30\fontbox-2.0.30.jar;C:\Users\kakit\.m2\repository\eu\europa\ec\joinup\sd-dss\dss-signature-rest\6.0\dss-signature-rest-6.0.jar;C:\Users\kakit\.m2\repository\eu\europa\ec\joinup\sd-dss\dss-signature-rest-client\6.0\dss-signature-rest-client-6.0.jar;C:\Users\kakit\.m2\repository\jakarta\ws\rs\jakarta.ws.rs-api\3.1.0\jakarta.ws.rs-api-3.1.0.jar;C:\Users\kakit\.m2\repository\eu\europa\ec\joinup\sd-dss\dss-validation-rest\6.0\dss-validation-rest-6.0.jar;C:\Users\kakit\.m2\repository\eu\europa\ec\joinup\sd-dss\dss-validation-rest-client\6.0\dss-validation-rest-client-6.0.jar;C:\Users\kakit\.m2\repository\eu\europa\ec\joinup\sd-dss\dss-certificate-validation-rest\6.0\dss-certificate-validation-rest-6.0.jar;C:\Users\kakit\.m2\repository\eu\europa\ec\joinup\sd-dss\dss-certificate-validation-rest-client\6.0\dss-certificate-validation-rest-client-6.0.jar;C:\Users\kakit\.m2\repository\eu\europa\ec\joinup\sd-dss\dss-server-signing-rest\6.0\dss-server-signing-rest-6.0.jar;C:\Users\kakit\.m2\repository\eu\europa\ec\joinup\sd-dss\dss-server-signing-rest-client\6.0\dss-server-signing-rest-client-6.0.jar;C:\Users\kakit\.m2\repository\eu\europa\ec\joinup\sd-dss\dss-timestamp-remote-rest\6.0\dss-timestamp-remote-rest-6.0.jar;C:\Users\kakit\.m2\repository\eu\europa\ec\joinup\sd-dss\dss-timestamp-remote-rest-client\6.0\dss-timestamp-remote-rest-client-6.0.jar;C:\Users\kakit\.m2\repository\eu\europa\ec\joinup\sd-dss\dss-token\6.0\dss-token-6.0.jar;C:\Users\kakit\.m2\repository\eu\europa\ec\joinup\sd-dss\dss-model\6.0\dss-model-6.0.jar;C:\Users\kakit\.m2\repository\eu\europa\ec\joinup\sd-dss\dss-enumerations\6.0\dss-enumerations-6.0.jar;C:\Users\kakit\.m2\repository\eu\europa\ec\joinup\sd-dss\dss-evidence-record-xml\6.0\dss-evidence-record-xml-6.0.jar;C:\Users\kakit\.m2\repository\eu\europa\ec\joinup\sd-dss\dss-evidence-record-common\6.0\dss-evidence-record-common-6.0.jar;C:\Users\kakit\.m2\repository\eu\europa\ec\joinup\sd-dss\specs-xmlers\6.0\specs-xmlers-6.0.jar;C:\Users\kakit\.m2\repository\eu\europa\ec\joinup\sd-dss\dss-jaxb-common\6.0\dss-jaxb-common-6.0.jar;C:\Users\kakit\.m2\repository\eu\europa\ec\joinup\sd-dss\dss-xml-utils\6.0\dss-xml-utils-6.0.jar;C:\Users\kakit\.m2\repository\eu\europa\ec\joinup\sd-dss\dss-xml-common\6.0\dss-xml-common-6.0.jar;C:\Users\kakit\.m2\repository\org\apache\santuario\xmlsec\3.0.3\xmlsec-3.0.3.jar;C:\Users\kakit\.m2\repository\commons-codec\commons-codec\1.16.0\commons-codec-1.16.0.jar;C:\Users\kakit\.m2\repository\org\apache\cxf\cxf-rt-rs-service-description\4.0.3\cxf-rt-rs-service-description-4.0.3.jar;C:\Users\kakit\.m2\repository\org\apache\cxf\cxf-rt-frontend-jaxrs\4.0.3\cxf-rt-frontend-jaxrs-4.0.3.jar;C:\Users\kakit\.m2\repository\org\apache\cxf\cxf-rt-security\4.0.3\cxf-rt-security-4.0.3.jar;C:\Users\kakit\.m2\repository\org\apache\cxf\cxf-rt-features-logging\4.0.3\cxf-rt-features-logging-4.0.3.jar;C:\Users\kakit\.m2\repository\jakarta\xml\ws\jakarta.xml.ws-api\3.0.1\jakarta.xml.ws-api-3.0.1.jar;C:\Users\kakit\.m2\repository\jakarta\xml\soap\jakarta.xml.soap-api\3.0.1\jakarta.xml.soap-api-3.0.1.jar;C:\Users\kakit\.m2\repository\jakarta\jws\jakarta.jws-api\3.0.0\jakarta.jws-api-3.0.0.jar;C:\Users\kakit\.m2\repository\org\apache\cxf\cxf-core\4.0.3\cxf-core-4.0.3.jar;C:\Users\kakit\.m2\repository\com\fasterxml\woodstox\woodstox-core\6.5.1\woodstox-core-6.5.1.jar;C:\Users\kakit\.m2\repository\org\codehaus\woodstox\stax2-api\4.2.1\stax2-api-4.2.1.jar;C:\Users\kakit\.m2\repository\org\apache\ws\xmlschema\xmlschema-core\2.3.1\xmlschema-core-2.3.1.jar;C:\Users\kakit\.m2\repository\org\apache\cxf\cxf-rt-rs-service-description-openapi-v3\4.0.3\cxf-rt-rs-service-description-openapi-v3-4.0.3.jar;C:\Users\kakit\.m2\repository\org\apache\cxf\cxf-rt-rs-service-description-common-openapi\4.0.3\cxf-rt-rs-service-description-common-openapi-4.0.3.jar;C:\Users\kakit\.m2\repository\org\apache\cxf\cxf-rt-rs-service-description-swagger-ui\4.0.3\cxf-rt-rs-service-description-swagger-ui-4.0.3.jar;C:\Users\kakit\.m2\repository\io\swagger\core\v3\swagger-jaxrs2-jakarta\2.2.15\swagger-jaxrs2-jakarta-2.2.15.jar;C:\Users\kakit\.m2\repository\io\github\classgraph\classgraph\4.8.154\classgraph-4.8.154.jar;C:\Users\kakit\.m2\repository\org\javassist\javassist\3.29.2-GA\javassist-3.29.2-GA.jar;C:\Users\kakit\.m2\repository\io\swagger\core\v3\swagger-models-jakarta\2.2.15\swagger-models-jakarta-2.2.15.jar;C:\Users\kakit\.m2\repository\io\swagger\core\v3\swagger-annotations-jakarta\2.2.15\swagger-annotations-jakarta-2.2.15.jar;C:\Users\kakit\.m2\repository\io\swagger\core\v3\swagger-integration-jakarta\2.2.15\swagger-integration-jakarta-2.2.15.jar;C:\Users\kakit\.m2\repository\io\swagger\core\v3\swagger-core-jakarta\2.2.15\swagger-core-jakarta-2.2.15.jar;C:\Users\kakit\.m2\repository\org\apache\commons\commons-lang3\3.13.0\commons-lang3-3.13.0.jar;C:\Users\kakit\.m2\repository\com\fasterxml\jackson\dataformat\jackson-dataformat-yaml\2.15.3\jackson-dataformat-yaml-2.15.3.jar;C:\Users\kakit\.m2\repository\org\apache\cxf\cxf-rt-transports-http\4.0.3\cxf-rt-transports-http-4.0.3.jar;C:\Users\kakit\.m2\repository\org\apache\cxf\cxf-rt-frontend-jaxws\4.0.3\cxf-rt-frontend-jaxws-4.0.3.jar;C:\Users\kakit\.m2\repository\xml-resolver\xml-resolver\1.2\xml-resolver-1.2.jar;C:\Users\kakit\.m2\repository\org\ow2\asm\asm\9.5\asm-9.5.jar;C:\Users\kakit\.m2\repository\org\apache\cxf\cxf-rt-bindings-soap\4.0.3\cxf-rt-bindings-soap-4.0.3.jar;C:\Users\kakit\.m2\repository\org\apache\cxf\cxf-rt-wsdl\4.0.3\cxf-rt-wsdl-4.0.3.jar;C:\Users\kakit\.m2\repository\wsdl4j\wsdl4j\1.6.3\wsdl4j-1.6.3.jar;C:\Users\kakit\.m2\repository\org\apache\cxf\cxf-rt-databinding-jaxb\4.0.3\cxf-rt-databinding-jaxb-4.0.3.jar;C:\Users\kakit\.m2\repository\org\apache\cxf\cxf-rt-bindings-xml\4.0.3\cxf-rt-bindings-xml-4.0.3.jar;C:\Users\kakit\.m2\repository\org\apache\cxf\cxf-rt-frontend-simple\4.0.3\cxf-rt-frontend-simple-4.0.3.jar;C:\Users\kakit\.m2\repository\org\eclipse\angus\angus-mail\2.0.2\angus-mail-2.0.2.jar;C:\Users\kakit\.m2\repository\jakarta\mail\jakarta.mail-api\2.1.2\jakarta.mail-api-2.1.2.jar;C:\Users\kakit\.m2\repository\org\apache\cxf\cxf-rt-ws-addr\4.0.3\cxf-rt-ws-addr-4.0.3.jar;C:\Users\kakit\.m2\repository\org\apache\cxf\cxf-rt-ws-policy\4.0.3\cxf-rt-ws-policy-4.0.3.jar;C:\Users\kakit\.m2\repository\org\apache\neethi\neethi\3.2.0\neethi-3.2.0.jar;C:\Users\kakit\.m2\repository\org\eclipse\angus\angus-activation\2.0.1\angus-activation-2.0.1.jar;C:\Users\kakit\.m2\repository\jakarta\activation\jakarta.activation-api\2.1.2\jakarta.activation-api-2.1.2.jar;C:\Users\kakit\.m2\repository\com\fasterxml\jackson\jakarta\rs\jackson-jakarta-rs-json-provider\2.16.0\jackson-jakarta-rs-json-provider-2.16.0.jar;C:\Users\kakit\.m2\repository\com\fasterxml\jackson\jakarta\rs\jackson-jakarta-rs-base\2.15.3\jackson-jakarta-rs-base-2.15.3.jar;C:\Users\kakit\.m2\repository\com\fasterxml\jackson\core\jackson-core\2.15.3\jackson-core-2.15.3.jar;C:\Users\kakit\.m2\repository\com\fasterxml\jackson\module\jackson-module-jakarta-xmlbind-annotations\2.16.0\jackson-module-jakarta-xmlbind-annotations-2.16.0.jar;C:\Users\kakit\.m2\repository\com\fasterxml\jackson\core\jackson-annotations\2.15.3\jackson-annotations-2.15.3.jar;C:\Users\kakit\.m2\repository\org\hsqldb\hsqldb\2.5.2\hsqldb-2.5.2.jar;C:\Users\kakit\.m2\repository\com\zaxxer\HikariCP\4.0.3\HikariCP-4.0.3.jar;C:\Users\kakit\.m2\repository\commons-io\commons-io\2.15.1\commons-io-2.15.1.jar;C:\Users\kakit\.m2\repository\org\freemarker\freemarker\2.3.32\freemarker-2.3.32.jar;C:\Users\kakit\.m2\repository\org\apache\xmlgraphics\fop-core\2.9\fop-core-2.9.jar;C:\Users\kakit\.m2\repository\org\apache\xmlgraphics\batik-anim\1.17\batik-anim-1.17.jar;C:\Users\kakit\.m2\repository\org\apache\xmlgraphics\batik-css\1.17\batik-css-1.17.jar;C:\Users\kakit\.m2\repository\org\apache\xmlgraphics\batik-dom\1.17\batik-dom-1.17.jar;C:\Users\kakit\.m2\repository\org\apache\xmlgraphics\batik-ext\1.17\batik-ext-1.17.jar;C:\Users\kakit\.m2\repository\org\apache\xmlgraphics\batik-parser\1.17\batik-parser-1.17.jar;C:\Users\kakit\.m2\repository\org\apache\xmlgraphics\batik-shared-resources\1.17\batik-shared-resources-1.17.jar;C:\Users\kakit\.m2\repository\org\apache\xmlgraphics\batik-svg-dom\1.17\batik-svg-dom-1.17.jar;C:\Users\kakit\.m2\repository\org\apache\xmlgraphics\batik-util\1.17\batik-util-1.17.jar;C:\Users\kakit\.m2\repository\org\apache\xmlgraphics\batik-constants\1.17\batik-constants-1.17.jar;C:\Users\kakit\.m2\repository\org\apache\xmlgraphics\batik-i18n\1.17\batik-i18n-1.17.jar;C:\Users\kakit\.m2\repository\xml-apis\xml-apis-ext\1.3.04\xml-apis-ext-1.3.04.jar;C:\Users\kakit\.m2\repository\org\apache\xmlgraphics\batik-awt-util\1.17\batik-awt-util-1.17.jar;C:\Users\kakit\.m2\repository\org\apache\xmlgraphics\batik-bridge\1.17\batik-bridge-1.17.jar;C:\Users\kakit\.m2\repository\org\apache\xmlgraphics\batik-script\1.17\batik-script-1.17.jar;C:\Users\kakit\.m2\repository\org\apache\xmlgraphics\batik-xml\1.17\batik-xml-1.17.jar;C:\Users\kakit\.m2\repository\org\apache\xmlgraphics\batik-extension\1.17\batik-extension-1.17.jar;C:\Users\kakit\.m2\repository\org\apache\xmlgraphics\batik-gvt\1.17\batik-gvt-1.17.jar;C:\Users\kakit\.m2\repository\org\apache\xmlgraphics\batik-transcoder\1.17\batik-transcoder-1.17.jar;C:\Users\kakit\.m2\repository\org\apache\xmlgraphics\batik-svggen\1.17\batik-svggen-1.17.jar;C:\Users\kakit\.m2\repository\org\apache\xmlgraphics\batik-codec\1.17\batik-codec-1.17.jar;C:\Users\kakit\.m2\repository\org\apache\xmlgraphics\fop-events\2.9\fop-events-2.9.jar;C:\Users\kakit\.m2\repository\com\thoughtworks\qdox\qdox\1.12\qdox-1.12.jar;C:\Users\kakit\.m2\repository\org\apache\xmlgraphics\fop-util\2.9\fop-util-2.9.jar;C:\Users\kakit\.m2\repository\org\apache\xmlgraphics\xmlgraphics-commons\2.9\xmlgraphics-commons-2.9.jar;C:\Users\kakit\.m2\repository\org\glassfish\jaxb\jaxb-runtime\3.0.2\jaxb-runtime-3.0.2.jar;C:\Users\kakit\.m2\repository\com\sun\activation\jakarta.activation\2.0.1\jakarta.activation-2.0.1.jar;C:\Users\kakit\.m2\repository\org\glassfish\jaxb\jaxb-core\3.0.2\jaxb-core-3.0.2.jar;C:\Users\kakit\.m2\repository\org\glassfish\jaxb\txw2\4.0.4\txw2-4.0.4.jar;C:\Users\kakit\.m2\repository\com\sun\istack\istack-commons-runtime\4.1.2\istack-commons-runtime-4.1.2.jar;C:\Users\kakit\.m2\repository\org\webjars\swagger-ui\5.10.3\swagger-ui-5.10.3.jar;C:\Users\kakit\.m2\repository\org\webjars\bootstrap\4.6.2\bootstrap-4.6.2.jar;C:\Users\kakit\.m2\repository\org\webjars\popper.js\1.16.0\popper.js-1.16.0.jar;C:\Users\kakit\.m2\repository\org\webjars\jquery\3.7.1\jquery-3.7.1.jar;C:\Users\kakit\.m2\repository\org\webjars\font-awesome\4.7.0\font-awesome-4.7.0.jar;C:\Users\kakit\.m2\repository\org\webjars\highlightjs\11.5.0\highlightjs-11.5.0.jar;C:\Users\kakit\.m2\repository\org\springframework\boot\spring-boot-starter-test\3.2.0\spring-boot-starter-test-3.2.0.jar;C:\Users\kakit\.m2\repository\org\springframework\boot\spring-boot-test\3.2.0\spring-boot-test-3.2.0.jar;C:\Users\kakit\.m2\repository\org\springframework\boot\spring-boot-test-autoconfigure\3.2.0\spring-boot-test-autoconfigure-3.2.0.jar;C:\Users\kakit\.m2\repository\com\jayway\jsonpath\json-path\2.8.0\json-path-2.8.0.jar;C:\Users\kakit\.m2\repository\jakarta\xml\bind\jakarta.xml.bind-api\3.0.1\jakarta.xml.bind-api-3.0.1.jar;C:\Users\kakit\.m2\repository\net\minidev\json-smart\2.5.0\json-smart-2.5.0.jar;C:\Users\kakit\.m2\repository\net\minidev\accessors-smart\2.5.0\accessors-smart-2.5.0.jar;C:\Users\kakit\.m2\repository\org\assertj\assertj-core\3.24.2\assertj-core-3.24.2.jar;C:\Users\kakit\.m2\repository\net\bytebuddy\byte-buddy\1.14.10\byte-buddy-1.14.10.jar;C:\Users\kakit\.m2\repository\org\awaitility\awaitility\4.2.0\awaitility-4.2.0.jar;C:\Users\kakit\.m2\repository\org\hamcrest\hamcrest\2.2\hamcrest-2.2.jar;C:\Users\kakit\.m2\repository\org\junit\jupiter\junit-jupiter\5.10.1\junit-jupiter-5.10.1.jar;C:\Users\kakit\.m2\repository\org\junit\jupiter\junit-jupiter-api\5.10.1\junit-jupiter-api-5.10.1.jar;C:\Users\kakit\.m2\repository\org\opentest4j\opentest4j\1.3.0\opentest4j-1.3.0.jar;C:\Users\kakit\.m2\repository\org\junit\platform\junit-platform-commons\1.10.1\junit-platform-commons-1.10.1.jar;C:\Users\kakit\.m2\repository\org\apiguardian\apiguardian-api\1.1.2\apiguardian-api-1.1.2.jar;C:\Users\kakit\.m2\repository\org\junit\jupiter\junit-jupiter-params\5.10.1\junit-jupiter-params-5.10.1.jar;C:\Users\kakit\.m2\repository\org\junit\jupiter\junit-jupiter-engine\5.10.1\junit-jupiter-engine-5.10.1.jar;C:\Users\kakit\.m2\repository\org\junit\platform\junit-platform-engine\1.10.1\junit-platform-engine-1.10.1.jar;C:\Users\kakit\.m2\repository\org\mockito\mockito-core\4.11.0\mockito-core-4.11.0.jar;C:\Users\kakit\.m2\repository\net\bytebuddy\byte-buddy-agent\1.14.10\byte-buddy-agent-1.14.10.jar;C:\Users\kakit\.m2\repository\org\objenesis\objenesis\3.3\objenesis-3.3.jar;C:\Users\kakit\.m2\repository\org\mockito\mockito-junit-jupiter\5.7.0\mockito-junit-jupiter-5.7.0.jar;C:\Users\kakit\.m2\repository\org\skyscreamer\jsonassert\1.5.1\jsonassert-1.5.1.jar;C:\Users\kakit\.m2\repository\com\vaadin\external\google\android-json\0.0.20131108.vaadin1\android-json-0.0.20131108.vaadin1.jar;C:\Users\kakit\.m2\repository\org\springframework\spring-core\6.1.1\spring-core-6.1.1.jar;C:\Users\kakit\.m2\repository\org\springframework\spring-jcl\6.1.1\spring-jcl-6.1.1.jar;C:\Users\kakit\.m2\repository\org\springframework\spring-test\6.1.1\spring-test-6.1.1.jar;C:\Users\kakit\.m2\repository\org\xmlunit\xmlunit-core\2.9.1\xmlunit-core-2.9.1.jar;C:\Users\kakit\.m2\repository\org\apache\cxf\cxf-rt-rs-client\4.0.3\cxf-rt-rs-client-4.0.3.jar;C:\Users\kakit\.m2\repository\org\springframework\boot\spring-boot-starter-tomcat\3.2.0\spring-boot-starter-tomcat-3.2.0.jar;C:\Users\kakit\.m2\repository\jakarta\annotation\jakarta.annotation-api\2.1.1\jakarta.annotation-api-2.1.1.jar;C:\Users\kakit\.m2\repository\org\apache\tomcat\embed\tomcat-embed-core\10.1.16\tomcat-embed-core-10.1.16.jar;C:\Users\kakit\.m2\repository\org\apache\tomcat\embed\tomcat-embed-websocket\10.1.16\tomcat-embed-websocket-10.1.16.jar;"/>
    <property name="sun.awt.enableExtraMouseButtons" value="true"/>
    <property name="java.vm.vendor" value="Oracle Corporation"/>
    <property name="sun.arch.data.model" value="64"/>
    <property name="user.variant" value=""/>
    <property name="java.vendor.url" value="https://java.oracle.com/"/>
    <property name="user.timezone" value="America/Buenos_Aires"/>
    <property name="org.jboss.logging.provider" value="slf4j"/>
    <property name="os.name" value="Windows 11"/>
    <property name="java.vm.specification.version" value="21"/>
    <property name="sun.java.launcher" value="SUN_STANDARD"/>
    <property name="user.country" value="AR"/>
    <property name="sun.boot.library.path" value="C:\Program Files\Java\jdk-21\bin"/>
    <property name="sun.java.command" value="C:\Users\kakit\AppData\Local\Temp\surefire7028011591344219506\surefirebooter-20240411110639894_3.jar C:\Users\kakit\AppData\Local\Temp\surefire7028011591344219506 2024-04-11T11-06-39_703-jvmRun1 surefire-20240411110639894_1tmp surefire_0-20240411110639894_2tmp"/>
    <property name="jdk.debug" value="release"/>
    <property name="surefire.test.class.path" value="C:\Users\kakit\Downloads\dss-demonstrations\dss-demo-webapp\target\test-classes;C:\Users\kakit\Downloads\dss-demonstrations\dss-demo-webapp\target\classes;C:\Users\kakit\.m2\repository\org\springframework\boot\spring-boot-starter-security\3.2.0\spring-boot-starter-security-3.2.0.jar;C:\Users\kakit\.m2\repository\org\springframework\boot\spring-boot-starter\3.2.0\spring-boot-starter-3.2.0.jar;C:\Users\kakit\.m2\repository\org\springframework\boot\spring-boot\3.2.0\spring-boot-3.2.0.jar;C:\Users\kakit\.m2\repository\org\springframework\boot\spring-boot-autoconfigure\3.2.0\spring-boot-autoconfigure-3.2.0.jar;C:\Users\kakit\.m2\repository\org\springframework\boot\spring-boot-starter-logging\3.2.0\spring-boot-starter-logging-3.2.0.jar;C:\Users\kakit\.m2\repository\ch\qos\logback\logback-classic\1.3.14\logback-classic-1.3.14.jar;C:\Users\kakit\.m2\repository\ch\qos\logback\logback-core\1.3.14\logback-core-1.3.14.jar;C:\Users\kakit\.m2\repository\org\apache\logging\log4j\log4j-to-slf4j\2.21.1\log4j-to-slf4j-2.21.1.jar;C:\Users\kakit\.m2\repository\org\apache\logging\log4j\log4j-api\2.21.1\log4j-api-2.21.1.jar;C:\Users\kakit\.m2\repository\org\slf4j\jul-to-slf4j\2.0.9\jul-to-slf4j-2.0.9.jar;C:\Users\kakit\.m2\repository\org\yaml\snakeyaml\2.2\snakeyaml-2.2.jar;C:\Users\kakit\.m2\repository\org\springframework\spring-aop\6.1.1\spring-aop-6.1.1.jar;C:\Users\kakit\.m2\repository\org\springframework\spring-beans\6.1.1\spring-beans-6.1.1.jar;C:\Users\kakit\.m2\repository\org\springframework\security\spring-security-config\6.2.0\spring-security-config-6.2.0.jar;C:\Users\kakit\.m2\repository\org\springframework\security\spring-security-core\6.2.0\spring-security-core-6.2.0.jar;C:\Users\kakit\.m2\repository\org\springframework\security\spring-security-crypto\6.2.0\spring-security-crypto-6.2.0.jar;C:\Users\kakit\.m2\repository\org\springframework\spring-context\6.1.1\spring-context-6.1.1.jar;C:\Users\kakit\.m2\repository\org\springframework\security\spring-security-web\6.2.0\spring-security-web-6.2.0.jar;C:\Users\kakit\.m2\repository\org\springframework\spring-expression\6.1.1\spring-expression-6.1.1.jar;C:\Users\kakit\.m2\repository\org\springframework\boot\spring-boot-starter-thymeleaf\3.2.0\spring-boot-starter-thymeleaf-3.2.0.jar;C:\Users\kakit\.m2\repository\org\thymeleaf\thymeleaf-spring6\3.1.2.RELEASE\thymeleaf-spring6-3.1.2.RELEASE.jar;C:\Users\kakit\.m2\repository\org\springframework\boot\spring-boot-starter-web\3.2.0\spring-boot-starter-web-3.2.0.jar;C:\Users\kakit\.m2\repository\org\springframework\boot\spring-boot-starter-json\3.2.0\spring-boot-starter-json-3.2.0.jar;C:\Users\kakit\.m2\repository\com\fasterxml\jackson\core\jackson-databind\2.15.3\jackson-databind-2.15.3.jar;C:\Users\kakit\.m2\repository\com\fasterxml\jackson\datatype\jackson-datatype-jdk8\2.15.3\jackson-datatype-jdk8-2.15.3.jar;C:\Users\kakit\.m2\repository\com\fasterxml\jackson\datatype\jackson-datatype-jsr310\2.15.3\jackson-datatype-jsr310-2.15.3.jar;C:\Users\kakit\.m2\repository\com\fasterxml\jackson\module\jackson-module-parameter-names\2.15.3\jackson-module-parameter-names-2.15.3.jar;C:\Users\kakit\.m2\repository\org\springframework\spring-web\6.1.1\spring-web-6.1.1.jar;C:\Users\kakit\.m2\repository\io\micrometer\micrometer-observation\1.12.0\micrometer-observation-1.12.0.jar;C:\Users\kakit\.m2\repository\io\micrometer\micrometer-commons\1.12.0\micrometer-commons-1.12.0.jar;C:\Users\kakit\.m2\repository\org\springframework\spring-webmvc\6.1.1\spring-webmvc-6.1.1.jar;C:\Users\kakit\.m2\repository\org\springframework\boot\spring-boot-starter-validation\3.2.0\spring-boot-starter-validation-3.2.0.jar;C:\Users\kakit\.m2\repository\org\apache\tomcat\embed\tomcat-embed-el\10.1.16\tomcat-embed-el-10.1.16.jar;C:\Users\kakit\.m2\repository\org\hibernate\validator\hibernate-validator\8.0.1.Final\hibernate-validator-8.0.1.Final.jar;C:\Users\kakit\.m2\repository\jakarta\validation\jakarta.validation-api\3.0.2\jakarta.validation-api-3.0.2.jar;C:\Users\kakit\.m2\repository\org\jboss\logging\jboss-logging\3.5.3.Final\jboss-logging-3.5.3.Final.jar;C:\Users\kakit\.m2\repository\com\fasterxml\classmate\1.6.0\classmate-1.6.0.jar;C:\Users\kakit\.m2\repository\org\springframework\boot\spring-boot-starter-jdbc\3.2.0\spring-boot-starter-jdbc-3.2.0.jar;C:\Users\kakit\.m2\repository\org\springframework\spring-jdbc\6.1.1\spring-jdbc-6.1.1.jar;C:\Users\kakit\.m2\repository\org\springframework\spring-tx\6.1.1\spring-tx-6.1.1.jar;C:\Users\kakit\.m2\repository\nz\net\ultraq\thymeleaf\thymeleaf-layout-dialect\3.3.0\thymeleaf-layout-dialect-3.3.0.jar;C:\Users\kakit\.m2\repository\org\apache\groovy\groovy\4.0.15\groovy-4.0.15.jar;C:\Users\kakit\.m2\repository\nz\net\ultraq\groovy\groovy-extensions\2.1.0\groovy-extensions-2.1.0.jar;C:\Users\kakit\.m2\repository\nz\net\ultraq\thymeleaf\thymeleaf-expression-processor\3.2.0\thymeleaf-expression-processor-3.2.0.jar;C:\Users\kakit\.m2\repository\org\thymeleaf\thymeleaf\3.1.2.RELEASE\thymeleaf-3.1.2.RELEASE.jar;C:\Users\kakit\.m2\repository\ognl\ognl\3.3.4\ognl-3.3.4.jar;C:\Users\kakit\.m2\repository\org\attoparser\attoparser\2.0.7.RELEASE\attoparser-2.0.7.RELEASE.jar;C:\Users\kakit\.m2\repository\org\unbescape\unbescape\1.1.6.RELEASE\unbescape-1.1.6.RELEASE.jar;C:\Users\kakit\.m2\repository\org\slf4j\slf4j-api\2.0.9\slf4j-api-2.0.9.jar;C:\Users\kakit\.m2\repository\eu\europa\ec\joinup\sd-dss\dss-service\6.0\dss-service-6.0.jar;C:\Users\kakit\.m2\repository\eu\europa\ec\joinup\sd-dss\dss-spi\6.0\dss-spi-6.0.jar;C:\Users\kakit\.m2\repository\eu\europa\ec\joinup\sd-dss\dss-alert\6.0\dss-alert-6.0.jar;C:\Users\kakit\.m2\repository\org\bouncycastle\bcpkix-jdk18on\1.76\bcpkix-jdk18on-1.76.jar;C:\Users\kakit\.m2\repository\org\bouncycastle\bcutil-jdk18on\1.76\bcutil-jdk18on-1.76.jar;C:\Users\kakit\.m2\repository\org\apache\httpcomponents\client5\httpclient5\5.3\httpclient5-5.3.jar;C:\Users\kakit\.m2\repository\org\apache\httpcomponents\core5\httpcore5\5.2.3\httpcore5-5.2.3.jar;C:\Users\kakit\.m2\repository\org\apache\httpcomponents\core5\httpcore5-h2\5.2.3\httpcore5-h2-5.2.3.jar;C:\Users\kakit\.m2\repository\eu\europa\ec\joinup\sd-dss\dss-tsl-validation\6.0\dss-tsl-validation-6.0.jar;C:\Users\kakit\.m2\repository\eu\europa\ec\joinup\sd-dss\specs-trusted-list\6.0\specs-trusted-list-6.0.jar;C:\Users\kakit\.m2\repository\eu\europa\ec\joinup\sd-dss\specs-xmldsig\6.0\specs-xmldsig-6.0.jar;C:\Users\kakit\.m2\repository\eu\europa\ec\joinup\sd-dss\specs-xades\6.0\specs-xades-6.0.jar;C:\Users\kakit\.m2\repository\eu\europa\ec\joinup\sd-dss\dss-jaxb-parsers\6.0\dss-jaxb-parsers-6.0.jar;C:\Users\kakit\.m2\repository\eu\europa\ec\joinup\sd-dss\dss-xades\6.0\dss-xades-6.0.jar;C:\Users\kakit\.m2\repository\eu\europa\ec\joinup\sd-dss\dss-document\6.0\dss-document-6.0.jar;C:\Users\kakit\.m2\repository\eu\europa\ec\joinup\sd-dss\validation-policy\6.0\validation-policy-6.0.jar;C:\Users\kakit\.m2\repository\eu\europa\ec\joinup\sd-dss\dss-policy-jaxb\6.0\dss-policy-jaxb-6.0.jar;C:\Users\kakit\.m2\repository\eu\europa\ec\joinup\sd-dss\dss-i18n\6.0\dss-i18n-6.0.jar;C:\Users\kakit\.m2\repository\eu\europa\ec\joinup\sd-dss\dss-utils-google-guava\6.0\dss-utils-google-guava-6.0.jar;C:\Users\kakit\.m2\repository\eu\europa\ec\joinup\sd-dss\dss-utils\6.0\dss-utils-6.0.jar;C:\Users\kakit\.m2\repository\com\google\guava\guava\32.1.3-jre\guava-32.1.3-jre.jar;C:\Users\kakit\.m2\repository\com\google\guava\failureaccess\1.0.1\failureaccess-1.0.1.jar;C:\Users\kakit\.m2\repository\com\google\guava\listenablefuture\9999.0-empty-to-avoid-conflict-with-guava\listenablefuture-9999.0-empty-to-avoid-conflict-with-guava.jar;C:\Users\kakit\.m2\repository\com\google\code\findbugs\jsr305\3.0.2\jsr305-3.0.2.jar;C:\Users\kakit\.m2\repository\org\checkerframework\checker-qual\3.37.0\checker-qual-3.37.0.jar;C:\Users\kakit\.m2\repository\com\google\errorprone\error_prone_annotations\2.21.1\error_prone_annotations-2.21.1.jar;C:\Users\kakit\.m2\repository\com\google\j2objc\j2objc-annotations\2.8\j2objc-annotations-2.8.jar;C:\Users\kakit\.m2\repository\eu\europa\ec\joinup\sd-dss\dss-crl-parser-stream\6.0\dss-crl-parser-stream-6.0.jar;C:\Users\kakit\.m2\repository\eu\europa\ec\joinup\sd-dss\dss-crl-parser\6.0\dss-crl-parser-6.0.jar;C:\Users\kakit\.m2\repository\org\bouncycastle\bcprov-jdk18on\1.76\bcprov-jdk18on-1.76.jar;C:\Users\kakit\.m2\repository\eu\europa\ec\joinup\sd-dss\dss-signature-soap\6.0\dss-signature-soap-6.0.jar;C:\Users\kakit\.m2\repository\eu\europa\ec\joinup\sd-dss\dss-signature-soap-client\6.0\dss-signature-soap-client-6.0.jar;C:\Users\kakit\.m2\repository\eu\europa\ec\joinup\sd-dss\dss-signature-dto\6.0\dss-signature-dto-6.0.jar;C:\Users\kakit\.m2\repository\eu\europa\ec\joinup\sd-dss\dss-common-remote-dto\6.0\dss-common-remote-dto-6.0.jar;C:\Users\kakit\.m2\repository\eu\europa\ec\joinup\sd-dss\dss-signature-remote\6.0\dss-signature-remote-6.0.jar;C:\Users\kakit\.m2\repository\eu\europa\ec\joinup\sd-dss\dss-common-remote-converter\6.0\dss-common-remote-converter-6.0.jar;C:\Users\kakit\.m2\repository\eu\europa\ec\joinup\sd-dss\dss-cades\6.0\dss-cades-6.0.jar;C:\Users\kakit\.m2\repository\eu\europa\ec\joinup\sd-dss\dss-jades\6.0\dss-jades-6.0.jar;C:\Users\kakit\.m2\repository\eu\europa\ec\joinup\sd-dss\specs-jades\6.0\specs-jades-6.0.jar;C:\Users\kakit\.m2\repository\eu\europa\ec\joinup\sd-dss\specs-jws\6.0\specs-jws-6.0.jar;C:\Users\kakit\.m2\repository\com\github\erosb\everit-json-schema\1.14.3\everit-json-schema-1.14.3.jar;C:\Users\kakit\.m2\repository\org\json\json\20231013\json-20231013.jar;C:\Users\kakit\.m2\repository\commons-validator\commons-validator\1.7\commons-validator-1.7.jar;C:\Users\kakit\.m2\repository\commons-digester\commons-digester\2.1\commons-digester-2.1.jar;C:\Users\kakit\.m2\repository\commons-collections\commons-collections\3.2.2\commons-collections-3.2.2.jar;C:\Users\kakit\.m2\repository\com\damnhandy\handy-uri-templates\2.1.8\handy-uri-templates-2.1.8.jar;C:\Users\kakit\.m2\repository\joda-time\joda-time\2.10.2\joda-time-2.10.2.jar;C:\Users\kakit\.m2\repository\com\google\re2j\re2j\1.6\re2j-1.6.jar;C:\Users\kakit\.m2\repository\org\bitbucket\b_c\jose4j\0.9.4\jose4j-0.9.4.jar;C:\Users\kakit\.m2\repository\eu\europa\ec\joinup\sd-dss\dss-asic-cades\6.0\dss-asic-cades-6.0.jar;C:\Users\kakit\.m2\repository\eu\europa\ec\joinup\sd-dss\dss-asic-common\6.0\dss-asic-common-6.0.jar;C:\Users\kakit\.m2\repository\eu\europa\ec\joinup\sd-dss\specs-asic-manifest\6.0\specs-asic-manifest-6.0.jar;C:\Users\kakit\.m2\repository\eu\europa\ec\joinup\sd-dss\dss-asic-xades\6.0\dss-asic-xades-6.0.jar;C:\Users\kakit\.m2\repository\eu\europa\ec\joinup\sd-dss\dss-validation-soap\6.0\dss-validation-soap-6.0.jar;C:\Users\kakit\.m2\repository\eu\europa\ec\joinup\sd-dss\dss-validation-soap-client\6.0\dss-validation-soap-client-6.0.jar;C:\Users\kakit\.m2\repository\eu\europa\ec\joinup\sd-dss\dss-validation-dto\6.0\dss-validation-dto-6.0.jar;C:\Users\kakit\.m2\repository\eu\europa\ec\joinup\sd-dss\dss-diagnostic-jaxb\6.0\dss-diagnostic-jaxb-6.0.jar;C:\Users\kakit\.m2\repository\eu\europa\ec\joinup\sd-dss\dss-simple-report-jaxb\6.0\dss-simple-report-jaxb-6.0.jar;C:\Users\kakit\.m2\repository\eu\europa\ec\joinup\sd-dss\dss-detailed-report-jaxb\6.0\dss-detailed-report-jaxb-6.0.jar;C:\Users\kakit\.m2\repository\eu\europa\ec\joinup\sd-dss\specs-validation-report\6.0\specs-validation-report-6.0.jar;C:\Users\kakit\.m2\repository\eu\europa\ec\joinup\sd-dss\dss-validation-server-common\6.0\dss-validation-server-common-6.0.jar;C:\Users\kakit\.m2\repository\eu\europa\ec\joinup\sd-dss\dss-certificate-validation-soap\6.0\dss-certificate-validation-soap-6.0.jar;C:\Users\kakit\.m2\repository\eu\europa\ec\joinup\sd-dss\dss-certificate-validation-common\6.0\dss-certificate-validation-common-6.0.jar;C:\Users\kakit\.m2\repository\eu\europa\ec\joinup\sd-dss\dss-certificate-validation-dto\6.0\dss-certificate-validation-dto-6.0.jar;C:\Users\kakit\.m2\repository\eu\europa\ec\joinup\sd-dss\dss-simple-certificate-report-jaxb\6.0\dss-simple-certificate-report-jaxb-6.0.jar;C:\Users\kakit\.m2\repository\eu\europa\ec\joinup\sd-dss\dss-certificate-validation-soap-client\6.0\dss-certificate-validation-soap-client-6.0.jar;C:\Users\kakit\.m2\repository\eu\europa\ec\joinup\sd-dss\dss-server-signing-soap\6.0\dss-server-signing-soap-6.0.jar;C:\Users\kakit\.m2\repository\eu\europa\ec\joinup\sd-dss\dss-server-signing-common\6.0\dss-server-signing-common-6.0.jar;C:\Users\kakit\.m2\repository\eu\europa\ec\joinup\sd-dss\dss-server-signing-dto\6.0\dss-server-signing-dto-6.0.jar;C:\Users\kakit\.m2\repository\eu\europa\ec\joinup\sd-dss\dss-server-signing-soap-client\6.0\dss-server-signing-soap-client-6.0.jar;C:\Users\kakit\.m2\repository\eu\europa\ec\joinup\sd-dss\dss-timestamp-remote-soap\6.0\dss-timestamp-remote-soap-6.0.jar;C:\Users\kakit\.m2\repository\eu\europa\ec\joinup\sd-dss\dss-timestamp-remote\6.0\dss-timestamp-remote-6.0.jar;C:\Users\kakit\.m2\repository\eu\europa\ec\joinup\sd-dss\dss-timestamp-dto\6.0\dss-timestamp-dto-6.0.jar;C:\Users\kakit\.m2\repository\eu\europa\ec\joinup\sd-dss\dss-timestamp-remote-soap-client\6.0\dss-timestamp-remote-soap-client-6.0.jar;C:\Users\kakit\.m2\repository\eu\europa\ec\joinup\sd-dss\dss-pades-pdfbox\6.0\dss-pades-pdfbox-6.0.jar;C:\Users\kakit\.m2\repository\eu\europa\ec\joinup\sd-dss\dss-pades\6.0\dss-pades-6.0.jar;C:\Users\kakit\.m2\repository\org\apache\pdfbox\pdfbox\2.0.30\pdfbox-2.0.30.jar;C:\Users\kakit\.m2\repository\org\apache\pdfbox\fontbox\2.0.30\fontbox-2.0.30.jar;C:\Users\kakit\.m2\repository\eu\europa\ec\joinup\sd-dss\dss-signature-rest\6.0\dss-signature-rest-6.0.jar;C:\Users\kakit\.m2\repository\eu\europa\ec\joinup\sd-dss\dss-signature-rest-client\6.0\dss-signature-rest-client-6.0.jar;C:\Users\kakit\.m2\repository\jakarta\ws\rs\jakarta.ws.rs-api\3.1.0\jakarta.ws.rs-api-3.1.0.jar;C:\Users\kakit\.m2\repository\eu\europa\ec\joinup\sd-dss\dss-validation-rest\6.0\dss-validation-rest-6.0.jar;C:\Users\kakit\.m2\repository\eu\europa\ec\joinup\sd-dss\dss-validation-rest-client\6.0\dss-validation-rest-client-6.0.jar;C:\Users\kakit\.m2\repository\eu\europa\ec\joinup\sd-dss\dss-certificate-validation-rest\6.0\dss-certificate-validation-rest-6.0.jar;C:\Users\kakit\.m2\repository\eu\europa\ec\joinup\sd-dss\dss-certificate-validation-rest-client\6.0\dss-certificate-validation-rest-client-6.0.jar;C:\Users\kakit\.m2\repository\eu\europa\ec\joinup\sd-dss\dss-server-signing-rest\6.0\dss-server-signing-rest-6.0.jar;C:\Users\kakit\.m2\repository\eu\europa\ec\joinup\sd-dss\dss-server-signing-rest-client\6.0\dss-server-signing-rest-client-6.0.jar;C:\Users\kakit\.m2\repository\eu\europa\ec\joinup\sd-dss\dss-timestamp-remote-rest\6.0\dss-timestamp-remote-rest-6.0.jar;C:\Users\kakit\.m2\repository\eu\europa\ec\joinup\sd-dss\dss-timestamp-remote-rest-client\6.0\dss-timestamp-remote-rest-client-6.0.jar;C:\Users\kakit\.m2\repository\eu\europa\ec\joinup\sd-dss\dss-token\6.0\dss-token-6.0.jar;C:\Users\kakit\.m2\repository\eu\europa\ec\joinup\sd-dss\dss-model\6.0\dss-model-6.0.jar;C:\Users\kakit\.m2\repository\eu\europa\ec\joinup\sd-dss\dss-enumerations\6.0\dss-enumerations-6.0.jar;C:\Users\kakit\.m2\repository\eu\europa\ec\joinup\sd-dss\dss-evidence-record-xml\6.0\dss-evidence-record-xml-6.0.jar;C:\Users\kakit\.m2\repository\eu\europa\ec\joinup\sd-dss\dss-evidence-record-common\6.0\dss-evidence-record-common-6.0.jar;C:\Users\kakit\.m2\repository\eu\europa\ec\joinup\sd-dss\specs-xmlers\6.0\specs-xmlers-6.0.jar;C:\Users\kakit\.m2\repository\eu\europa\ec\joinup\sd-dss\dss-jaxb-common\6.0\dss-jaxb-common-6.0.jar;C:\Users\kakit\.m2\repository\eu\europa\ec\joinup\sd-dss\dss-xml-utils\6.0\dss-xml-utils-6.0.jar;C:\Users\kakit\.m2\repository\eu\europa\ec\joinup\sd-dss\dss-xml-common\6.0\dss-xml-common-6.0.jar;C:\Users\kakit\.m2\repository\org\apache\santuario\xmlsec\3.0.3\xmlsec-3.0.3.jar;C:\Users\kakit\.m2\repository\commons-codec\commons-codec\1.16.0\commons-codec-1.16.0.jar;C:\Users\kakit\.m2\repository\org\apache\cxf\cxf-rt-rs-service-description\4.0.3\cxf-rt-rs-service-description-4.0.3.jar;C:\Users\kakit\.m2\repository\org\apache\cxf\cxf-rt-frontend-jaxrs\4.0.3\cxf-rt-frontend-jaxrs-4.0.3.jar;C:\Users\kakit\.m2\repository\org\apache\cxf\cxf-rt-security\4.0.3\cxf-rt-security-4.0.3.jar;C:\Users\kakit\.m2\repository\org\apache\cxf\cxf-rt-features-logging\4.0.3\cxf-rt-features-logging-4.0.3.jar;C:\Users\kakit\.m2\repository\jakarta\xml\ws\jakarta.xml.ws-api\3.0.1\jakarta.xml.ws-api-3.0.1.jar;C:\Users\kakit\.m2\repository\jakarta\xml\soap\jakarta.xml.soap-api\3.0.1\jakarta.xml.soap-api-3.0.1.jar;C:\Users\kakit\.m2\repository\jakarta\jws\jakarta.jws-api\3.0.0\jakarta.jws-api-3.0.0.jar;C:\Users\kakit\.m2\repository\org\apache\cxf\cxf-core\4.0.3\cxf-core-4.0.3.jar;C:\Users\kakit\.m2\repository\com\fasterxml\woodstox\woodstox-core\6.5.1\woodstox-core-6.5.1.jar;C:\Users\kakit\.m2\repository\org\codehaus\woodstox\stax2-api\4.2.1\stax2-api-4.2.1.jar;C:\Users\kakit\.m2\repository\org\apache\ws\xmlschema\xmlschema-core\2.3.1\xmlschema-core-2.3.1.jar;C:\Users\kakit\.m2\repository\org\apache\cxf\cxf-rt-rs-service-description-openapi-v3\4.0.3\cxf-rt-rs-service-description-openapi-v3-4.0.3.jar;C:\Users\kakit\.m2\repository\org\apache\cxf\cxf-rt-rs-service-description-common-openapi\4.0.3\cxf-rt-rs-service-description-common-openapi-4.0.3.jar;C:\Users\kakit\.m2\repository\org\apache\cxf\cxf-rt-rs-service-description-swagger-ui\4.0.3\cxf-rt-rs-service-description-swagger-ui-4.0.3.jar;C:\Users\kakit\.m2\repository\io\swagger\core\v3\swagger-jaxrs2-jakarta\2.2.15\swagger-jaxrs2-jakarta-2.2.15.jar;C:\Users\kakit\.m2\repository\io\github\classgraph\classgraph\4.8.154\classgraph-4.8.154.jar;C:\Users\kakit\.m2\repository\org\javassist\javassist\3.29.2-GA\javassist-3.29.2-GA.jar;C:\Users\kakit\.m2\repository\io\swagger\core\v3\swagger-models-jakarta\2.2.15\swagger-models-jakarta-2.2.15.jar;C:\Users\kakit\.m2\repository\io\swagger\core\v3\swagger-annotations-jakarta\2.2.15\swagger-annotations-jakarta-2.2.15.jar;C:\Users\kakit\.m2\repository\io\swagger\core\v3\swagger-integration-jakarta\2.2.15\swagger-integration-jakarta-2.2.15.jar;C:\Users\kakit\.m2\repository\io\swagger\core\v3\swagger-core-jakarta\2.2.15\swagger-core-jakarta-2.2.15.jar;C:\Users\kakit\.m2\repository\org\apache\commons\commons-lang3\3.13.0\commons-lang3-3.13.0.jar;C:\Users\kakit\.m2\repository\com\fasterxml\jackson\dataformat\jackson-dataformat-yaml\2.15.3\jackson-dataformat-yaml-2.15.3.jar;C:\Users\kakit\.m2\repository\org\apache\cxf\cxf-rt-transports-http\4.0.3\cxf-rt-transports-http-4.0.3.jar;C:\Users\kakit\.m2\repository\org\apache\cxf\cxf-rt-frontend-jaxws\4.0.3\cxf-rt-frontend-jaxws-4.0.3.jar;C:\Users\kakit\.m2\repository\xml-resolver\xml-resolver\1.2\xml-resolver-1.2.jar;C:\Users\kakit\.m2\repository\org\ow2\asm\asm\9.5\asm-9.5.jar;C:\Users\kakit\.m2\repository\org\apache\cxf\cxf-rt-bindings-soap\4.0.3\cxf-rt-bindings-soap-4.0.3.jar;C:\Users\kakit\.m2\repository\org\apache\cxf\cxf-rt-wsdl\4.0.3\cxf-rt-wsdl-4.0.3.jar;C:\Users\kakit\.m2\repository\wsdl4j\wsdl4j\1.6.3\wsdl4j-1.6.3.jar;C:\Users\kakit\.m2\repository\org\apache\cxf\cxf-rt-databinding-jaxb\4.0.3\cxf-rt-databinding-jaxb-4.0.3.jar;C:\Users\kakit\.m2\repository\org\apache\cxf\cxf-rt-bindings-xml\4.0.3\cxf-rt-bindings-xml-4.0.3.jar;C:\Users\kakit\.m2\repository\org\apache\cxf\cxf-rt-frontend-simple\4.0.3\cxf-rt-frontend-simple-4.0.3.jar;C:\Users\kakit\.m2\repository\org\eclipse\angus\angus-mail\2.0.2\angus-mail-2.0.2.jar;C:\Users\kakit\.m2\repository\jakarta\mail\jakarta.mail-api\2.1.2\jakarta.mail-api-2.1.2.jar;C:\Users\kakit\.m2\repository\org\apache\cxf\cxf-rt-ws-addr\4.0.3\cxf-rt-ws-addr-4.0.3.jar;C:\Users\kakit\.m2\repository\org\apache\cxf\cxf-rt-ws-policy\4.0.3\cxf-rt-ws-policy-4.0.3.jar;C:\Users\kakit\.m2\repository\org\apache\neethi\neethi\3.2.0\neethi-3.2.0.jar;C:\Users\kakit\.m2\repository\org\eclipse\angus\angus-activation\2.0.1\angus-activation-2.0.1.jar;C:\Users\kakit\.m2\repository\jakarta\activation\jakarta.activation-api\2.1.2\jakarta.activation-api-2.1.2.jar;C:\Users\kakit\.m2\repository\com\fasterxml\jackson\jakarta\rs\jackson-jakarta-rs-json-provider\2.16.0\jackson-jakarta-rs-json-provider-2.16.0.jar;C:\Users\kakit\.m2\repository\com\fasterxml\jackson\jakarta\rs\jackson-jakarta-rs-base\2.15.3\jackson-jakarta-rs-base-2.15.3.jar;C:\Users\kakit\.m2\repository\com\fasterxml\jackson\core\jackson-core\2.15.3\jackson-core-2.15.3.jar;C:\Users\kakit\.m2\repository\com\fasterxml\jackson\module\jackson-module-jakarta-xmlbind-annotations\2.16.0\jackson-module-jakarta-xmlbind-annotations-2.16.0.jar;C:\Users\kakit\.m2\repository\com\fasterxml\jackson\core\jackson-annotations\2.15.3\jackson-annotations-2.15.3.jar;C:\Users\kakit\.m2\repository\org\hsqldb\hsqldb\2.5.2\hsqldb-2.5.2.jar;C:\Users\kakit\.m2\repository\com\zaxxer\HikariCP\4.0.3\HikariCP-4.0.3.jar;C:\Users\kakit\.m2\repository\commons-io\commons-io\2.15.1\commons-io-2.15.1.jar;C:\Users\kakit\.m2\repository\org\freemarker\freemarker\2.3.32\freemarker-2.3.32.jar;C:\Users\kakit\.m2\repository\org\apache\xmlgraphics\fop-core\2.9\fop-core-2.9.jar;C:\Users\kakit\.m2\repository\org\apache\xmlgraphics\batik-anim\1.17\batik-anim-1.17.jar;C:\Users\kakit\.m2\repository\org\apache\xmlgraphics\batik-css\1.17\batik-css-1.17.jar;C:\Users\kakit\.m2\repository\org\apache\xmlgraphics\batik-dom\1.17\batik-dom-1.17.jar;C:\Users\kakit\.m2\repository\org\apache\xmlgraphics\batik-ext\1.17\batik-ext-1.17.jar;C:\Users\kakit\.m2\repository\org\apache\xmlgraphics\batik-parser\1.17\batik-parser-1.17.jar;C:\Users\kakit\.m2\repository\org\apache\xmlgraphics\batik-shared-resources\1.17\batik-shared-resources-1.17.jar;C:\Users\kakit\.m2\repository\org\apache\xmlgraphics\batik-svg-dom\1.17\batik-svg-dom-1.17.jar;C:\Users\kakit\.m2\repository\org\apache\xmlgraphics\batik-util\1.17\batik-util-1.17.jar;C:\Users\kakit\.m2\repository\org\apache\xmlgraphics\batik-constants\1.17\batik-constants-1.17.jar;C:\Users\kakit\.m2\repository\org\apache\xmlgraphics\batik-i18n\1.17\batik-i18n-1.17.jar;C:\Users\kakit\.m2\repository\xml-apis\xml-apis-ext\1.3.04\xml-apis-ext-1.3.04.jar;C:\Users\kakit\.m2\repository\org\apache\xmlgraphics\batik-awt-util\1.17\batik-awt-util-1.17.jar;C:\Users\kakit\.m2\repository\org\apache\xmlgraphics\batik-bridge\1.17\batik-bridge-1.17.jar;C:\Users\kakit\.m2\repository\org\apache\xmlgraphics\batik-script\1.17\batik-script-1.17.jar;C:\Users\kakit\.m2\repository\org\apache\xmlgraphics\batik-xml\1.17\batik-xml-1.17.jar;C:\Users\kakit\.m2\repository\org\apache\xmlgraphics\batik-extension\1.17\batik-extension-1.17.jar;C:\Users\kakit\.m2\repository\org\apache\xmlgraphics\batik-gvt\1.17\batik-gvt-1.17.jar;C:\Users\kakit\.m2\repository\org\apache\xmlgraphics\batik-transcoder\1.17\batik-transcoder-1.17.jar;C:\Users\kakit\.m2\repository\org\apache\xmlgraphics\batik-svggen\1.17\batik-svggen-1.17.jar;C:\Users\kakit\.m2\repository\org\apache\xmlgraphics\batik-codec\1.17\batik-codec-1.17.jar;C:\Users\kakit\.m2\repository\org\apache\xmlgraphics\fop-events\2.9\fop-events-2.9.jar;C:\Users\kakit\.m2\repository\com\thoughtworks\qdox\qdox\1.12\qdox-1.12.jar;C:\Users\kakit\.m2\repository\org\apache\xmlgraphics\fop-util\2.9\fop-util-2.9.jar;C:\Users\kakit\.m2\repository\org\apache\xmlgraphics\xmlgraphics-commons\2.9\xmlgraphics-commons-2.9.jar;C:\Users\kakit\.m2\repository\org\glassfish\jaxb\jaxb-runtime\3.0.2\jaxb-runtime-3.0.2.jar;C:\Users\kakit\.m2\repository\com\sun\activation\jakarta.activation\2.0.1\jakarta.activation-2.0.1.jar;C:\Users\kakit\.m2\repository\org\glassfish\jaxb\jaxb-core\3.0.2\jaxb-core-3.0.2.jar;C:\Users\kakit\.m2\repository\org\glassfish\jaxb\txw2\4.0.4\txw2-4.0.4.jar;C:\Users\kakit\.m2\repository\com\sun\istack\istack-commons-runtime\4.1.2\istack-commons-runtime-4.1.2.jar;C:\Users\kakit\.m2\repository\org\webjars\swagger-ui\5.10.3\swagger-ui-5.10.3.jar;C:\Users\kakit\.m2\repository\org\webjars\bootstrap\4.6.2\bootstrap-4.6.2.jar;C:\Users\kakit\.m2\repository\org\webjars\popper.js\1.16.0\popper.js-1.16.0.jar;C:\Users\kakit\.m2\repository\org\webjars\jquery\3.7.1\jquery-3.7.1.jar;C:\Users\kakit\.m2\repository\org\webjars\font-awesome\4.7.0\font-awesome-4.7.0.jar;C:\Users\kakit\.m2\repository\org\webjars\highlightjs\11.5.0\highlightjs-11.5.0.jar;C:\Users\kakit\.m2\repository\org\springframework\boot\spring-boot-starter-test\3.2.0\spring-boot-starter-test-3.2.0.jar;C:\Users\kakit\.m2\repository\org\springframework\boot\spring-boot-test\3.2.0\spring-boot-test-3.2.0.jar;C:\Users\kakit\.m2\repository\org\springframework\boot\spring-boot-test-autoconfigure\3.2.0\spring-boot-test-autoconfigure-3.2.0.jar;C:\Users\kakit\.m2\repository\com\jayway\jsonpath\json-path\2.8.0\json-path-2.8.0.jar;C:\Users\kakit\.m2\repository\jakarta\xml\bind\jakarta.xml.bind-api\3.0.1\jakarta.xml.bind-api-3.0.1.jar;C:\Users\kakit\.m2\repository\net\minidev\json-smart\2.5.0\json-smart-2.5.0.jar;C:\Users\kakit\.m2\repository\net\minidev\accessors-smart\2.5.0\accessors-smart-2.5.0.jar;C:\Users\kakit\.m2\repository\org\assertj\assertj-core\3.24.2\assertj-core-3.24.2.jar;C:\Users\kakit\.m2\repository\net\bytebuddy\byte-buddy\1.14.10\byte-buddy-1.14.10.jar;C:\Users\kakit\.m2\repository\org\awaitility\awaitility\4.2.0\awaitility-4.2.0.jar;C:\Users\kakit\.m2\repository\org\hamcrest\hamcrest\2.2\hamcrest-2.2.jar;C:\Users\kakit\.m2\repository\org\junit\jupiter\junit-jupiter\5.10.1\junit-jupiter-5.10.1.jar;C:\Users\kakit\.m2\repository\org\junit\jupiter\junit-jupiter-api\5.10.1\junit-jupiter-api-5.10.1.jar;C:\Users\kakit\.m2\repository\org\opentest4j\opentest4j\1.3.0\opentest4j-1.3.0.jar;C:\Users\kakit\.m2\repository\org\junit\platform\junit-platform-commons\1.10.1\junit-platform-commons-1.10.1.jar;C:\Users\kakit\.m2\repository\org\apiguardian\apiguardian-api\1.1.2\apiguardian-api-1.1.2.jar;C:\Users\kakit\.m2\repository\org\junit\jupiter\junit-jupiter-params\5.10.1\junit-jupiter-params-5.10.1.jar;C:\Users\kakit\.m2\repository\org\junit\jupiter\junit-jupiter-engine\5.10.1\junit-jupiter-engine-5.10.1.jar;C:\Users\kakit\.m2\repository\org\junit\platform\junit-platform-engine\1.10.1\junit-platform-engine-1.10.1.jar;C:\Users\kakit\.m2\repository\org\mockito\mockito-core\4.11.0\mockito-core-4.11.0.jar;C:\Users\kakit\.m2\repository\net\bytebuddy\byte-buddy-agent\1.14.10\byte-buddy-agent-1.14.10.jar;C:\Users\kakit\.m2\repository\org\objenesis\objenesis\3.3\objenesis-3.3.jar;C:\Users\kakit\.m2\repository\org\mockito\mockito-junit-jupiter\5.7.0\mockito-junit-jupiter-5.7.0.jar;C:\Users\kakit\.m2\repository\org\skyscreamer\jsonassert\1.5.1\jsonassert-1.5.1.jar;C:\Users\kakit\.m2\repository\com\vaadin\external\google\android-json\0.0.20131108.vaadin1\android-json-0.0.20131108.vaadin1.jar;C:\Users\kakit\.m2\repository\org\springframework\spring-core\6.1.1\spring-core-6.1.1.jar;C:\Users\kakit\.m2\repository\org\springframework\spring-jcl\6.1.1\spring-jcl-6.1.1.jar;C:\Users\kakit\.m2\repository\org\springframework\spring-test\6.1.1\spring-test-6.1.1.jar;C:\Users\kakit\.m2\repository\org\xmlunit\xmlunit-core\2.9.1\xmlunit-core-2.9.1.jar;C:\Users\kakit\.m2\repository\org\apache\cxf\cxf-rt-rs-client\4.0.3\cxf-rt-rs-client-4.0.3.jar;C:\Users\kakit\.m2\repository\org\springframework\boot\spring-boot-starter-tomcat\3.2.0\spring-boot-starter-tomcat-3.2.0.jar;C:\Users\kakit\.m2\repository\jakarta\annotation\jakarta.annotation-api\2.1.1\jakarta.annotation-api-2.1.1.jar;C:\Users\kakit\.m2\repository\org\apache\tomcat\embed\tomcat-embed-core\10.1.16\tomcat-embed-core-10.1.16.jar;C:\Users\kakit\.m2\repository\org\apache\tomcat\embed\tomcat-embed-websocket\10.1.16\tomcat-embed-websocket-10.1.16.jar;"/>
    <property name="sun.cpu.endian" value="little"/>
    <property name="user.home" value="C:\Users\kakit"/>
    <property name="user.language" value="es"/>
    <property name="java.specification.vendor" value="Oracle Corporation"/>
    <property name="java.version.date" value="2023-10-17"/>
    <property name="java.home" value="C:\Program Files\Java\jdk-21"/>
    <property name="file.separator" value="\"/>
    <property name="basedir" value="C:\Users\kakit\Downloads\dss-demonstrations\dss-demo-webapp"/>
    <property name="java.vm.compressedOopsMode" value="Zero based"/>
    <property name="line.separator" value="&#10;"/>
    <property name="java.vm.specification.vendor" value="Oracle Corporation"/>
    <property name="java.specification.name" value="Java Platform API Specification"/>
    <property name="FILE_LOG_CHARSET" value="UTF-8"/>
    <property name="java.awt.headless" value="true"/>
    <property name="surefire.real.class.path" value="C:\Users\kakit\AppData\Local\Temp\surefire7028011591344219506\surefirebooter-20240411110639894_3.jar"/>
    <property name="user.script" value=""/>
    <property name="sun.management.compiler" value="HotSpot 64-Bit Tiered Compilers"/>
    <property name="java.runtime.version" value="21.0.1+12-LTS-29"/>
    <property name="user.name" value="kakit"/>
    <property name="stdout.encoding" value="Cp1252"/>
    <property name="path.separator" value=";"/>
    <property name="os.version" value="10.0"/>
    <property name="java.runtime.name" value="Java(TM) SE Runtime Environment"/>
    <property name="file.encoding" value="UTF-8"/>
    <property name="java.vm.name" value="Java HotSpot(TM) 64-Bit Server VM"/>
    <property name="localRepository" value="C:\Users\kakit\.m2\repository"/>
    <property name="java.vendor.url.bug" value="https://bugreport.java.com/bugreport/"/>
    <property name="java.io.tmpdir" value="C:\Users\kakit\AppData\Local\Temp\"/>
    <property name="idea.version" value="2023.3.6"/>
    <property name="java.version" value="21.0.1"/>
    <property name="user.dir" value="C:\Users\kakit\Downloads\dss-demonstrations\dss-demo-webapp"/>
    <property name="os.arch" value="amd64"/>
    <property name="java.vm.specification.name" value="Java Virtual Machine Specification"/>
    <property name="PID" value="17916"/>
    <property name="sun.os.patch.level" value=""/>
    <property name="org.bouncycastle.rsa.max_mr_tests" value="0"/>
    <property name="CONSOLE_LOG_CHARSET" value="UTF-8"/>
    <property name="native.encoding" value="Cp1252"/>
    <property name="java.library.path" value="C:\Program Files\Java\jdk-21\bin;C:\WINDOWS\Sun\Java\bin;C:\WINDOWS\system32;C:\WINDOWS;C:\Python312\Scripts\;C:\Python312\;C:\Program Files\Common Files\Oracle\Java\javapath;C:\Program Files (x86)\Common Files\Oracle\Java\javapath;C:\WINDOWS\system32;C:\WINDOWS;C:\WINDOWS\System32\Wbem;C:\WINDOWS\System32\WindowsPowerShell\v1.0\;C:\WINDOWS\System32\OpenSSH\;C:\Program Files (x86)\HP\Common\HPDestPlgIn\;C:\Program Files\dotnet\;C:\maven\bin;C:\Program Files\Java\jdk-21\bin;C:\Program Files\Git\cmd;C:\Program Files\PowerShell\7\;C:\ProgramData\chocolatey\bin;C:\Program Files\nodejs\;C:\Program Files\Docker\Docker\resources\bin;C:\Program Files\Microsoft\Web Platform Installer\;C:\tools\php70;C:\ProgramData\ComposerSetup\bin;C:\Program Files\AutoFirma\AutoFirma;C:\Users\kakit\.pyenv\pyenv-win\bin;C:\Users\kakit\.pyenv\pyenv-win\shims;C:\Users\kakit\AppData\Local\Programs\Python\Python38\Scripts\;C:\Users\kakit\AppData\Local\Programs\Python\Python38\;C:\Program Files\MySQL\MySQL Shell 8.0\bin\;C:\Users\kakit\AppData\Local\Programs\Python\Python311\Scripts\;C:\Users\kakit\AppData\Local\Programs\Python\Python311\;C:\Users\kakit\AppData\Local\Programs\Python\Python39\Scripts\;C:\Users\kakit\AppData\Local\Programs\Python\Python39\;C:\Users\kakit\AppData\Local\Microsoft\WindowsApps;C:\Users\kakit\AppData\Local\Programs\Microsoft VS Code\bin;C:\Program Files (x86)\HP\Common\HPDestPlgIn\;C:\Users\kakit\.dotnet\tools;C:\Users\kakit\AppData\Local\GitHubDesktop\bin;C:\Users\kakit\AppData\Roaming\npm;C:\Users\kakit\AppData\Local\Google\Cloud SDK\google-cloud-sdk\bin;C:\Program Files\JetBrains\IntelliJ IDEA 2023.3.5\bin;C:\Users\kakit\AppData\Local\Microsoft\WindowsApps;C:\Users\kakit\AppData\Roaming\Composer\vendor\bin;C:\Program Files\JetBrains\PhpStorm 2023.3.6\bin;;C:\Program Files\apache-maven-3.9.6-bin\bin;;."/>
    <property name="java.vm.info" value="mixed mode, sharing"/>
    <property name="stderr.encoding" value="Cp1252"/>
    <property name="java.vendor" value="Oracle Corporation"/>
    <property name="java.vm.version" value="21.0.1+12-LTS-29"/>
    <property name="sun.io.unicode.encoding" value="UnicodeLittle"/>
    <property name="java.class.version" value="65.0"/>
  </properties>
  <testcase name="generateDetailedReportMultiSignatures" classname="eu.europa.esig.dss.web.service.FOPServiceTest" time="5.218">
    <system-out><![CDATA[11:06:43,625 |-INFO in ch.qos.logback.core.model.processor.AppenderModelHandler - Processing appender named [STDOUT]
11:06:43,626 |-INFO in ch.qos.logback.core.model.processor.AppenderModelHandler - About to instantiate appender of type [ch.qos.logback.core.ConsoleAppender]
11:06:43,626 |-INFO in ch.qos.logback.core.model.processor.ImplicitModelHandler - Assuming default type [ch.qos.logback.classic.encoder.PatternLayoutEncoder] for [encoder] property
11:06:43,627 |-INFO in ch.qos.logback.classic.model.processor.LoggerModelHandler - Setting level of logger [eu.europa.esig.dss] to INFO
11:06:43,627 |-INFO in ch.qos.logback.classic.jul.LevelChangePropagator@10c2064a - Propagating INFO level on Logger[eu.europa.esig.dss] onto the JUL framework
11:06:43,628 |-INFO in ch.qos.logback.classic.model.processor.LoggerModelHandler - Setting level of logger [org.apache] to INFO
11:06:43,628 |-INFO in ch.qos.logback.classic.jul.LevelChangePropagator@10c2064a - Propagating INFO level on Logger[org.apache] onto the JUL framework
11:06:43,628 |-INFO in ch.qos.logback.classic.model.processor.LoggerModelHandler - Setting level of logger [org.apache.fop] to ERROR
11:06:43,628 |-INFO in ch.qos.logback.classic.jul.LevelChangePropagator@10c2064a - Propagating ERROR level on Logger[org.apache.fop] onto the JUL framework
11:06:43,629 |-INFO in ch.qos.logback.classic.model.processor.LoggerModelHandler - Setting level of logger [org.apache.pdfbox] to ERROR
11:06:43,629 |-INFO in ch.qos.logback.classic.jul.LevelChangePropagator@10c2064a - Propagating ERROR level on Logger[org.apache.pdfbox] onto the JUL framework
11:06:43,629 |-INFO in ch.qos.logback.classic.model.processor.LoggerModelHandler - Setting level of logger [org.springframework] to INFO
11:06:43,629 |-INFO in ch.qos.logback.classic.jul.LevelChangePropagator@10c2064a - Propagating INFO level on Logger[org.springframework] onto the JUL framework
11:06:43,629 |-INFO in ch.qos.logback.classic.model.processor.RootLoggerModelHandler - Setting level of ROOT logger to DEBUG
11:06:43,629 |-INFO in ch.qos.logback.core.model.processor.AppenderRefModelHandler - Attaching appender named [STDOUT] to Logger[ROOT]
11:06:43,629 |-INFO in ch.qos.logback.core.model.processor.DefaultProcessor@1128620c - End of configuration.
11:06:43,629 |-INFO in org.springframework.boot.logging.logback.SpringBootJoranConfigurator@6bf13698 - Registering current configuration as safe fallback point

  .   ____          _            __ _ _
 /\\ / ___'_ __ _ _(_)_ __  __ _ \ \ \ \
( ( )\___ | '_ | '_| | '_ \/ _` | \ \ \ \
 \\/  ___)| |_)| | | | | || (_| |  ) ) ) )
  '  |____| .__|_| |_|_| |_\__, | / / / /
 =========|_|==============|___/=/_/_/_/
 :: Spring Boot ::                (v3.2.0)

11:06:43.709 [background-preinit] DEBUG org.jboss.logging - Logging Provider: org.jboss.logging.Slf4jLoggerProvider found via system property
11:06:43.712 [background-preinit] INFO  o.h.validator.internal.util.Version - HV000001: Hibernate Validator 8.0.1.Final
11:06:43.723 [background-preinit] DEBUG o.h.v.i.x.config.ValidationXmlParser - Trying to load META-INF/validation.xml for XML based Validator configuration.
11:06:43.726 [background-preinit] DEBUG o.h.v.i.x.c.ResourceLoaderHelper - Trying to load META-INF/validation.xml via TCCL
11:06:43.727 [background-preinit] DEBUG o.h.v.i.x.c.ResourceLoaderHelper - Trying to load META-INF/validation.xml via Hibernate Validator's class loader
11:06:43.727 [background-preinit] DEBUG o.h.v.i.x.config.ValidationXmlParser - No META-INF/validation.xml found. Using annotation based configuration only.
11:06:43.735 [background-preinit] DEBUG o.h.v.i.e.r.TraversableResolvers - Cannot find jakarta.persistence.Persistence on classpath. Assuming non JPA 2 environment. All properties will per default be traversable.
11:06:43.761 [main] WARN  o.s.b.t.j.DuplicateJsonObjectContextCustomizerFactory$DuplicateJsonObjectContextCustomizer - 

Found multiple occurrences of org.json.JSONObject on the class path:

	jar:file:/C:/Users/kakit/.m2/repository/org/json/json/20231013/json-20231013.jar!/org/json/JSONObject.class
	jar:file:/C:/Users/kakit/.m2/repository/com/vaadin/external/google/android-json/0.0.20131108.vaadin1/android-json-0.0.20131108.vaadin1.jar!/org/json/JSONObject.class

You may wish to exclude one of them to ensure predictable runtime behavior

11:06:43.784 [main] INFO  e.e.e.dss.web.service.FOPServiceTest - Starting FOPServiceTest using Java 21.0.1 with PID 17916 (started by kakit in C:\Users\kakit\Downloads\dss-demonstrations\dss-demo-webapp)
11:06:43.785 [main] INFO  e.e.e.dss.web.service.FOPServiceTest - No active profile set, falling back to 1 default profile: "default"
11:06:43.790 [background-preinit] DEBUG o.h.v.m.ResourceBundleMessageInterpolator - Loaded expression factory via original TCCL
11:06:44.141 [background-preinit] DEBUG o.h.v.i.e.ValidatorFactoryConfigurationHelper - HV000252: Using org.hibernate.validator.internal.engine.DefaultPropertyNodeNameProvider as property node name provider.
11:06:44.161 [background-preinit] DEBUG o.h.v.i.e.ValidatorFactoryConfigurationHelper - HV000234: Using org.hibernate.validator.messageinterpolation.ResourceBundleMessageInterpolator as ValidatorFactory-scoped message interpolator.
11:06:44.162 [background-preinit] DEBUG o.h.v.i.e.ValidatorFactoryConfigurationHelper - HV000234: Using org.hibernate.validator.internal.engine.resolver.TraverseAllTraversableResolver as ValidatorFactory-scoped traversable resolver.
11:06:44.162 [background-preinit] DEBUG o.h.v.i.e.ValidatorFactoryConfigurationHelper - HV000234: Using org.hibernate.validator.internal.util.ExecutableParameterNameProvider as ValidatorFactory-scoped parameter name provider.
11:06:44.162 [background-preinit] DEBUG o.h.v.i.e.ValidatorFactoryConfigurationHelper - HV000234: Using org.hibernate.validator.internal.engine.DefaultClockProvider as ValidatorFactory-scoped clock provider.
11:06:44.162 [background-preinit] DEBUG o.h.v.i.e.ValidatorFactoryConfigurationHelper - HV000234: Using org.hibernate.validator.internal.engine.scripting.DefaultScriptEvaluatorFactory as ValidatorFactory-scoped script evaluator factory.
11:06:44.688 [main] INFO  o.s.c.i.s.PropertySourceProcessor - Properties location [classpath:dss-custom.properties] not resolvable: class path resource [dss-custom.properties] cannot be opened because it does not exist
11:06:45.410 [main] DEBUG com.zaxxer.hikari.HikariConfig - Driver class org.hsqldb.jdbcDriver found in Thread context class loader jdk.internal.loader.ClassLoaders$AppClassLoader@70dea4e
11:06:45.694 [main] INFO  e.e.esig.dss.tsl.job.TLValidationJob - Offline refresh is running...
11:06:45.694 [main] INFO  e.e.esig.dss.tsl.job.TLValidationJob - Running analysis for 1 LOTLSource(s)
11:06:47.264 [pool-3-thread-1] INFO  e.e.e.d.v.CommonCertificateVerifier - + New CommonCertificateVerifier created.
11:06:47.323 [pool-3-thread-1] INFO  e.e.e.d.v.SignedDocumentValidator - Document validation...
11:06:47.407 [pool-3-thread-1] INFO  e.e.e.d.v.CommonCertificateVerifier - + New CommonCertificateVerifier created.
11:06:47.426 [pool-3-thread-1] INFO  e.e.e.d.v.CommonCertificateVerifier - + New CommonCertificateVerifier created.
11:06:47.499 [pool-3-thread-1] INFO  e.e.e.d.x.v.XAdESCertificateSource - +XAdESCertificateSource
11:06:48.113 [pool-3-thread-1] INFO  e.e.e.d.v.CommonCertificateVerifier - + New CommonCertificateVerifier created.
11:06:48.125 [pool-3-thread-1] INFO  e.e.e.d.v.SignedDocumentValidator - Document validation...
11:06:48.144 [pool-3-thread-1] INFO  e.e.e.d.v.CommonCertificateVerifier - + New CommonCertificateVerifier created.
11:06:48.162 [pool-3-thread-1] INFO  e.e.e.d.v.CommonCertificateVerifier - + New CommonCertificateVerifier created.
11:06:48.173 [pool-3-thread-1] INFO  e.e.e.d.x.v.XAdESCertificateSource - +XAdESCertificateSource
11:06:48.289 [pool-3-thread-1] INFO  e.e.e.d.v.CommonCertificateVerifier - + New CommonCertificateVerifier created.
11:06:48.302 [pool-3-thread-1] INFO  e.e.e.d.v.SignedDocumentValidator - Document validation...
11:06:48.316 [pool-3-thread-1] INFO  e.e.e.d.v.CommonCertificateVerifier - + New CommonCertificateVerifier created.
11:06:48.329 [pool-3-thread-1] INFO  e.e.e.d.v.CommonCertificateVerifier - + New CommonCertificateVerifier created.
11:06:48.347 [pool-3-thread-1] INFO  e.e.e.d.x.v.XAdESCertificateSource - +XAdESCertificateSource
11:06:48.480 [pool-3-thread-1] INFO  e.e.e.d.v.CommonCertificateVerifier - + New CommonCertificateVerifier created.
11:06:48.491 [pool-3-thread-1] INFO  e.e.e.d.v.SignedDocumentValidator - Document validation...
11:06:48.501 [pool-3-thread-1] INFO  e.e.e.d.v.CommonCertificateVerifier - + New CommonCertificateVerifier created.
11:06:48.512 [pool-3-thread-1] INFO  e.e.e.d.v.CommonCertificateVerifier - + New CommonCertificateVerifier created.
11:06:48.524 [pool-3-thread-1] INFO  e.e.e.d.x.v.XAdESCertificateSource - +XAdESCertificateSource
11:06:48.652 [main] INFO  e.e.esig.dss.tsl.job.TLValidationJob - Analysis is DONE for 1 LOTLSource(s)
11:06:48.682 [main] INFO  e.e.esig.dss.tsl.job.TLValidationJob - Running analysis for 31 TLSource(s)
11:06:48.846 [pool-3-thread-19] ERROR e.e.e.d.t.runnable.AbstractAnalysis - Cannot retrieve data from url [https://elektroninisparasas.lt/LT-TSL.xml]. Empty content is obtained!
11:06:49.247 [pool-3-thread-28] INFO  e.e.e.d.v.CommonCertificateVerifier - + New CommonCertificateVerifier created.
11:06:49.264 [pool-3-thread-7] INFO  e.e.e.d.v.CommonCertificateVerifier - + New CommonCertificateVerifier created.
11:06:49.276 [pool-3-thread-28] INFO  e.e.e.d.v.SignedDocumentValidator - Document validation...
11:06:49.276 [pool-3-thread-15] INFO  e.e.e.d.v.CommonCertificateVerifier - + New CommonCertificateVerifier created.
11:06:49.277 [pool-3-thread-22] INFO  e.e.e.d.v.CommonCertificateVerifier - + New CommonCertificateVerifier created.
11:06:49.310 [pool-3-thread-4] INFO  e.e.e.d.v.CommonCertificateVerifier - + New CommonCertificateVerifier created.
11:06:49.316 [pool-3-thread-16] INFO  e.e.e.d.v.CommonCertificateVerifier - + New CommonCertificateVerifier created.
11:06:49.324 [pool-3-thread-31] INFO  e.e.e.d.v.CommonCertificateVerifier - + New CommonCertificateVerifier created.
11:06:49.336 [pool-3-thread-15] INFO  e.e.e.d.v.SignedDocumentValidator - Document validation...
11:06:49.404 [pool-3-thread-4] INFO  e.e.e.d.v.SignedDocumentValidator - Document validation...
11:06:49.423 [pool-3-thread-22] INFO  e.e.e.d.v.SignedDocumentValidator - Document validation...
11:06:49.430 [pool-3-thread-7] INFO  e.e.e.d.v.SignedDocumentValidator - Document validation...
11:06:49.450 [pool-3-thread-15] INFO  e.e.e.d.v.CommonCertificateVerifier - + New CommonCertificateVerifier created.
11:06:49.475 [pool-3-thread-31] INFO  e.e.e.d.v.SignedDocumentValidator - Document validation...
11:06:49.455 [pool-3-thread-28] INFO  e.e.e.d.v.CommonCertificateVerifier - + New CommonCertificateVerifier created.
11:06:49.487 [pool-3-thread-16] INFO  e.e.e.d.v.SignedDocumentValidator - Document validation...
11:06:49.492 [pool-3-thread-22] INFO  e.e.e.d.v.CommonCertificateVerifier - + New CommonCertificateVerifier created.
11:06:49.515 [pool-3-thread-7] INFO  e.e.e.d.v.CommonCertificateVerifier - + New CommonCertificateVerifier created.
11:06:49.526 [pool-3-thread-16] INFO  e.e.e.d.v.CommonCertificateVerifier - + New CommonCertificateVerifier created.
11:06:49.531 [pool-3-thread-4] INFO  e.e.e.d.v.CommonCertificateVerifier - + New CommonCertificateVerifier created.
11:06:49.533 [pool-3-thread-15] INFO  e.e.e.d.v.CommonCertificateVerifier - + New CommonCertificateVerifier created.
11:06:49.555 [pool-3-thread-28] INFO  e.e.e.d.v.CommonCertificateVerifier - + New CommonCertificateVerifier created.
11:06:49.556 [pool-3-thread-22] INFO  e.e.e.d.v.CommonCertificateVerifier - + New CommonCertificateVerifier created.
11:06:49.556 [pool-3-thread-31] INFO  e.e.e.d.v.CommonCertificateVerifier - + New CommonCertificateVerifier created.
11:06:49.583 [pool-3-thread-4] INFO  e.e.e.d.v.CommonCertificateVerifier - + New CommonCertificateVerifier created.
11:06:49.645 [pool-3-thread-16] INFO  e.e.e.d.v.CommonCertificateVerifier - + New CommonCertificateVerifier created.
11:06:49.697 [pool-3-thread-11] INFO  e.e.e.d.v.CommonCertificateVerifier - + New CommonCertificateVerifier created.
11:06:49.699 [pool-3-thread-21] INFO  e.e.e.d.v.CommonCertificateVerifier - + New CommonCertificateVerifier created.
11:06:49.708 [pool-3-thread-18] INFO  e.e.e.d.v.CommonCertificateVerifier - + New CommonCertificateVerifier created.
11:06:49.713 [pool-3-thread-7] INFO  e.e.e.d.v.CommonCertificateVerifier - + New CommonCertificateVerifier created.
11:06:49.738 [pool-3-thread-31] INFO  e.e.e.d.v.CommonCertificateVerifier - + New CommonCertificateVerifier created.
11:06:49.772 [pool-3-thread-16] INFO  e.e.e.d.x.v.XAdESCertificateSource - +XAdESCertificateSource
11:06:49.779 [pool-3-thread-13] INFO  e.e.e.d.v.CommonCertificateVerifier - + New CommonCertificateVerifier created.
11:06:49.781 [pool-3-thread-4] INFO  e.e.e.d.x.v.XAdESCertificateSource - +XAdESCertificateSource
11:06:49.782 [pool-3-thread-28] INFO  e.e.e.d.x.v.XAdESCertificateSource - +XAdESCertificateSource
11:06:49.786 [pool-3-thread-20] INFO  e.e.e.d.v.CommonCertificateVerifier - + New CommonCertificateVerifier created.
11:06:49.798 [pool-3-thread-21] INFO  e.e.e.d.v.SignedDocumentValidator - Document validation...
11:06:49.799 [pool-3-thread-22] INFO  e.e.e.d.x.v.XAdESCertificateSource - +XAdESCertificateSource
11:06:49.812 [pool-3-thread-1] WARN  e.e.e.d.t.f.c.DigitalIdentityListTypeConverter - Unable to load certificate 'MIIDDjCCAnegAwIBAgIBATANBgkqhkiG9w0BAQUFADCBmjELMAkGA1UEBhMCQVQxSDBGBgNVBAoTP0EtVHJ1c3QgR2VzLiBmLiBTaWNoZXJoZWl0c3N5c3RlbWUgaW0gZWxla3RyLiBEYXRlbnZlcmtlaHIgR21iSDEXMBUGA1UECxMOd3d3LmEtdHJ1c3QuYXQxEzARBgNVBAsTCmEtc2lnbiB1bmkxEzARBgNVBAMTCmEtc2lnbiB1bmkwHhcNMDIwOTEzMTgzMjM4WhcNMzIwOTEzMTgzMjM4WjCBmjELMAkGA1UEBhMCQVQxSDBGBgNVBAoTP0EtVHJ1c3QgR2VzLiBmLiBTaWNoZXJoZWl0c3N5c3RlbWUgaW0gZWxla3RyLiBEYXRlbnZlcmtlaHIgR21iSDEXMBUGA1UECxMOd3d3LmEtdHJ1c3QuYXQxEzARBgNVBAsTCmEtc2lnbiB1bmkxEzARBgNVBAMTCmEtc2lnbiB1bmkwgZ4wCwYJKoZIhvcNAQEBA4GOADCBigKBgQCvBqGXYw0rNZyQR8YG+EQ4GeoQgMRdsYPhnuvkl6aEMWdMvDuvAPlLi4rXNNq3mb4yKKCswSp5SPiRo43uwrpfCjLxu9RT+Fi3wDE1Z5tBr7iQOnOCx5IKs2X94hcdsJClWHYoxT4f5Jnq86kNVYys+T8TUJCrsHm/8TCr3x7vuwIEAAAAA6NjMGEwDgYDVR0PAQH/BAQDAgEGMA8GA1UdEwEB/wQFMAMBAf8wHQYDVR0OBBYEFBXzfvl2WIKcUwhZzt+1wC1ShQPBMB8GA1UdIwQYMBaAFBXzfvl2WIKcUwhZzt+1wC1ShQPBMA0GCSqGSIb3DQEBBQUAA4GBAALtJ7UT/H4ZwUAeKV1X1Gz+pIqVtCsECNKWHiZeXx0ly/insjh+vbNVNy2RyOimKWtms0GZ0Kj/oDK81efRL9YvHKMlCLlz6FBKaUTUztO1FYa2othUGsu8LsBtPPU6u0wMPGhE3DEdo5/4lA6gMbsOvKQ6jQyeCjqOB22EjbJd' (more details with enabled DEBUG mode)
11:06:49.828 [pool-3-thread-11] INFO  e.e.e.d.v.SignedDocumentValidator - Document validation...
11:06:49.830 [pool-3-thread-15] INFO  e.e.e.d.x.v.XAdESCertificateSource - +XAdESCertificateSource
11:06:49.845 [pool-3-thread-7] INFO  e.e.e.d.x.v.XAdESCertificateSource - +XAdESCertificateSource
11:06:49.891 [pool-3-thread-24] INFO  e.e.e.d.v.CommonCertificateVerifier - + New CommonCertificateVerifier created.
11:06:49.895 [pool-3-thread-21] INFO  e.e.e.d.v.CommonCertificateVerifier - + New CommonCertificateVerifier created.
11:06:49.940 [pool-3-thread-8] INFO  e.e.e.d.v.CommonCertificateVerifier - + New CommonCertificateVerifier created.
11:06:49.959 [pool-3-thread-18] INFO  e.e.e.d.v.SignedDocumentValidator - Document validation...
11:06:49.976 [pool-3-thread-20] INFO  e.e.e.d.v.SignedDocumentValidator - Document validation...
11:06:49.980 [pool-3-thread-11] INFO  e.e.e.d.v.CommonCertificateVerifier - + New CommonCertificateVerifier created.
11:06:49.984 [pool-3-thread-24] INFO  e.e.e.d.v.SignedDocumentValidator - Document validation...
11:06:49.994 [pool-3-thread-21] INFO  e.e.e.d.v.CommonCertificateVerifier - + New CommonCertificateVerifier created.
11:06:50.006 [pool-3-thread-1] WARN  e.e.e.d.t.f.c.DigitalIdentityListTypeConverter - Unable to load certificate 'MIIC2jCCAkOgAwIBAgIBATANBgkqhkiG9w0BAQUFADCBgDELMAkGA1UEBhMCQVQxHTAbBgNVBAoTFERhdGFrb20gQXVzdHJpYSBHbWJIMRowGAYDVQQLExFhLXNpZ24uZGF0YWtvbS5hdDEaMBgGA1UECxMRYS1zaWduIFByZW1pdW0gQ0ExGjAYBgNVBAMTEWEtc2lnbiBQcmVtaXVtIENBMB4XDTAxMTEyMTE2MDk0NFoXDTMxMTEyMTE2MDk0NFowgYAxCzAJBgNVBAYTAkFUMR0wGwYDVQQKExREYXRha29tIEF1c3RyaWEgR21iSDEaMBgGA1UECxMRYS1zaWduLmRhdGFrb20uYXQxGjAYBgNVBAsTEWEtc2lnbiBQcmVtaXVtIENBMRowGAYDVQQDExFhLXNpZ24gUHJlbWl1bSBDQTCBnjALBgkqhkiG9w0BAQEDgY4AMIGKAoGBAKpdHrr/9I5zG2jGfpHeZpMkm58ZJBtXG73qH7+mTAkgWosabkMynNCayPiA1//ZHS2s2kTB5FYtXwmVFyqIIDQelt4IZwLDLdJQItxvYMV17DFO+ZebQe7bljUwwGOdguq9MuDBI2xYYE2z2JVDuOuDpKS+/YPC02OzTo/jWSb5AgQAAAADo2MwYTAOBgNVHQ8BAf8EBAMCAQYwDwYDVR0TAQH/BAUwAwEB/zAdBgNVHQ4EFgQUoX0/IPOimGkJ9u1tRx6O0guPGNEwHwYDVR0jBBgwFoAUoX0/IPOimGkJ9u1tRx6O0guPGNEwDQYJKoZIhvcNAQEFBQADgYEAhUKQ8tg1IWl1w6uD0ylZ0RdFg5Fygd+KGLCOwaVIgpFieWDKBJMdavgu+uyWOWY2cQW5NiSG2jnqKfKJkX9znBcUUcjj4PfGfj9OLEiNAMa/zBPCgCrhGq07M4I2W6G39D8ExWscBFuQxKnpnLLsTVpS8GMe81lFge3O2VABiUo=' (more details with enabled DEBUG mode)
11:06:50.009 [pool-3-thread-20] INFO  e.e.e.d.v.CommonCertificateVerifier - + New CommonCertificateVerifier created.
11:06:50.051 [pool-3-thread-18] INFO  e.e.e.d.v.CommonCertificateVerifier - + New CommonCertificateVerifier created.
11:06:50.062 [pool-3-thread-8] INFO  e.e.e.d.v.SignedDocumentValidator - Document validation...
11:06:50.065 [pool-3-thread-13] INFO  e.e.e.d.v.SignedDocumentValidator - Document validation...
11:06:50.067 [pool-3-thread-20] INFO  e.e.e.d.v.CommonCertificateVerifier - + New CommonCertificateVerifier created.
11:06:50.084 [pool-3-thread-11] INFO  e.e.e.d.v.CommonCertificateVerifier - + New CommonCertificateVerifier created.
11:06:50.091 [pool-3-thread-31] INFO  e.e.e.d.x.v.XAdESCertificateSource - +XAdESCertificateSource
11:06:50.093 [pool-3-thread-18] INFO  e.e.e.d.v.CommonCertificateVerifier - + New CommonCertificateVerifier created.
11:06:50.101 [pool-3-thread-13] INFO  e.e.e.d.v.CommonCertificateVerifier - + New CommonCertificateVerifier created.
11:06:50.113 [pool-3-thread-24] INFO  e.e.e.d.v.CommonCertificateVerifier - + New CommonCertificateVerifier created.
11:06:50.145 [pool-3-thread-3] INFO  e.e.e.d.v.CommonCertificateVerifier - + New CommonCertificateVerifier created.
11:06:50.172 [pool-3-thread-13] INFO  e.e.e.d.v.CommonCertificateVerifier - + New CommonCertificateVerifier created.
11:06:50.203 [pool-3-thread-1] INFO  e.e.e.d.v.CommonCertificateVerifier - + New CommonCertificateVerifier created.
11:06:50.218 [pool-3-thread-8] INFO  e.e.e.d.v.CommonCertificateVerifier - + New CommonCertificateVerifier created.
11:06:50.261 [pool-3-thread-1] INFO  e.e.e.d.v.SignedDocumentValidator - Document validation...
11:06:50.263 [pool-3-thread-24] INFO  e.e.e.d.v.CommonCertificateVerifier - + New CommonCertificateVerifier created.
11:06:50.270 [pool-3-thread-3] INFO  e.e.e.d.v.SignedDocumentValidator - Document validation...
11:06:50.298 [pool-3-thread-18] INFO  e.e.e.d.x.v.XAdESCertificateSource - +XAdESCertificateSource
11:06:50.298 [pool-3-thread-8] INFO  e.e.e.d.v.CommonCertificateVerifier - + New CommonCertificateVerifier created.
11:06:50.304 [pool-3-thread-11] INFO  e.e.e.d.x.v.XAdESCertificateSource - +XAdESCertificateSource
11:06:50.353 [pool-3-thread-3] INFO  e.e.e.d.v.CommonCertificateVerifier - + New CommonCertificateVerifier created.
11:06:50.386 [pool-3-thread-29] INFO  e.e.e.d.v.CommonCertificateVerifier - + New CommonCertificateVerifier created.
11:06:50.414 [pool-3-thread-29] INFO  e.e.e.d.v.SignedDocumentValidator - Document validation...
11:06:50.444 [pool-3-thread-1] INFO  e.e.e.d.v.CommonCertificateVerifier - + New CommonCertificateVerifier created.
11:06:50.467 [pool-3-thread-29] INFO  e.e.e.d.v.CommonCertificateVerifier - + New CommonCertificateVerifier created.
11:06:50.504 [pool-3-thread-27] INFO  e.e.e.d.v.CommonCertificateVerifier - + New CommonCertificateVerifier created.
11:06:50.512 [pool-3-thread-9] INFO  e.e.e.d.v.CommonCertificateVerifier - + New CommonCertificateVerifier created.
11:06:50.521 [pool-3-thread-3] INFO  e.e.e.d.v.CommonCertificateVerifier - + New CommonCertificateVerifier created.
11:06:50.573 [pool-3-thread-27] INFO  e.e.e.d.v.SignedDocumentValidator - Document validation...
11:06:50.573 [pool-3-thread-9] INFO  e.e.e.d.v.SignedDocumentValidator - Document validation...
11:06:50.599 [pool-3-thread-2] INFO  e.e.e.d.v.CommonCertificateVerifier - + New CommonCertificateVerifier created.
11:06:50.602 [pool-3-thread-25] INFO  e.e.e.d.v.CommonCertificateVerifier - + New CommonCertificateVerifier created.
11:06:50.603 [pool-3-thread-1] INFO  e.e.e.d.v.CommonCertificateVerifier - + New CommonCertificateVerifier created.
11:06:50.636 [pool-3-thread-20] INFO  e.e.e.d.x.v.XAdESCertificateSource - +XAdESCertificateSource
11:06:50.637 [pool-3-thread-26] INFO  e.e.e.d.v.CommonCertificateVerifier - + New CommonCertificateVerifier created.
11:06:50.657 [pool-3-thread-29] INFO  e.e.e.d.v.CommonCertificateVerifier - + New CommonCertificateVerifier created.
11:06:50.695 [pool-3-thread-21] INFO  e.e.e.d.x.v.XAdESCertificateSource - +XAdESCertificateSource
11:06:50.764 [pool-3-thread-9] INFO  e.e.e.d.v.CommonCertificateVerifier - + New CommonCertificateVerifier created.
11:06:50.808 [pool-3-thread-13] INFO  e.e.e.d.x.v.XAdESCertificateSource - +XAdESCertificateSource
11:06:50.851 [pool-3-thread-9] INFO  e.e.e.d.v.CommonCertificateVerifier - + New CommonCertificateVerifier created.
11:06:50.878 [pool-3-thread-24] INFO  e.e.e.d.x.v.XAdESCertificateSource - +XAdESCertificateSource
11:06:50.932 [pool-3-thread-8] INFO  e.e.e.d.x.v.XAdESCertificateSource - +XAdESCertificateSource
11:06:50.944 [pool-3-thread-26] INFO  e.e.e.d.v.SignedDocumentValidator - Document validation...
11:06:50.949 [pool-3-thread-2] INFO  e.e.e.d.v.SignedDocumentValidator - Document validation...
11:06:50.977 [pool-3-thread-25] INFO  e.e.e.d.v.SignedDocumentValidator - Document validation...
11:06:50.980 [pool-3-thread-27] INFO  e.e.e.d.v.CommonCertificateVerifier - + New CommonCertificateVerifier created.
11:06:50.993 [pool-3-thread-1] INFO  e.e.e.d.x.v.XAdESCertificateSource - +XAdESCertificateSource
11:06:51.010 [pool-3-thread-3] INFO  e.e.e.d.x.v.XAdESCertificateSource - +XAdESCertificateSource
11:06:51.016 [pool-3-thread-23] INFO  e.e.e.d.v.CommonCertificateVerifier - + New CommonCertificateVerifier created.
11:06:51.050 [pool-3-thread-26] INFO  e.e.e.d.v.CommonCertificateVerifier - + New CommonCertificateVerifier created.
11:06:51.056 [pool-3-thread-2] INFO  e.e.e.d.v.CommonCertificateVerifier - + New CommonCertificateVerifier created.
11:06:51.062 [pool-3-thread-25] INFO  e.e.e.d.v.CommonCertificateVerifier - + New CommonCertificateVerifier created.
11:06:51.073 [pool-3-thread-9] INFO  e.e.e.d.x.v.XAdESCertificateSource - +XAdESCertificateSource
11:06:51.074 [pool-3-thread-27] INFO  e.e.e.d.v.CommonCertificateVerifier - + New CommonCertificateVerifier created.
11:06:51.077 [pool-3-thread-29] INFO  e.e.e.d.x.v.XAdESCertificateSource - +XAdESCertificateSource
11:06:51.161 [pool-3-thread-25] INFO  e.e.e.d.v.CommonCertificateVerifier - + New CommonCertificateVerifier created.
11:06:51.200 [pool-3-thread-2] INFO  e.e.e.d.v.CommonCertificateVerifier - + New CommonCertificateVerifier created.
11:06:51.200 [pool-3-thread-26] INFO  e.e.e.d.v.CommonCertificateVerifier - + New CommonCertificateVerifier created.
11:06:51.314 [pool-3-thread-23] INFO  e.e.e.d.v.SignedDocumentValidator - Document validation...
11:06:51.399 [pool-3-thread-23] INFO  e.e.e.d.v.CommonCertificateVerifier - + New CommonCertificateVerifier created.
11:06:51.469 [pool-3-thread-2] INFO  e.e.e.d.x.v.XAdESCertificateSource - +XAdESCertificateSource
11:06:51.497 [pool-3-thread-23] INFO  e.e.e.d.v.CommonCertificateVerifier - + New CommonCertificateVerifier created.
11:06:51.516 [pool-3-thread-27] INFO  e.e.e.d.x.v.XAdESCertificateSource - +XAdESCertificateSource
11:06:51.570 [pool-3-thread-26] INFO  e.e.e.d.x.v.XAdESCertificateSource - +XAdESCertificateSource
11:06:51.749 [pool-3-thread-25] INFO  e.e.e.d.x.v.XAdESCertificateSource - +XAdESCertificateSource
11:06:51.885 [pool-3-thread-12] INFO  e.e.e.d.v.CommonCertificateVerifier - + New CommonCertificateVerifier created.
11:06:51.967 [pool-3-thread-5] INFO  e.e.e.d.v.CommonCertificateVerifier - + New CommonCertificateVerifier created.
11:06:52.013 [pool-3-thread-12] INFO  e.e.e.d.v.SignedDocumentValidator - Document validation...
11:06:52.078 [pool-3-thread-23] INFO  e.e.e.d.x.v.XAdESCertificateSource - +XAdESCertificateSource
11:06:52.086 [pool-3-thread-12] INFO  e.e.e.d.v.CommonCertificateVerifier - + New CommonCertificateVerifier created.
11:06:52.091 [pool-3-thread-5] INFO  e.e.e.d.v.SignedDocumentValidator - Document validation...
11:06:52.158 [pool-3-thread-12] INFO  e.e.e.d.v.CommonCertificateVerifier - + New CommonCertificateVerifier created.
11:06:52.175 [pool-3-thread-5] INFO  e.e.e.d.v.CommonCertificateVerifier - + New CommonCertificateVerifier created.
11:06:52.228 [pool-3-thread-5] INFO  e.e.e.d.v.CommonCertificateVerifier - + New CommonCertificateVerifier created.
11:06:52.278 [pool-3-thread-17] INFO  e.e.e.d.v.CommonCertificateVerifier - + New CommonCertificateVerifier created.
11:06:52.546 [pool-3-thread-5] INFO  e.e.e.d.x.v.XAdESCertificateSource - +XAdESCertificateSource
11:06:52.548 [pool-3-thread-12] INFO  e.e.e.d.x.v.XAdESCertificateSource - +XAdESCertificateSource
11:06:52.639 [pool-3-thread-14] INFO  e.e.e.d.v.CommonCertificateVerifier - + New CommonCertificateVerifier created.
11:06:52.710 [pool-3-thread-17] INFO  e.e.e.d.v.SignedDocumentValidator - Document validation...
11:06:52.770 [pool-3-thread-17] INFO  e.e.e.d.v.CommonCertificateVerifier - + New CommonCertificateVerifier created.
11:06:52.802 [pool-3-thread-17] INFO  e.e.e.d.v.CommonCertificateVerifier - + New CommonCertificateVerifier created.
11:06:52.809 [pool-3-thread-14] INFO  e.e.e.d.v.SignedDocumentValidator - Document validation...
11:06:52.982 [pool-3-thread-14] INFO  e.e.e.d.v.CommonCertificateVerifier - + New CommonCertificateVerifier created.
11:06:53.074 [pool-3-thread-14] INFO  e.e.e.d.v.CommonCertificateVerifier - + New CommonCertificateVerifier created.
11:06:53.185 [pool-3-thread-17] INFO  e.e.e.d.x.v.XAdESCertificateSource - +XAdESCertificateSource
11:06:53.296 [pool-3-thread-10] INFO  e.e.e.d.v.CommonCertificateVerifier - + New CommonCertificateVerifier created.
11:06:53.703 [pool-3-thread-10] INFO  e.e.e.d.v.SignedDocumentValidator - Document validation...
11:06:53.892 [pool-3-thread-14] INFO  e.e.e.d.x.v.XAdESCertificateSource - +XAdESCertificateSource
11:06:53.944 [pool-3-thread-10] INFO  e.e.e.d.v.CommonCertificateVerifier - + New CommonCertificateVerifier created.
11:06:54.019 [pool-3-thread-30] INFO  e.e.e.d.v.CommonCertificateVerifier - + New CommonCertificateVerifier created.
11:06:54.087 [pool-3-thread-30] INFO  e.e.e.d.v.SignedDocumentValidator - Document validation...
11:06:54.116 [pool-3-thread-10] INFO  e.e.e.d.v.CommonCertificateVerifier - + New CommonCertificateVerifier created.
11:06:54.148 [pool-3-thread-30] INFO  e.e.e.d.v.CommonCertificateVerifier - + New CommonCertificateVerifier created.
11:06:54.207 [pool-3-thread-30] INFO  e.e.e.d.v.CommonCertificateVerifier - + New CommonCertificateVerifier created.
11:06:54.392 [pool-3-thread-30] INFO  e.e.e.d.x.v.XAdESCertificateSource - +XAdESCertificateSource
11:06:54.527 [pool-3-thread-10] INFO  e.e.e.d.x.v.XAdESCertificateSource - +XAdESCertificateSource
11:06:54.871 [pool-3-thread-6] INFO  e.e.e.d.v.CommonCertificateVerifier - + New CommonCertificateVerifier created.
11:06:55.011 [pool-3-thread-6] INFO  e.e.e.d.v.SignedDocumentValidator - Document validation...
11:06:55.142 [pool-3-thread-6] INFO  e.e.e.d.v.CommonCertificateVerifier - + New CommonCertificateVerifier created.
11:06:55.195 [pool-3-thread-6] INFO  e.e.e.d.v.CommonCertificateVerifier - + New CommonCertificateVerifier created.
11:06:55.569 [pool-3-thread-6] INFO  e.e.e.d.x.v.XAdESCertificateSource - +XAdESCertificateSource
11:06:57.283 [main] INFO  e.e.esig.dss.tsl.job.TLValidationJob - Analysis is DONE for 31 TLSource(s)
11:06:57.370 [main] WARN  e.e.e.d.t.s.TrustedListCertificateSourceSynchronizer - No Parsing result for TLInfo with url [https://elektroninisparasas.lt/LT-TSL.xml]
11:06:57.604 [main] INFO  e.e.esig.dss.tsl.job.TLValidationJob - Offline refresh is DONE.
11:06:58.231 [main] DEBUG FOP - target-resolution set to: 72.0dpi (px2mm=0.35277778)
11:06:58.249 [main] INFO  e.e.e.d.v.CommonCertificateVerifier - + New CommonCertificateVerifier created.
11:06:58.622 [main] INFO  o.s.s.web.DefaultSecurityFilterChain - Will secure any request with [org.springframework.security.web.session.DisableEncodeUrlFilter@21b744ec, org.springframework.security.web.context.request.async.WebAsyncManagerIntegrationFilter@697a92af, org.springframework.security.web.context.SecurityContextHolderFilter@56b9d43f, org.springframework.security.web.header.HeaderWriterFilter@5635bcd2, org.springframework.security.web.csrf.CsrfFilter@4e4d0a0b, org.springframework.security.web.authentication.logout.LogoutFilter@65e620b0, org.springframework.security.web.savedrequest.RequestCacheAwareFilter@1214d23c, org.springframework.security.web.servletapi.SecurityContextHolderAwareRequestFilter@41582899, org.springframework.security.web.authentication.AnonymousAuthenticationFilter@7ea3839e, org.springframework.security.web.access.ExceptionTranslationFilter@2b936b04, org.springframework.security.web.access.intercept.AuthorizationFilter@2e3cd732]
11:06:58.809 [main] INFO  e.e.e.dss.web.service.FOPServiceTest - Started FOPServiceTest in 15.452 seconds (process running for 18.721)
11:06:58.826 [pool-5-thread-1] DEBUG i.m.c.u.i.l.InternalLoggerFactory - Using SLF4J as the default logging framework
11:06:58.826 [pool-5-thread-1] INFO  e.e.esig.dss.tsl.job.TLValidationJob - Online refresh is running...
11:06:58.826 [pool-5-thread-1] INFO  e.e.esig.dss.tsl.job.TLValidationJob - Running analysis for 1 LOTLSource(s)
11:07:00.007 [main] DEBUG FOP - User configuration found for MIME type application/pdf
11:07:00.109 [main] DEBUG FOP - User configuration found for MIME type application/pdf
11:07:02.466 [pool-5-thread-1] INFO  e.e.esig.dss.tsl.job.TLValidationJob - Analysis is DONE for 1 LOTLSource(s)
11:07:02.471 [pool-5-thread-1] INFO  e.e.esig.dss.tsl.job.TLValidationJob - Running analysis for 31 TLSource(s)
11:07:03.163 [pool-3-thread-24] ERROR e.e.e.d.t.runnable.AbstractAnalysis - Unable to process GET call for url [https://elektroninisparasas.lt/LT-TSL.xml]. Reason : [PKIX path building failed: sun.security.provider.certpath.SunCertPathBuilderException: unable to find valid certification path to requested target]
]]></system-out>
  </testcase>
  <testcase name="generateSimpleReport" classname="eu.europa.esig.dss.web.service.FOPServiceTest" time="0.262">
    <system-out><![CDATA[11:07:04.133 [main] DEBUG FOP - User configuration found for MIME type application/pdf
11:07:04.134 [main] DEBUG FOP - User configuration found for MIME type application/pdf
]]></system-out>
  </testcase>
  <testcase name="generateSimpleReportMulti" classname="eu.europa.esig.dss.web.service.FOPServiceTest" time="0.153">
    <system-out><![CDATA[11:07:04.364 [main] DEBUG FOP - User configuration found for MIME type application/pdf
11:07:04.365 [main] DEBUG FOP - User configuration found for MIME type application/pdf
]]></system-out>
  </testcase>
  <testcase name="generateDetailedReport" classname="eu.europa.esig.dss.web.service.FOPServiceTest" time="0.661">
    <system-out><![CDATA[11:07:04.527 [main] DEBUG FOP - User configuration found for MIME type application/pdf
11:07:04.528 [main] DEBUG FOP - User configuration found for MIME type application/pdf
]]></system-out>
  </testcase>
</testsuite>