<?xml version="1.0" encoding="UTF-8"?>
<testsuite xmlns:xsi="http://www.w3.org/2001/XMLSchema-instance" xsi:noNamespaceSchemaLocation="https://maven.apache.org/surefire/maven-surefire-plugin/xsd/surefire-test-report-3.0.xsd" version="3.0" name="eu.europa.esig.dss.web.service.TSPConfigTest" time="0.219" tests="1" errors="0" skipped="0" failures="0">
  <properties>
    <property name="java.specification.version" value="21"/>
    <property name="sun.cpu.isalist" value="amd64"/>
    <property name="sun.jnu.encoding" value="Cp1252"/>
    <property name="java.class.path" value="C:\Users\kakit\Downloads\dss-demonstrations\dss-demo-webapp\target\test-classes;C:\Users\kakit\Downloads\dss-demonstrations\dss-demo-webapp\target\classes;C:\Users\kakit\.m2\repository\org\springframework\boot\spring-boot-starter-security\3.2.0\spring-boot-starter-security-3.2.0.jar;C:\Users\kakit\.m2\repository\org\springframework\boot\spring-boot-starter\3.2.0\spring-boot-starter-3.2.0.jar;C:\Users\kakit\.m2\repository\org\springframework\boot\spring-boot\3.2.0\spring-boot-3.2.0.jar;C:\Users\kakit\.m2\repository\org\springframework\boot\spring-boot-autoconfigure\3.2.0\spring-boot-autoconfigure-3.2.0.jar;C:\Users\kakit\.m2\repository\org\springframework\boot\spring-boot-starter-logging\3.2.0\spring-boot-starter-logging-3.2.0.jar;C:\Users\kakit\.m2\repository\ch\qos\logback\logback-classic\1.3.14\logback-classic-1.3.14.jar;C:\Users\kakit\.m2\repository\ch\qos\logback\logback-core\1.3.14\logback-core-1.3.14.jar;C:\Users\kakit\.m2\repository\org\apache\logging\log4j\log4j-to-slf4j\2.21.1\log4j-to-slf4j-2.21.1.jar;C:\Users\kakit\.m2\repository\org\apache\logging\log4j\log4j-api\2.21.1\log4j-api-2.21.1.jar;C:\Users\kakit\.m2\repository\org\slf4j\jul-to-slf4j\2.0.9\jul-to-slf4j-2.0.9.jar;C:\Users\kakit\.m2\repository\org\yaml\snakeyaml\2.2\snakeyaml-2.2.jar;C:\Users\kakit\.m2\repository\org\springframework\spring-aop\6.1.1\spring-aop-6.1.1.jar;C:\Users\kakit\.m2\repository\org\springframework\spring-beans\6.1.1\spring-beans-6.1.1.jar;C:\Users\kakit\.m2\repository\org\springframework\security\spring-security-config\6.2.0\spring-security-config-6.2.0.jar;C:\Users\kakit\.m2\repository\org\springframework\security\spring-security-core\6.2.0\spring-security-core-6.2.0.jar;C:\Users\kakit\.m2\repository\org\springframework\security\spring-security-crypto\6.2.0\spring-security-crypto-6.2.0.jar;C:\Users\kakit\.m2\repository\org\springframework\spring-context\6.1.1\spring-context-6.1.1.jar;C:\Users\kakit\.m2\repository\org\springframework\security\spring-security-web\6.2.0\spring-security-web-6.2.0.jar;C:\Users\kakit\.m2\repository\org\springframework\spring-expression\6.1.1\spring-expression-6.1.1.jar;C:\Users\kakit\.m2\repository\org\springframework\boot\spring-boot-starter-thymeleaf\3.2.0\spring-boot-starter-thymeleaf-3.2.0.jar;C:\Users\kakit\.m2\repository\org\thymeleaf\thymeleaf-spring6\3.1.2.RELEASE\thymeleaf-spring6-3.1.2.RELEASE.jar;C:\Users\kakit\.m2\repository\org\springframework\boot\spring-boot-starter-web\3.2.0\spring-boot-starter-web-3.2.0.jar;C:\Users\kakit\.m2\repository\org\springframework\boot\spring-boot-starter-json\3.2.0\spring-boot-starter-json-3.2.0.jar;C:\Users\kakit\.m2\repository\com\fasterxml\jackson\core\jackson-databind\2.15.3\jackson-databind-2.15.3.jar;C:\Users\kakit\.m2\repository\com\fasterxml\jackson\datatype\jackson-datatype-jdk8\2.15.3\jackson-datatype-jdk8-2.15.3.jar;C:\Users\kakit\.m2\repository\com\fasterxml\jackson\datatype\jackson-datatype-jsr310\2.15.3\jackson-datatype-jsr310-2.15.3.jar;C:\Users\kakit\.m2\repository\com\fasterxml\jackson\module\jackson-module-parameter-names\2.15.3\jackson-module-parameter-names-2.15.3.jar;C:\Users\kakit\.m2\repository\org\springframework\spring-web\6.1.1\spring-web-6.1.1.jar;C:\Users\kakit\.m2\repository\io\micrometer\micrometer-observation\1.12.0\micrometer-observation-1.12.0.jar;C:\Users\kakit\.m2\repository\io\micrometer\micrometer-commons\1.12.0\micrometer-commons-1.12.0.jar;C:\Users\kakit\.m2\repository\org\springframework\spring-webmvc\6.1.1\spring-webmvc-6.1.1.jar;C:\Users\kakit\.m2\repository\org\springframework\boot\spring-boot-starter-validation\3.2.0\spring-boot-starter-validation-3.2.0.jar;C:\Users\kakit\.m2\repository\org\apache\tomcat\embed\tomcat-embed-el\10.1.16\tomcat-embed-el-10.1.16.jar;C:\Users\kakit\.m2\repository\org\hibernate\validator\hibernate-validator\8.0.1.Final\hibernate-validator-8.0.1.Final.jar;C:\Users\kakit\.m2\repository\jakarta\validation\jakarta.validation-api\3.0.2\jakarta.validation-api-3.0.2.jar;C:\Users\kakit\.m2\repository\org\jboss\logging\jboss-logging\3.5.3.Final\jboss-logging-3.5.3.Final.jar;C:\Users\kakit\.m2\repository\com\fasterxml\classmate\1.6.0\classmate-1.6.0.jar;C:\Users\kakit\.m2\repository\org\springframework\boot\spring-boot-starter-jdbc\3.2.0\spring-boot-starter-jdbc-3.2.0.jar;C:\Users\kakit\.m2\repository\org\springframework\spring-jdbc\6.1.1\spring-jdbc-6.1.1.jar;C:\Users\kakit\.m2\repository\org\springframework\spring-tx\6.1.1\spring-tx-6.1.1.jar;C:\Users\kakit\.m2\repository\nz\net\ultraq\thymeleaf\thymeleaf-layout-dialect\3.3.0\thymeleaf-layout-dialect-3.3.0.jar;C:\Users\kakit\.m2\repository\org\apache\groovy\groovy\4.0.15\groovy-4.0.15.jar;C:\Users\kakit\.m2\repository\nz\net\ultraq\groovy\groovy-extensions\2.1.0\groovy-extensions-2.1.0.jar;C:\Users\kakit\.m2\repository\nz\net\ultraq\thymeleaf\thymeleaf-expression-processor\3.2.0\thymeleaf-expression-processor-3.2.0.jar;C:\Users\kakit\.m2\repository\org\thymeleaf\thymeleaf\3.1.2.RELEASE\thymeleaf-3.1.2.RELEASE.jar;C:\Users\kakit\.m2\repository\ognl\ognl\3.3.4\ognl-3.3.4.jar;C:\Users\kakit\.m2\repository\org\attoparser\attoparser\2.0.7.RELEASE\attoparser-2.0.7.RELEASE.jar;C:\Users\kakit\.m2\repository\org\unbescape\unbescape\1.1.6.RELEASE\unbescape-1.1.6.RELEASE.jar;C:\Users\kakit\.m2\repository\org\slf4j\slf4j-api\2.0.9\slf4j-api-2.0.9.jar;C:\Users\kakit\.m2\repository\eu\europa\ec\joinup\sd-dss\dss-service\6.0\dss-service-6.0.jar;C:\Users\kakit\.m2\repository\eu\europa\ec\joinup\sd-dss\dss-spi\6.0\dss-spi-6.0.jar;C:\Users\kakit\.m2\repository\eu\europa\ec\joinup\sd-dss\dss-alert\6.0\dss-alert-6.0.jar;C:\Users\kakit\.m2\repository\org\bouncycastle\bcpkix-jdk18on\1.76\bcpkix-jdk18on-1.76.jar;C:\Users\kakit\.m2\repository\org\bouncycastle\bcutil-jdk18on\1.76\bcutil-jdk18on-1.76.jar;C:\Users\kakit\.m2\repository\org\apache\httpcomponents\client5\httpclient5\5.3\httpclient5-5.3.jar;C:\Users\kakit\.m2\repository\org\apache\httpcomponents\core5\httpcore5\5.2.3\httpcore5-5.2.3.jar;C:\Users\kakit\.m2\repository\org\apache\httpcomponents\core5\httpcore5-h2\5.2.3\httpcore5-h2-5.2.3.jar;C:\Users\kakit\.m2\repository\eu\europa\ec\joinup\sd-dss\dss-tsl-validation\6.0\dss-tsl-validation-6.0.jar;C:\Users\kakit\.m2\repository\eu\europa\ec\joinup\sd-dss\specs-trusted-list\6.0\specs-trusted-list-6.0.jar;C:\Users\kakit\.m2\repository\eu\europa\ec\joinup\sd-dss\specs-xmldsig\6.0\specs-xmldsig-6.0.jar;C:\Users\kakit\.m2\repository\eu\europa\ec\joinup\sd-dss\specs-xades\6.0\specs-xades-6.0.jar;C:\Users\kakit\.m2\repository\eu\europa\ec\joinup\sd-dss\dss-jaxb-parsers\6.0\dss-jaxb-parsers-6.0.jar;C:\Users\kakit\.m2\repository\eu\europa\ec\joinup\sd-dss\dss-xades\6.0\dss-xades-6.0.jar;C:\Users\kakit\.m2\repository\eu\europa\ec\joinup\sd-dss\dss-document\6.0\dss-document-6.0.jar;C:\Users\kakit\.m2\repository\eu\europa\ec\joinup\sd-dss\validation-policy\6.0\validation-policy-6.0.jar;C:\Users\kakit\.m2\repository\eu\europa\ec\joinup\sd-dss\dss-policy-jaxb\6.0\dss-policy-jaxb-6.0.jar;C:\Users\kakit\.m2\repository\eu\europa\ec\joinup\sd-dss\dss-i18n\6.0\dss-i18n-6.0.jar;C:\Users\kakit\.m2\repository\eu\europa\ec\joinup\sd-dss\dss-utils-google-guava\6.0\dss-utils-google-guava-6.0.jar;C:\Users\kakit\.m2\repository\eu\europa\ec\joinup\sd-dss\dss-utils\6.0\dss-utils-6.0.jar;C:\Users\kakit\.m2\repository\com\google\guava\guava\32.1.3-jre\guava-32.1.3-jre.jar;C:\Users\kakit\.m2\repository\com\google\guava\failureaccess\1.0.1\failureaccess-1.0.1.jar;C:\Users\kakit\.m2\repository\com\google\guava\listenablefuture\9999.0-empty-to-avoid-conflict-with-guava\listenablefuture-9999.0-empty-to-avoid-conflict-with-guava.jar;C:\Users\kakit\.m2\repository\com\google\code\findbugs\jsr305\3.0.2\jsr305-3.0.2.jar;C:\Users\kakit\.m2\repository\org\checkerframework\checker-qual\3.37.0\checker-qual-3.37.0.jar;C:\Users\kakit\.m2\repository\com\google\errorprone\error_prone_annotations\2.21.1\error_prone_annotations-2.21.1.jar;C:\Users\kakit\.m2\repository\com\google\j2objc\j2objc-annotations\2.8\j2objc-annotations-2.8.jar;C:\Users\kakit\.m2\repository\eu\europa\ec\joinup\sd-dss\dss-crl-parser-stream\6.0\dss-crl-parser-stream-6.0.jar;C:\Users\kakit\.m2\repository\eu\europa\ec\joinup\sd-dss\dss-crl-parser\6.0\dss-crl-parser-6.0.jar;C:\Users\kakit\.m2\repository\org\bouncycastle\bcprov-jdk18on\1.76\bcprov-jdk18on-1.76.jar;C:\Users\kakit\.m2\repository\eu\europa\ec\joinup\sd-dss\dss-signature-soap\6.0\dss-signature-soap-6.0.jar;C:\Users\kakit\.m2\repository\eu\europa\ec\joinup\sd-dss\dss-signature-soap-client\6.0\dss-signature-soap-client-6.0.jar;C:\Users\kakit\.m2\repository\eu\europa\ec\joinup\sd-dss\dss-signature-dto\6.0\dss-signature-dto-6.0.jar;C:\Users\kakit\.m2\repository\eu\europa\ec\joinup\sd-dss\dss-common-remote-dto\6.0\dss-common-remote-dto-6.0.jar;C:\Users\kakit\.m2\repository\eu\europa\ec\joinup\sd-dss\dss-signature-remote\6.0\dss-signature-remote-6.0.jar;C:\Users\kakit\.m2\repository\eu\europa\ec\joinup\sd-dss\dss-common-remote-converter\6.0\dss-common-remote-converter-6.0.jar;C:\Users\kakit\.m2\repository\eu\europa\ec\joinup\sd-dss\dss-cades\6.0\dss-cades-6.0.jar;C:\Users\kakit\.m2\repository\eu\europa\ec\joinup\sd-dss\dss-jades\6.0\dss-jades-6.0.jar;C:\Users\kakit\.m2\repository\eu\europa\ec\joinup\sd-dss\specs-jades\6.0\specs-jades-6.0.jar;C:\Users\kakit\.m2\repository\eu\europa\ec\joinup\sd-dss\specs-jws\6.0\specs-jws-6.0.jar;C:\Users\kakit\.m2\repository\com\github\erosb\everit-json-schema\1.14.3\everit-json-schema-1.14.3.jar;C:\Users\kakit\.m2\repository\org\json\json\20231013\json-20231013.jar;C:\Users\kakit\.m2\repository\commons-validator\commons-validator\1.7\commons-validator-1.7.jar;C:\Users\kakit\.m2\repository\commons-digester\commons-digester\2.1\commons-digester-2.1.jar;C:\Users\kakit\.m2\repository\commons-collections\commons-collections\3.2.2\commons-collections-3.2.2.jar;C:\Users\kakit\.m2\repository\com\damnhandy\handy-uri-templates\2.1.8\handy-uri-templates-2.1.8.jar;C:\Users\kakit\.m2\repository\joda-time\joda-time\2.10.2\joda-time-2.10.2.jar;C:\Users\kakit\.m2\repository\com\google\re2j\re2j\1.6\re2j-1.6.jar;C:\Users\kakit\.m2\repository\org\bitbucket\b_c\jose4j\0.9.4\jose4j-0.9.4.jar;C:\Users\kakit\.m2\repository\eu\europa\ec\joinup\sd-dss\dss-asic-cades\6.0\dss-asic-cades-6.0.jar;C:\Users\kakit\.m2\repository\eu\europa\ec\joinup\sd-dss\dss-asic-common\6.0\dss-asic-common-6.0.jar;C:\Users\kakit\.m2\repository\eu\europa\ec\joinup\sd-dss\specs-asic-manifest\6.0\specs-asic-manifest-6.0.jar;C:\Users\kakit\.m2\repository\eu\europa\ec\joinup\sd-dss\dss-asic-xades\6.0\dss-asic-xades-6.0.jar;C:\Users\kakit\.m2\repository\eu\europa\ec\joinup\sd-dss\dss-validation-soap\6.0\dss-validation-soap-6.0.jar;C:\Users\kakit\.m2\repository\eu\europa\ec\joinup\sd-dss\dss-validation-soap-client\6.0\dss-validation-soap-client-6.0.jar;C:\Users\kakit\.m2\repository\eu\europa\ec\joinup\sd-dss\dss-validation-dto\6.0\dss-validation-dto-6.0.jar;C:\Users\kakit\.m2\repository\eu\europa\ec\joinup\sd-dss\dss-diagnostic-jaxb\6.0\dss-diagnostic-jaxb-6.0.jar;C:\Users\kakit\.m2\repository\eu\europa\ec\joinup\sd-dss\dss-simple-report-jaxb\6.0\dss-simple-report-jaxb-6.0.jar;C:\Users\kakit\.m2\repository\eu\europa\ec\joinup\sd-dss\dss-detailed-report-jaxb\6.0\dss-detailed-report-jaxb-6.0.jar;C:\Users\kakit\.m2\repository\eu\europa\ec\joinup\sd-dss\specs-validation-report\6.0\specs-validation-report-6.0.jar;C:\Users\kakit\.m2\repository\eu\europa\ec\joinup\sd-dss\dss-validation-server-common\6.0\dss-validation-server-common-6.0.jar;C:\Users\kakit\.m2\repository\eu\europa\ec\joinup\sd-dss\dss-certificate-validation-soap\6.0\dss-certificate-validation-soap-6.0.jar;C:\Users\kakit\.m2\repository\eu\europa\ec\joinup\sd-dss\dss-certificate-validation-common\6.0\dss-certificate-validation-common-6.0.jar;C:\Users\kakit\.m2\repository\eu\europa\ec\joinup\sd-dss\dss-certificate-validation-dto\6.0\dss-certificate-validation-dto-6.0.jar;C:\Users\kakit\.m2\repository\eu\europa\ec\joinup\sd-dss\dss-simple-certificate-report-jaxb\6.0\dss-simple-certificate-report-jaxb-6.0.jar;C:\Users\kakit\.m2\repository\eu\europa\ec\joinup\sd-dss\dss-certificate-validation-soap-client\6.0\dss-certificate-validation-soap-client-6.0.jar;C:\Users\kakit\.m2\repository\eu\europa\ec\joinup\sd-dss\dss-server-signing-soap\6.0\dss-server-signing-soap-6.0.jar;C:\Users\kakit\.m2\repository\eu\europa\ec\joinup\sd-dss\dss-server-signing-common\6.0\dss-server-signing-common-6.0.jar;C:\Users\kakit\.m2\repository\eu\europa\ec\joinup\sd-dss\dss-server-signing-dto\6.0\dss-server-signing-dto-6.0.jar;C:\Users\kakit\.m2\repository\eu\europa\ec\joinup\sd-dss\dss-server-signing-soap-client\6.0\dss-server-signing-soap-client-6.0.jar;C:\Users\kakit\.m2\repository\eu\europa\ec\joinup\sd-dss\dss-timestamp-remote-soap\6.0\dss-timestamp-remote-soap-6.0.jar;C:\Users\kakit\.m2\repository\eu\europa\ec\joinup\sd-dss\dss-timestamp-remote\6.0\dss-timestamp-remote-6.0.jar;C:\Users\kakit\.m2\repository\eu\europa\ec\joinup\sd-dss\dss-timestamp-dto\6.0\dss-timestamp-dto-6.0.jar;C:\Users\kakit\.m2\repository\eu\europa\ec\joinup\sd-dss\dss-timestamp-remote-soap-client\6.0\dss-timestamp-remote-soap-client-6.0.jar;C:\Users\kakit\.m2\repository\eu\europa\ec\joinup\sd-dss\dss-pades-pdfbox\6.0\dss-pades-pdfbox-6.0.jar;C:\Users\kakit\.m2\repository\eu\europa\ec\joinup\sd-dss\dss-pades\6.0\dss-pades-6.0.jar;C:\Users\kakit\.m2\repository\org\apache\pdfbox\pdfbox\2.0.30\pdfbox-2.0.30.jar;C:\Users\kakit\.m2\repository\org\apache\pdfbox\fontbox\2.0.30\fontbox-2.0.30.jar;C:\Users\kakit\.m2\repository\eu\europa\ec\joinup\sd-dss\dss-signature-rest\6.0\dss-signature-rest-6.0.jar;C:\Users\kakit\.m2\repository\eu\europa\ec\joinup\sd-dss\dss-signature-rest-client\6.0\dss-signature-rest-client-6.0.jar;C:\Users\kakit\.m2\repository\jakarta\ws\rs\jakarta.ws.rs-api\3.1.0\jakarta.ws.rs-api-3.1.0.jar;C:\Users\kakit\.m2\repository\eu\europa\ec\joinup\sd-dss\dss-validation-rest\6.0\dss-validation-rest-6.0.jar;C:\Users\kakit\.m2\repository\eu\europa\ec\joinup\sd-dss\dss-validation-rest-client\6.0\dss-validation-rest-client-6.0.jar;C:\Users\kakit\.m2\repository\eu\europa\ec\joinup\sd-dss\dss-certificate-validation-rest\6.0\dss-certificate-validation-rest-6.0.jar;C:\Users\kakit\.m2\repository\eu\europa\ec\joinup\sd-dss\dss-certificate-validation-rest-client\6.0\dss-certificate-validation-rest-client-6.0.jar;C:\Users\kakit\.m2\repository\eu\europa\ec\joinup\sd-dss\dss-server-signing-rest\6.0\dss-server-signing-rest-6.0.jar;C:\Users\kakit\.m2\repository\eu\europa\ec\joinup\sd-dss\dss-server-signing-rest-client\6.0\dss-server-signing-rest-client-6.0.jar;C:\Users\kakit\.m2\repository\eu\europa\ec\joinup\sd-dss\dss-timestamp-remote-rest\6.0\dss-timestamp-remote-rest-6.0.jar;C:\Users\kakit\.m2\repository\eu\europa\ec\joinup\sd-dss\dss-timestamp-remote-rest-client\6.0\dss-timestamp-remote-rest-client-6.0.jar;C:\Users\kakit\.m2\repository\eu\europa\ec\joinup\sd-dss\dss-token\6.0\dss-token-6.0.jar;C:\Users\kakit\.m2\repository\eu\europa\ec\joinup\sd-dss\dss-model\6.0\dss-model-6.0.jar;C:\Users\kakit\.m2\repository\eu\europa\ec\joinup\sd-dss\dss-enumerations\6.0\dss-enumerations-6.0.jar;C:\Users\kakit\.m2\repository\eu\europa\ec\joinup\sd-dss\dss-evidence-record-xml\6.0\dss-evidence-record-xml-6.0.jar;C:\Users\kakit\.m2\repository\eu\europa\ec\joinup\sd-dss\dss-evidence-record-common\6.0\dss-evidence-record-common-6.0.jar;C:\Users\kakit\.m2\repository\eu\europa\ec\joinup\sd-dss\specs-xmlers\6.0\specs-xmlers-6.0.jar;C:\Users\kakit\.m2\repository\eu\europa\ec\joinup\sd-dss\dss-jaxb-common\6.0\dss-jaxb-common-6.0.jar;C:\Users\kakit\.m2\repository\eu\europa\ec\joinup\sd-dss\dss-xml-utils\6.0\dss-xml-utils-6.0.jar;C:\Users\kakit\.m2\repository\eu\europa\ec\joinup\sd-dss\dss-xml-common\6.0\dss-xml-common-6.0.jar;C:\Users\kakit\.m2\repository\org\apache\santuario\xmlsec\3.0.3\xmlsec-3.0.3.jar;C:\Users\kakit\.m2\repository\commons-codec\commons-codec\1.16.0\commons-codec-1.16.0.jar;C:\Users\kakit\.m2\repository\org\apache\cxf\cxf-rt-rs-service-description\4.0.3\cxf-rt-rs-service-description-4.0.3.jar;C:\Users\kakit\.m2\repository\org\apache\cxf\cxf-rt-frontend-jaxrs\4.0.3\cxf-rt-frontend-jaxrs-4.0.3.jar;C:\Users\kakit\.m2\repository\org\apache\cxf\cxf-rt-security\4.0.3\cxf-rt-security-4.0.3.jar;C:\Users\kakit\.m2\repository\org\apache\cxf\cxf-rt-features-logging\4.0.3\cxf-rt-features-logging-4.0.3.jar;C:\Users\kakit\.m2\repository\jakarta\xml\ws\jakarta.xml.ws-api\3.0.1\jakarta.xml.ws-api-3.0.1.jar;C:\Users\kakit\.m2\repository\jakarta\xml\soap\jakarta.xml.soap-api\3.0.1\jakarta.xml.soap-api-3.0.1.jar;C:\Users\kakit\.m2\repository\jakarta\jws\jakarta.jws-api\3.0.0\jakarta.jws-api-3.0.0.jar;C:\Users\kakit\.m2\repository\org\apache\cxf\cxf-core\4.0.3\cxf-core-4.0.3.jar;C:\Users\kakit\.m2\repository\com\fasterxml\woodstox\woodstox-core\6.5.1\woodstox-core-6.5.1.jar;C:\Users\kakit\.m2\repository\org\codehaus\woodstox\stax2-api\4.2.1\stax2-api-4.2.1.jar;C:\Users\kakit\.m2\repository\org\apache\ws\xmlschema\xmlschema-core\2.3.1\xmlschema-core-2.3.1.jar;C:\Users\kakit\.m2\repository\org\apache\cxf\cxf-rt-rs-service-description-openapi-v3\4.0.3\cxf-rt-rs-service-description-openapi-v3-4.0.3.jar;C:\Users\kakit\.m2\repository\org\apache\cxf\cxf-rt-rs-service-description-common-openapi\4.0.3\cxf-rt-rs-service-description-common-openapi-4.0.3.jar;C:\Users\kakit\.m2\repository\org\apache\cxf\cxf-rt-rs-service-description-swagger-ui\4.0.3\cxf-rt-rs-service-description-swagger-ui-4.0.3.jar;C:\Users\kakit\.m2\repository\io\swagger\core\v3\swagger-jaxrs2-jakarta\2.2.15\swagger-jaxrs2-jakarta-2.2.15.jar;C:\Users\kakit\.m2\repository\io\github\classgraph\classgraph\4.8.154\classgraph-4.8.154.jar;C:\Users\kakit\.m2\repository\org\javassist\javassist\3.29.2-GA\javassist-3.29.2-GA.jar;C:\Users\kakit\.m2\repository\io\swagger\core\v3\swagger-models-jakarta\2.2.15\swagger-models-jakarta-2.2.15.jar;C:\Users\kakit\.m2\repository\io\swagger\core\v3\swagger-annotations-jakarta\2.2.15\swagger-annotations-jakarta-2.2.15.jar;C:\Users\kakit\.m2\repository\io\swagger\core\v3\swagger-integration-jakarta\2.2.15\swagger-integration-jakarta-2.2.15.jar;C:\Users\kakit\.m2\repository\io\swagger\core\v3\swagger-core-jakarta\2.2.15\swagger-core-jakarta-2.2.15.jar;C:\Users\kakit\.m2\repository\org\apache\commons\commons-lang3\3.13.0\commons-lang3-3.13.0.jar;C:\Users\kakit\.m2\repository\com\fasterxml\jackson\dataformat\jackson-dataformat-yaml\2.15.3\jackson-dataformat-yaml-2.15.3.jar;C:\Users\kakit\.m2\repository\org\apache\cxf\cxf-rt-transports-http\4.0.3\cxf-rt-transports-http-4.0.3.jar;C:\Users\kakit\.m2\repository\org\apache\cxf\cxf-rt-frontend-jaxws\4.0.3\cxf-rt-frontend-jaxws-4.0.3.jar;C:\Users\kakit\.m2\repository\xml-resolver\xml-resolver\1.2\xml-resolver-1.2.jar;C:\Users\kakit\.m2\repository\org\ow2\asm\asm\9.5\asm-9.5.jar;C:\Users\kakit\.m2\repository\org\apache\cxf\cxf-rt-bindings-soap\4.0.3\cxf-rt-bindings-soap-4.0.3.jar;C:\Users\kakit\.m2\repository\org\apache\cxf\cxf-rt-wsdl\4.0.3\cxf-rt-wsdl-4.0.3.jar;C:\Users\kakit\.m2\repository\wsdl4j\wsdl4j\1.6.3\wsdl4j-1.6.3.jar;C:\Users\kakit\.m2\repository\org\apache\cxf\cxf-rt-databinding-jaxb\4.0.3\cxf-rt-databinding-jaxb-4.0.3.jar;C:\Users\kakit\.m2\repository\org\apache\cxf\cxf-rt-bindings-xml\4.0.3\cxf-rt-bindings-xml-4.0.3.jar;C:\Users\kakit\.m2\repository\org\apache\cxf\cxf-rt-frontend-simple\4.0.3\cxf-rt-frontend-simple-4.0.3.jar;C:\Users\kakit\.m2\repository\org\eclipse\angus\angus-mail\2.0.2\angus-mail-2.0.2.jar;C:\Users\kakit\.m2\repository\jakarta\mail\jakarta.mail-api\2.1.2\jakarta.mail-api-2.1.2.jar;C:\Users\kakit\.m2\repository\org\apache\cxf\cxf-rt-ws-addr\4.0.3\cxf-rt-ws-addr-4.0.3.jar;C:\Users\kakit\.m2\repository\org\apache\cxf\cxf-rt-ws-policy\4.0.3\cxf-rt-ws-policy-4.0.3.jar;C:\Users\kakit\.m2\repository\org\apache\neethi\neethi\3.2.0\neethi-3.2.0.jar;C:\Users\kakit\.m2\repository\org\eclipse\angus\angus-activation\2.0.1\angus-activation-2.0.1.jar;C:\Users\kakit\.m2\repository\jakarta\activation\jakarta.activation-api\2.1.2\jakarta.activation-api-2.1.2.jar;C:\Users\kakit\.m2\repository\com\fasterxml\jackson\jakarta\rs\jackson-jakarta-rs-json-provider\2.16.0\jackson-jakarta-rs-json-provider-2.16.0.jar;C:\Users\kakit\.m2\repository\com\fasterxml\jackson\jakarta\rs\jackson-jakarta-rs-base\2.15.3\jackson-jakarta-rs-base-2.15.3.jar;C:\Users\kakit\.m2\repository\com\fasterxml\jackson\core\jackson-core\2.15.3\jackson-core-2.15.3.jar;C:\Users\kakit\.m2\repository\com\fasterxml\jackson\module\jackson-module-jakarta-xmlbind-annotations\2.16.0\jackson-module-jakarta-xmlbind-annotations-2.16.0.jar;C:\Users\kakit\.m2\repository\com\fasterxml\jackson\core\jackson-annotations\2.15.3\jackson-annotations-2.15.3.jar;C:\Users\kakit\.m2\repository\org\hsqldb\hsqldb\2.5.2\hsqldb-2.5.2.jar;C:\Users\kakit\.m2\repository\com\zaxxer\HikariCP\4.0.3\HikariCP-4.0.3.jar;C:\Users\kakit\.m2\repository\commons-io\commons-io\2.15.1\commons-io-2.15.1.jar;C:\Users\kakit\.m2\repository\org\freemarker\freemarker\2.3.32\freemarker-2.3.32.jar;C:\Users\kakit\.m2\repository\org\apache\xmlgraphics\fop-core\2.9\fop-core-2.9.jar;C:\Users\kakit\.m2\repository\org\apache\xmlgraphics\batik-anim\1.17\batik-anim-1.17.jar;C:\Users\kakit\.m2\repository\org\apache\xmlgraphics\batik-css\1.17\batik-css-1.17.jar;C:\Users\kakit\.m2\repository\org\apache\xmlgraphics\batik-dom\1.17\batik-dom-1.17.jar;C:\Users\kakit\.m2\repository\org\apache\xmlgraphics\batik-ext\1.17\batik-ext-1.17.jar;C:\Users\kakit\.m2\repository\org\apache\xmlgraphics\batik-parser\1.17\batik-parser-1.17.jar;C:\Users\kakit\.m2\repository\org\apache\xmlgraphics\batik-shared-resources\1.17\batik-shared-resources-1.17.jar;C:\Users\kakit\.m2\repository\org\apache\xmlgraphics\batik-svg-dom\1.17\batik-svg-dom-1.17.jar;C:\Users\kakit\.m2\repository\org\apache\xmlgraphics\batik-util\1.17\batik-util-1.17.jar;C:\Users\kakit\.m2\repository\org\apache\xmlgraphics\batik-constants\1.17\batik-constants-1.17.jar;C:\Users\kakit\.m2\repository\org\apache\xmlgraphics\batik-i18n\1.17\batik-i18n-1.17.jar;C:\Users\kakit\.m2\repository\xml-apis\xml-apis-ext\1.3.04\xml-apis-ext-1.3.04.jar;C:\Users\kakit\.m2\repository\org\apache\xmlgraphics\batik-awt-util\1.17\batik-awt-util-1.17.jar;C:\Users\kakit\.m2\repository\org\apache\xmlgraphics\batik-bridge\1.17\batik-bridge-1.17.jar;C:\Users\kakit\.m2\repository\org\apache\xmlgraphics\batik-script\1.17\batik-script-1.17.jar;C:\Users\kakit\.m2\repository\org\apache\xmlgraphics\batik-xml\1.17\batik-xml-1.17.jar;C:\Users\kakit\.m2\repository\org\apache\xmlgraphics\batik-extension\1.17\batik-extension-1.17.jar;C:\Users\kakit\.m2\repository\org\apache\xmlgraphics\batik-gvt\1.17\batik-gvt-1.17.jar;C:\Users\kakit\.m2\repository\org\apache\xmlgraphics\batik-transcoder\1.17\batik-transcoder-1.17.jar;C:\Users\kakit\.m2\repository\org\apache\xmlgraphics\batik-svggen\1.17\batik-svggen-1.17.jar;C:\Users\kakit\.m2\repository\org\apache\xmlgraphics\batik-codec\1.17\batik-codec-1.17.jar;C:\Users\kakit\.m2\repository\org\apache\xmlgraphics\fop-events\2.9\fop-events-2.9.jar;C:\Users\kakit\.m2\repository\com\thoughtworks\qdox\qdox\1.12\qdox-1.12.jar;C:\Users\kakit\.m2\repository\org\apache\xmlgraphics\fop-util\2.9\fop-util-2.9.jar;C:\Users\kakit\.m2\repository\org\apache\xmlgraphics\xmlgraphics-commons\2.9\xmlgraphics-commons-2.9.jar;C:\Users\kakit\.m2\repository\org\glassfish\jaxb\jaxb-runtime\3.0.2\jaxb-runtime-3.0.2.jar;C:\Users\kakit\.m2\repository\com\sun\activation\jakarta.activation\2.0.1\jakarta.activation-2.0.1.jar;C:\Users\kakit\.m2\repository\org\glassfish\jaxb\jaxb-core\3.0.2\jaxb-core-3.0.2.jar;C:\Users\kakit\.m2\repository\org\glassfish\jaxb\txw2\4.0.4\txw2-4.0.4.jar;C:\Users\kakit\.m2\repository\com\sun\istack\istack-commons-runtime\4.1.2\istack-commons-runtime-4.1.2.jar;C:\Users\kakit\.m2\repository\org\webjars\swagger-ui\5.10.3\swagger-ui-5.10.3.jar;C:\Users\kakit\.m2\repository\org\webjars\bootstrap\4.6.2\bootstrap-4.6.2.jar;C:\Users\kakit\.m2\repository\org\webjars\popper.js\1.16.0\popper.js-1.16.0.jar;C:\Users\kakit\.m2\repository\org\webjars\jquery\3.7.1\jquery-3.7.1.jar;C:\Users\kakit\.m2\repository\org\webjars\font-awesome\4.7.0\font-awesome-4.7.0.jar;C:\Users\kakit\.m2\repository\org\webjars\highlightjs\11.5.0\highlightjs-11.5.0.jar;C:\Users\kakit\.m2\repository\org\springframework\boot\spring-boot-starter-test\3.2.0\spring-boot-starter-test-3.2.0.jar;C:\Users\kakit\.m2\repository\org\springframework\boot\spring-boot-test\3.2.0\spring-boot-test-3.2.0.jar;C:\Users\kakit\.m2\repository\org\springframework\boot\spring-boot-test-autoconfigure\3.2.0\spring-boot-test-autoconfigure-3.2.0.jar;C:\Users\kakit\.m2\repository\com\jayway\jsonpath\json-path\2.8.0\json-path-2.8.0.jar;C:\Users\kakit\.m2\repository\jakarta\xml\bind\jakarta.xml.bind-api\3.0.1\jakarta.xml.bind-api-3.0.1.jar;C:\Users\kakit\.m2\repository\net\minidev\json-smart\2.5.0\json-smart-2.5.0.jar;C:\Users\kakit\.m2\repository\net\minidev\accessors-smart\2.5.0\accessors-smart-2.5.0.jar;C:\Users\kakit\.m2\repository\org\assertj\assertj-core\3.24.2\assertj-core-3.24.2.jar;C:\Users\kakit\.m2\repository\net\bytebuddy\byte-buddy\1.14.10\byte-buddy-1.14.10.jar;C:\Users\kakit\.m2\repository\org\awaitility\awaitility\4.2.0\awaitility-4.2.0.jar;C:\Users\kakit\.m2\repository\org\hamcrest\hamcrest\2.2\hamcrest-2.2.jar;C:\Users\kakit\.m2\repository\org\junit\jupiter\junit-jupiter\5.10.1\junit-jupiter-5.10.1.jar;C:\Users\kakit\.m2\repository\org\junit\jupiter\junit-jupiter-api\5.10.1\junit-jupiter-api-5.10.1.jar;C:\Users\kakit\.m2\repository\org\opentest4j\opentest4j\1.3.0\opentest4j-1.3.0.jar;C:\Users\kakit\.m2\repository\org\junit\platform\junit-platform-commons\1.10.1\junit-platform-commons-1.10.1.jar;C:\Users\kakit\.m2\repository\org\apiguardian\apiguardian-api\1.1.2\apiguardian-api-1.1.2.jar;C:\Users\kakit\.m2\repository\org\junit\jupiter\junit-jupiter-params\5.10.1\junit-jupiter-params-5.10.1.jar;C:\Users\kakit\.m2\repository\org\junit\jupiter\junit-jupiter-engine\5.10.1\junit-jupiter-engine-5.10.1.jar;C:\Users\kakit\.m2\repository\org\junit\platform\junit-platform-engine\1.10.1\junit-platform-engine-1.10.1.jar;C:\Users\kakit\.m2\repository\org\mockito\mockito-core\4.11.0\mockito-core-4.11.0.jar;C:\Users\kakit\.m2\repository\net\bytebuddy\byte-buddy-agent\1.14.10\byte-buddy-agent-1.14.10.jar;C:\Users\kakit\.m2\repository\org\objenesis\objenesis\3.3\objenesis-3.3.jar;C:\Users\kakit\.m2\repository\org\mockito\mockito-junit-jupiter\5.7.0\mockito-junit-jupiter-5.7.0.jar;C:\Users\kakit\.m2\repository\org\skyscreamer\jsonassert\1.5.1\jsonassert-1.5.1.jar;C:\Users\kakit\.m2\repository\com\vaadin\external\google\android-json\0.0.20131108.vaadin1\android-json-0.0.20131108.vaadin1.jar;C:\Users\kakit\.m2\repository\org\springframework\spring-core\6.1.1\spring-core-6.1.1.jar;C:\Users\kakit\.m2\repository\org\springframework\spring-jcl\6.1.1\spring-jcl-6.1.1.jar;C:\Users\kakit\.m2\repository\org\springframework\spring-test\6.1.1\spring-test-6.1.1.jar;C:\Users\kakit\.m2\repository\org\xmlunit\xmlunit-core\2.9.1\xmlunit-core-2.9.1.jar;C:\Users\kakit\.m2\repository\org\apache\cxf\cxf-rt-rs-client\4.0.3\cxf-rt-rs-client-4.0.3.jar;C:\Users\kakit\.m2\repository\org\springframework\boot\spring-boot-starter-tomcat\3.2.0\spring-boot-starter-tomcat-3.2.0.jar;C:\Users\kakit\.m2\repository\jakarta\annotation\jakarta.annotation-api\2.1.1\jakarta.annotation-api-2.1.1.jar;C:\Users\kakit\.m2\repository\org\apache\tomcat\embed\tomcat-embed-core\10.1.16\tomcat-embed-core-10.1.16.jar;C:\Users\kakit\.m2\repository\org\apache\tomcat\embed\tomcat-embed-websocket\10.1.16\tomcat-embed-websocket-10.1.16.jar;"/>
    <property name="sun.awt.enableExtraMouseButtons" value="true"/>
    <property name="java.vm.vendor" value="Oracle Corporation"/>
    <property name="sun.arch.data.model" value="64"/>
    <property name="user.variant" value=""/>
    <property name="java.vendor.url" value="https://java.oracle.com/"/>
    <property name="user.timezone" value="America/Buenos_Aires"/>
    <property name="org.jboss.logging.provider" value="slf4j"/>
    <property name="os.name" value="Windows 11"/>
    <property name="java.vm.specification.version" value="21"/>
    <property name="sun.java.launcher" value="SUN_STANDARD"/>
    <property name="user.country" value="AR"/>
    <property name="sun.boot.library.path" value="C:\Program Files\Java\jdk-21\bin"/>
    <property name="sun.java.command" value="C:\Users\kakit\AppData\Local\Temp\surefire7028011591344219506\surefirebooter-20240411110639894_3.jar C:\Users\kakit\AppData\Local\Temp\surefire7028011591344219506 2024-04-11T11-06-39_703-jvmRun1 surefire-20240411110639894_1tmp surefire_0-20240411110639894_2tmp"/>
    <property name="jdk.debug" value="release"/>
    <property name="surefire.test.class.path" value="C:\Users\kakit\Downloads\dss-demonstrations\dss-demo-webapp\target\test-classes;C:\Users\kakit\Downloads\dss-demonstrations\dss-demo-webapp\target\classes;C:\Users\kakit\.m2\repository\org\springframework\boot\spring-boot-starter-security\3.2.0\spring-boot-starter-security-3.2.0.jar;C:\Users\kakit\.m2\repository\org\springframework\boot\spring-boot-starter\3.2.0\spring-boot-starter-3.2.0.jar;C:\Users\kakit\.m2\repository\org\springframework\boot\spring-boot\3.2.0\spring-boot-3.2.0.jar;C:\Users\kakit\.m2\repository\org\springframework\boot\spring-boot-autoconfigure\3.2.0\spring-boot-autoconfigure-3.2.0.jar;C:\Users\kakit\.m2\repository\org\springframework\boot\spring-boot-starter-logging\3.2.0\spring-boot-starter-logging-3.2.0.jar;C:\Users\kakit\.m2\repository\ch\qos\logback\logback-classic\1.3.14\logback-classic-1.3.14.jar;C:\Users\kakit\.m2\repository\ch\qos\logback\logback-core\1.3.14\logback-core-1.3.14.jar;C:\Users\kakit\.m2\repository\org\apache\logging\log4j\log4j-to-slf4j\2.21.1\log4j-to-slf4j-2.21.1.jar;C:\Users\kakit\.m2\repository\org\apache\logging\log4j\log4j-api\2.21.1\log4j-api-2.21.1.jar;C:\Users\kakit\.m2\repository\org\slf4j\jul-to-slf4j\2.0.9\jul-to-slf4j-2.0.9.jar;C:\Users\kakit\.m2\repository\org\yaml\snakeyaml\2.2\snakeyaml-2.2.jar;C:\Users\kakit\.m2\repository\org\springframework\spring-aop\6.1.1\spring-aop-6.1.1.jar;C:\Users\kakit\.m2\repository\org\springframework\spring-beans\6.1.1\spring-beans-6.1.1.jar;C:\Users\kakit\.m2\repository\org\springframework\security\spring-security-config\6.2.0\spring-security-config-6.2.0.jar;C:\Users\kakit\.m2\repository\org\springframework\security\spring-security-core\6.2.0\spring-security-core-6.2.0.jar;C:\Users\kakit\.m2\repository\org\springframework\security\spring-security-crypto\6.2.0\spring-security-crypto-6.2.0.jar;C:\Users\kakit\.m2\repository\org\springframework\spring-context\6.1.1\spring-context-6.1.1.jar;C:\Users\kakit\.m2\repository\org\springframework\security\spring-security-web\6.2.0\spring-security-web-6.2.0.jar;C:\Users\kakit\.m2\repository\org\springframework\spring-expression\6.1.1\spring-expression-6.1.1.jar;C:\Users\kakit\.m2\repository\org\springframework\boot\spring-boot-starter-thymeleaf\3.2.0\spring-boot-starter-thymeleaf-3.2.0.jar;C:\Users\kakit\.m2\repository\org\thymeleaf\thymeleaf-spring6\3.1.2.RELEASE\thymeleaf-spring6-3.1.2.RELEASE.jar;C:\Users\kakit\.m2\repository\org\springframework\boot\spring-boot-starter-web\3.2.0\spring-boot-starter-web-3.2.0.jar;C:\Users\kakit\.m2\repository\org\springframework\boot\spring-boot-starter-json\3.2.0\spring-boot-starter-json-3.2.0.jar;C:\Users\kakit\.m2\repository\com\fasterxml\jackson\core\jackson-databind\2.15.3\jackson-databind-2.15.3.jar;C:\Users\kakit\.m2\repository\com\fasterxml\jackson\datatype\jackson-datatype-jdk8\2.15.3\jackson-datatype-jdk8-2.15.3.jar;C:\Users\kakit\.m2\repository\com\fasterxml\jackson\datatype\jackson-datatype-jsr310\2.15.3\jackson-datatype-jsr310-2.15.3.jar;C:\Users\kakit\.m2\repository\com\fasterxml\jackson\module\jackson-module-parameter-names\2.15.3\jackson-module-parameter-names-2.15.3.jar;C:\Users\kakit\.m2\repository\org\springframework\spring-web\6.1.1\spring-web-6.1.1.jar;C:\Users\kakit\.m2\repository\io\micrometer\micrometer-observation\1.12.0\micrometer-observation-1.12.0.jar;C:\Users\kakit\.m2\repository\io\micrometer\micrometer-commons\1.12.0\micrometer-commons-1.12.0.jar;C:\Users\kakit\.m2\repository\org\springframework\spring-webmvc\6.1.1\spring-webmvc-6.1.1.jar;C:\Users\kakit\.m2\repository\org\springframework\boot\spring-boot-starter-validation\3.2.0\spring-boot-starter-validation-3.2.0.jar;C:\Users\kakit\.m2\repository\org\apache\tomcat\embed\tomcat-embed-el\10.1.16\tomcat-embed-el-10.1.16.jar;C:\Users\kakit\.m2\repository\org\hibernate\validator\hibernate-validator\8.0.1.Final\hibernate-validator-8.0.1.Final.jar;C:\Users\kakit\.m2\repository\jakarta\validation\jakarta.validation-api\3.0.2\jakarta.validation-api-3.0.2.jar;C:\Users\kakit\.m2\repository\org\jboss\logging\jboss-logging\3.5.3.Final\jboss-logging-3.5.3.Final.jar;C:\Users\kakit\.m2\repository\com\fasterxml\classmate\1.6.0\classmate-1.6.0.jar;C:\Users\kakit\.m2\repository\org\springframework\boot\spring-boot-starter-jdbc\3.2.0\spring-boot-starter-jdbc-3.2.0.jar;C:\Users\kakit\.m2\repository\org\springframework\spring-jdbc\6.1.1\spring-jdbc-6.1.1.jar;C:\Users\kakit\.m2\repository\org\springframework\spring-tx\6.1.1\spring-tx-6.1.1.jar;C:\Users\kakit\.m2\repository\nz\net\ultraq\thymeleaf\thymeleaf-layout-dialect\3.3.0\thymeleaf-layout-dialect-3.3.0.jar;C:\Users\kakit\.m2\repository\org\apache\groovy\groovy\4.0.15\groovy-4.0.15.jar;C:\Users\kakit\.m2\repository\nz\net\ultraq\groovy\groovy-extensions\2.1.0\groovy-extensions-2.1.0.jar;C:\Users\kakit\.m2\repository\nz\net\ultraq\thymeleaf\thymeleaf-expression-processor\3.2.0\thymeleaf-expression-processor-3.2.0.jar;C:\Users\kakit\.m2\repository\org\thymeleaf\thymeleaf\3.1.2.RELEASE\thymeleaf-3.1.2.RELEASE.jar;C:\Users\kakit\.m2\repository\ognl\ognl\3.3.4\ognl-3.3.4.jar;C:\Users\kakit\.m2\repository\org\attoparser\attoparser\2.0.7.RELEASE\attoparser-2.0.7.RELEASE.jar;C:\Users\kakit\.m2\repository\org\unbescape\unbescape\1.1.6.RELEASE\unbescape-1.1.6.RELEASE.jar;C:\Users\kakit\.m2\repository\org\slf4j\slf4j-api\2.0.9\slf4j-api-2.0.9.jar;C:\Users\kakit\.m2\repository\eu\europa\ec\joinup\sd-dss\dss-service\6.0\dss-service-6.0.jar;C:\Users\kakit\.m2\repository\eu\europa\ec\joinup\sd-dss\dss-spi\6.0\dss-spi-6.0.jar;C:\Users\kakit\.m2\repository\eu\europa\ec\joinup\sd-dss\dss-alert\6.0\dss-alert-6.0.jar;C:\Users\kakit\.m2\repository\org\bouncycastle\bcpkix-jdk18on\1.76\bcpkix-jdk18on-1.76.jar;C:\Users\kakit\.m2\repository\org\bouncycastle\bcutil-jdk18on\1.76\bcutil-jdk18on-1.76.jar;C:\Users\kakit\.m2\repository\org\apache\httpcomponents\client5\httpclient5\5.3\httpclient5-5.3.jar;C:\Users\kakit\.m2\repository\org\apache\httpcomponents\core5\httpcore5\5.2.3\httpcore5-5.2.3.jar;C:\Users\kakit\.m2\repository\org\apache\httpcomponents\core5\httpcore5-h2\5.2.3\httpcore5-h2-5.2.3.jar;C:\Users\kakit\.m2\repository\eu\europa\ec\joinup\sd-dss\dss-tsl-validation\6.0\dss-tsl-validation-6.0.jar;C:\Users\kakit\.m2\repository\eu\europa\ec\joinup\sd-dss\specs-trusted-list\6.0\specs-trusted-list-6.0.jar;C:\Users\kakit\.m2\repository\eu\europa\ec\joinup\sd-dss\specs-xmldsig\6.0\specs-xmldsig-6.0.jar;C:\Users\kakit\.m2\repository\eu\europa\ec\joinup\sd-dss\specs-xades\6.0\specs-xades-6.0.jar;C:\Users\kakit\.m2\repository\eu\europa\ec\joinup\sd-dss\dss-jaxb-parsers\6.0\dss-jaxb-parsers-6.0.jar;C:\Users\kakit\.m2\repository\eu\europa\ec\joinup\sd-dss\dss-xades\6.0\dss-xades-6.0.jar;C:\Users\kakit\.m2\repository\eu\europa\ec\joinup\sd-dss\dss-document\6.0\dss-document-6.0.jar;C:\Users\kakit\.m2\repository\eu\europa\ec\joinup\sd-dss\validation-policy\6.0\validation-policy-6.0.jar;C:\Users\kakit\.m2\repository\eu\europa\ec\joinup\sd-dss\dss-policy-jaxb\6.0\dss-policy-jaxb-6.0.jar;C:\Users\kakit\.m2\repository\eu\europa\ec\joinup\sd-dss\dss-i18n\6.0\dss-i18n-6.0.jar;C:\Users\kakit\.m2\repository\eu\europa\ec\joinup\sd-dss\dss-utils-google-guava\6.0\dss-utils-google-guava-6.0.jar;C:\Users\kakit\.m2\repository\eu\europa\ec\joinup\sd-dss\dss-utils\6.0\dss-utils-6.0.jar;C:\Users\kakit\.m2\repository\com\google\guava\guava\32.1.3-jre\guava-32.1.3-jre.jar;C:\Users\kakit\.m2\repository\com\google\guava\failureaccess\1.0.1\failureaccess-1.0.1.jar;C:\Users\kakit\.m2\repository\com\google\guava\listenablefuture\9999.0-empty-to-avoid-conflict-with-guava\listenablefuture-9999.0-empty-to-avoid-conflict-with-guava.jar;C:\Users\kakit\.m2\repository\com\google\code\findbugs\jsr305\3.0.2\jsr305-3.0.2.jar;C:\Users\kakit\.m2\repository\org\checkerframework\checker-qual\3.37.0\checker-qual-3.37.0.jar;C:\Users\kakit\.m2\repository\com\google\errorprone\error_prone_annotations\2.21.1\error_prone_annotations-2.21.1.jar;C:\Users\kakit\.m2\repository\com\google\j2objc\j2objc-annotations\2.8\j2objc-annotations-2.8.jar;C:\Users\kakit\.m2\repository\eu\europa\ec\joinup\sd-dss\dss-crl-parser-stream\6.0\dss-crl-parser-stream-6.0.jar;C:\Users\kakit\.m2\repository\eu\europa\ec\joinup\sd-dss\dss-crl-parser\6.0\dss-crl-parser-6.0.jar;C:\Users\kakit\.m2\repository\org\bouncycastle\bcprov-jdk18on\1.76\bcprov-jdk18on-1.76.jar;C:\Users\kakit\.m2\repository\eu\europa\ec\joinup\sd-dss\dss-signature-soap\6.0\dss-signature-soap-6.0.jar;C:\Users\kakit\.m2\repository\eu\europa\ec\joinup\sd-dss\dss-signature-soap-client\6.0\dss-signature-soap-client-6.0.jar;C:\Users\kakit\.m2\repository\eu\europa\ec\joinup\sd-dss\dss-signature-dto\6.0\dss-signature-dto-6.0.jar;C:\Users\kakit\.m2\repository\eu\europa\ec\joinup\sd-dss\dss-common-remote-dto\6.0\dss-common-remote-dto-6.0.jar;C:\Users\kakit\.m2\repository\eu\europa\ec\joinup\sd-dss\dss-signature-remote\6.0\dss-signature-remote-6.0.jar;C:\Users\kakit\.m2\repository\eu\europa\ec\joinup\sd-dss\dss-common-remote-converter\6.0\dss-common-remote-converter-6.0.jar;C:\Users\kakit\.m2\repository\eu\europa\ec\joinup\sd-dss\dss-cades\6.0\dss-cades-6.0.jar;C:\Users\kakit\.m2\repository\eu\europa\ec\joinup\sd-dss\dss-jades\6.0\dss-jades-6.0.jar;C:\Users\kakit\.m2\repository\eu\europa\ec\joinup\sd-dss\specs-jades\6.0\specs-jades-6.0.jar;C:\Users\kakit\.m2\repository\eu\europa\ec\joinup\sd-dss\specs-jws\6.0\specs-jws-6.0.jar;C:\Users\kakit\.m2\repository\com\github\erosb\everit-json-schema\1.14.3\everit-json-schema-1.14.3.jar;C:\Users\kakit\.m2\repository\org\json\json\20231013\json-20231013.jar;C:\Users\kakit\.m2\repository\commons-validator\commons-validator\1.7\commons-validator-1.7.jar;C:\Users\kakit\.m2\repository\commons-digester\commons-digester\2.1\commons-digester-2.1.jar;C:\Users\kakit\.m2\repository\commons-collections\commons-collections\3.2.2\commons-collections-3.2.2.jar;C:\Users\kakit\.m2\repository\com\damnhandy\handy-uri-templates\2.1.8\handy-uri-templates-2.1.8.jar;C:\Users\kakit\.m2\repository\joda-time\joda-time\2.10.2\joda-time-2.10.2.jar;C:\Users\kakit\.m2\repository\com\google\re2j\re2j\1.6\re2j-1.6.jar;C:\Users\kakit\.m2\repository\org\bitbucket\b_c\jose4j\0.9.4\jose4j-0.9.4.jar;C:\Users\kakit\.m2\repository\eu\europa\ec\joinup\sd-dss\dss-asic-cades\6.0\dss-asic-cades-6.0.jar;C:\Users\kakit\.m2\repository\eu\europa\ec\joinup\sd-dss\dss-asic-common\6.0\dss-asic-common-6.0.jar;C:\Users\kakit\.m2\repository\eu\europa\ec\joinup\sd-dss\specs-asic-manifest\6.0\specs-asic-manifest-6.0.jar;C:\Users\kakit\.m2\repository\eu\europa\ec\joinup\sd-dss\dss-asic-xades\6.0\dss-asic-xades-6.0.jar;C:\Users\kakit\.m2\repository\eu\europa\ec\joinup\sd-dss\dss-validation-soap\6.0\dss-validation-soap-6.0.jar;C:\Users\kakit\.m2\repository\eu\europa\ec\joinup\sd-dss\dss-validation-soap-client\6.0\dss-validation-soap-client-6.0.jar;C:\Users\kakit\.m2\repository\eu\europa\ec\joinup\sd-dss\dss-validation-dto\6.0\dss-validation-dto-6.0.jar;C:\Users\kakit\.m2\repository\eu\europa\ec\joinup\sd-dss\dss-diagnostic-jaxb\6.0\dss-diagnostic-jaxb-6.0.jar;C:\Users\kakit\.m2\repository\eu\europa\ec\joinup\sd-dss\dss-simple-report-jaxb\6.0\dss-simple-report-jaxb-6.0.jar;C:\Users\kakit\.m2\repository\eu\europa\ec\joinup\sd-dss\dss-detailed-report-jaxb\6.0\dss-detailed-report-jaxb-6.0.jar;C:\Users\kakit\.m2\repository\eu\europa\ec\joinup\sd-dss\specs-validation-report\6.0\specs-validation-report-6.0.jar;C:\Users\kakit\.m2\repository\eu\europa\ec\joinup\sd-dss\dss-validation-server-common\6.0\dss-validation-server-common-6.0.jar;C:\Users\kakit\.m2\repository\eu\europa\ec\joinup\sd-dss\dss-certificate-validation-soap\6.0\dss-certificate-validation-soap-6.0.jar;C:\Users\kakit\.m2\repository\eu\europa\ec\joinup\sd-dss\dss-certificate-validation-common\6.0\dss-certificate-validation-common-6.0.jar;C:\Users\kakit\.m2\repository\eu\europa\ec\joinup\sd-dss\dss-certificate-validation-dto\6.0\dss-certificate-validation-dto-6.0.jar;C:\Users\kakit\.m2\repository\eu\europa\ec\joinup\sd-dss\dss-simple-certificate-report-jaxb\6.0\dss-simple-certificate-report-jaxb-6.0.jar;C:\Users\kakit\.m2\repository\eu\europa\ec\joinup\sd-dss\dss-certificate-validation-soap-client\6.0\dss-certificate-validation-soap-client-6.0.jar;C:\Users\kakit\.m2\repository\eu\europa\ec\joinup\sd-dss\dss-server-signing-soap\6.0\dss-server-signing-soap-6.0.jar;C:\Users\kakit\.m2\repository\eu\europa\ec\joinup\sd-dss\dss-server-signing-common\6.0\dss-server-signing-common-6.0.jar;C:\Users\kakit\.m2\repository\eu\europa\ec\joinup\sd-dss\dss-server-signing-dto\6.0\dss-server-signing-dto-6.0.jar;C:\Users\kakit\.m2\repository\eu\europa\ec\joinup\sd-dss\dss-server-signing-soap-client\6.0\dss-server-signing-soap-client-6.0.jar;C:\Users\kakit\.m2\repository\eu\europa\ec\joinup\sd-dss\dss-timestamp-remote-soap\6.0\dss-timestamp-remote-soap-6.0.jar;C:\Users\kakit\.m2\repository\eu\europa\ec\joinup\sd-dss\dss-timestamp-remote\6.0\dss-timestamp-remote-6.0.jar;C:\Users\kakit\.m2\repository\eu\europa\ec\joinup\sd-dss\dss-timestamp-dto\6.0\dss-timestamp-dto-6.0.jar;C:\Users\kakit\.m2\repository\eu\europa\ec\joinup\sd-dss\dss-timestamp-remote-soap-client\6.0\dss-timestamp-remote-soap-client-6.0.jar;C:\Users\kakit\.m2\repository\eu\europa\ec\joinup\sd-dss\dss-pades-pdfbox\6.0\dss-pades-pdfbox-6.0.jar;C:\Users\kakit\.m2\repository\eu\europa\ec\joinup\sd-dss\dss-pades\6.0\dss-pades-6.0.jar;C:\Users\kakit\.m2\repository\org\apache\pdfbox\pdfbox\2.0.30\pdfbox-2.0.30.jar;C:\Users\kakit\.m2\repository\org\apache\pdfbox\fontbox\2.0.30\fontbox-2.0.30.jar;C:\Users\kakit\.m2\repository\eu\europa\ec\joinup\sd-dss\dss-signature-rest\6.0\dss-signature-rest-6.0.jar;C:\Users\kakit\.m2\repository\eu\europa\ec\joinup\sd-dss\dss-signature-rest-client\6.0\dss-signature-rest-client-6.0.jar;C:\Users\kakit\.m2\repository\jakarta\ws\rs\jakarta.ws.rs-api\3.1.0\jakarta.ws.rs-api-3.1.0.jar;C:\Users\kakit\.m2\repository\eu\europa\ec\joinup\sd-dss\dss-validation-rest\6.0\dss-validation-rest-6.0.jar;C:\Users\kakit\.m2\repository\eu\europa\ec\joinup\sd-dss\dss-validation-rest-client\6.0\dss-validation-rest-client-6.0.jar;C:\Users\kakit\.m2\repository\eu\europa\ec\joinup\sd-dss\dss-certificate-validation-rest\6.0\dss-certificate-validation-rest-6.0.jar;C:\Users\kakit\.m2\repository\eu\europa\ec\joinup\sd-dss\dss-certificate-validation-rest-client\6.0\dss-certificate-validation-rest-client-6.0.jar;C:\Users\kakit\.m2\repository\eu\europa\ec\joinup\sd-dss\dss-server-signing-rest\6.0\dss-server-signing-rest-6.0.jar;C:\Users\kakit\.m2\repository\eu\europa\ec\joinup\sd-dss\dss-server-signing-rest-client\6.0\dss-server-signing-rest-client-6.0.jar;C:\Users\kakit\.m2\repository\eu\europa\ec\joinup\sd-dss\dss-timestamp-remote-rest\6.0\dss-timestamp-remote-rest-6.0.jar;C:\Users\kakit\.m2\repository\eu\europa\ec\joinup\sd-dss\dss-timestamp-remote-rest-client\6.0\dss-timestamp-remote-rest-client-6.0.jar;C:\Users\kakit\.m2\repository\eu\europa\ec\joinup\sd-dss\dss-token\6.0\dss-token-6.0.jar;C:\Users\kakit\.m2\repository\eu\europa\ec\joinup\sd-dss\dss-model\6.0\dss-model-6.0.jar;C:\Users\kakit\.m2\repository\eu\europa\ec\joinup\sd-dss\dss-enumerations\6.0\dss-enumerations-6.0.jar;C:\Users\kakit\.m2\repository\eu\europa\ec\joinup\sd-dss\dss-evidence-record-xml\6.0\dss-evidence-record-xml-6.0.jar;C:\Users\kakit\.m2\repository\eu\europa\ec\joinup\sd-dss\dss-evidence-record-common\6.0\dss-evidence-record-common-6.0.jar;C:\Users\kakit\.m2\repository\eu\europa\ec\joinup\sd-dss\specs-xmlers\6.0\specs-xmlers-6.0.jar;C:\Users\kakit\.m2\repository\eu\europa\ec\joinup\sd-dss\dss-jaxb-common\6.0\dss-jaxb-common-6.0.jar;C:\Users\kakit\.m2\repository\eu\europa\ec\joinup\sd-dss\dss-xml-utils\6.0\dss-xml-utils-6.0.jar;C:\Users\kakit\.m2\repository\eu\europa\ec\joinup\sd-dss\dss-xml-common\6.0\dss-xml-common-6.0.jar;C:\Users\kakit\.m2\repository\org\apache\santuario\xmlsec\3.0.3\xmlsec-3.0.3.jar;C:\Users\kakit\.m2\repository\commons-codec\commons-codec\1.16.0\commons-codec-1.16.0.jar;C:\Users\kakit\.m2\repository\org\apache\cxf\cxf-rt-rs-service-description\4.0.3\cxf-rt-rs-service-description-4.0.3.jar;C:\Users\kakit\.m2\repository\org\apache\cxf\cxf-rt-frontend-jaxrs\4.0.3\cxf-rt-frontend-jaxrs-4.0.3.jar;C:\Users\kakit\.m2\repository\org\apache\cxf\cxf-rt-security\4.0.3\cxf-rt-security-4.0.3.jar;C:\Users\kakit\.m2\repository\org\apache\cxf\cxf-rt-features-logging\4.0.3\cxf-rt-features-logging-4.0.3.jar;C:\Users\kakit\.m2\repository\jakarta\xml\ws\jakarta.xml.ws-api\3.0.1\jakarta.xml.ws-api-3.0.1.jar;C:\Users\kakit\.m2\repository\jakarta\xml\soap\jakarta.xml.soap-api\3.0.1\jakarta.xml.soap-api-3.0.1.jar;C:\Users\kakit\.m2\repository\jakarta\jws\jakarta.jws-api\3.0.0\jakarta.jws-api-3.0.0.jar;C:\Users\kakit\.m2\repository\org\apache\cxf\cxf-core\4.0.3\cxf-core-4.0.3.jar;C:\Users\kakit\.m2\repository\com\fasterxml\woodstox\woodstox-core\6.5.1\woodstox-core-6.5.1.jar;C:\Users\kakit\.m2\repository\org\codehaus\woodstox\stax2-api\4.2.1\stax2-api-4.2.1.jar;C:\Users\kakit\.m2\repository\org\apache\ws\xmlschema\xmlschema-core\2.3.1\xmlschema-core-2.3.1.jar;C:\Users\kakit\.m2\repository\org\apache\cxf\cxf-rt-rs-service-description-openapi-v3\4.0.3\cxf-rt-rs-service-description-openapi-v3-4.0.3.jar;C:\Users\kakit\.m2\repository\org\apache\cxf\cxf-rt-rs-service-description-common-openapi\4.0.3\cxf-rt-rs-service-description-common-openapi-4.0.3.jar;C:\Users\kakit\.m2\repository\org\apache\cxf\cxf-rt-rs-service-description-swagger-ui\4.0.3\cxf-rt-rs-service-description-swagger-ui-4.0.3.jar;C:\Users\kakit\.m2\repository\io\swagger\core\v3\swagger-jaxrs2-jakarta\2.2.15\swagger-jaxrs2-jakarta-2.2.15.jar;C:\Users\kakit\.m2\repository\io\github\classgraph\classgraph\4.8.154\classgraph-4.8.154.jar;C:\Users\kakit\.m2\repository\org\javassist\javassist\3.29.2-GA\javassist-3.29.2-GA.jar;C:\Users\kakit\.m2\repository\io\swagger\core\v3\swagger-models-jakarta\2.2.15\swagger-models-jakarta-2.2.15.jar;C:\Users\kakit\.m2\repository\io\swagger\core\v3\swagger-annotations-jakarta\2.2.15\swagger-annotations-jakarta-2.2.15.jar;C:\Users\kakit\.m2\repository\io\swagger\core\v3\swagger-integration-jakarta\2.2.15\swagger-integration-jakarta-2.2.15.jar;C:\Users\kakit\.m2\repository\io\swagger\core\v3\swagger-core-jakarta\2.2.15\swagger-core-jakarta-2.2.15.jar;C:\Users\kakit\.m2\repository\org\apache\commons\commons-lang3\3.13.0\commons-lang3-3.13.0.jar;C:\Users\kakit\.m2\repository\com\fasterxml\jackson\dataformat\jackson-dataformat-yaml\2.15.3\jackson-dataformat-yaml-2.15.3.jar;C:\Users\kakit\.m2\repository\org\apache\cxf\cxf-rt-transports-http\4.0.3\cxf-rt-transports-http-4.0.3.jar;C:\Users\kakit\.m2\repository\org\apache\cxf\cxf-rt-frontend-jaxws\4.0.3\cxf-rt-frontend-jaxws-4.0.3.jar;C:\Users\kakit\.m2\repository\xml-resolver\xml-resolver\1.2\xml-resolver-1.2.jar;C:\Users\kakit\.m2\repository\org\ow2\asm\asm\9.5\asm-9.5.jar;C:\Users\kakit\.m2\repository\org\apache\cxf\cxf-rt-bindings-soap\4.0.3\cxf-rt-bindings-soap-4.0.3.jar;C:\Users\kakit\.m2\repository\org\apache\cxf\cxf-rt-wsdl\4.0.3\cxf-rt-wsdl-4.0.3.jar;C:\Users\kakit\.m2\repository\wsdl4j\wsdl4j\1.6.3\wsdl4j-1.6.3.jar;C:\Users\kakit\.m2\repository\org\apache\cxf\cxf-rt-databinding-jaxb\4.0.3\cxf-rt-databinding-jaxb-4.0.3.jar;C:\Users\kakit\.m2\repository\org\apache\cxf\cxf-rt-bindings-xml\4.0.3\cxf-rt-bindings-xml-4.0.3.jar;C:\Users\kakit\.m2\repository\org\apache\cxf\cxf-rt-frontend-simple\4.0.3\cxf-rt-frontend-simple-4.0.3.jar;C:\Users\kakit\.m2\repository\org\eclipse\angus\angus-mail\2.0.2\angus-mail-2.0.2.jar;C:\Users\kakit\.m2\repository\jakarta\mail\jakarta.mail-api\2.1.2\jakarta.mail-api-2.1.2.jar;C:\Users\kakit\.m2\repository\org\apache\cxf\cxf-rt-ws-addr\4.0.3\cxf-rt-ws-addr-4.0.3.jar;C:\Users\kakit\.m2\repository\org\apache\cxf\cxf-rt-ws-policy\4.0.3\cxf-rt-ws-policy-4.0.3.jar;C:\Users\kakit\.m2\repository\org\apache\neethi\neethi\3.2.0\neethi-3.2.0.jar;C:\Users\kakit\.m2\repository\org\eclipse\angus\angus-activation\2.0.1\angus-activation-2.0.1.jar;C:\Users\kakit\.m2\repository\jakarta\activation\jakarta.activation-api\2.1.2\jakarta.activation-api-2.1.2.jar;C:\Users\kakit\.m2\repository\com\fasterxml\jackson\jakarta\rs\jackson-jakarta-rs-json-provider\2.16.0\jackson-jakarta-rs-json-provider-2.16.0.jar;C:\Users\kakit\.m2\repository\com\fasterxml\jackson\jakarta\rs\jackson-jakarta-rs-base\2.15.3\jackson-jakarta-rs-base-2.15.3.jar;C:\Users\kakit\.m2\repository\com\fasterxml\jackson\core\jackson-core\2.15.3\jackson-core-2.15.3.jar;C:\Users\kakit\.m2\repository\com\fasterxml\jackson\module\jackson-module-jakarta-xmlbind-annotations\2.16.0\jackson-module-jakarta-xmlbind-annotations-2.16.0.jar;C:\Users\kakit\.m2\repository\com\fasterxml\jackson\core\jackson-annotations\2.15.3\jackson-annotations-2.15.3.jar;C:\Users\kakit\.m2\repository\org\hsqldb\hsqldb\2.5.2\hsqldb-2.5.2.jar;C:\Users\kakit\.m2\repository\com\zaxxer\HikariCP\4.0.3\HikariCP-4.0.3.jar;C:\Users\kakit\.m2\repository\commons-io\commons-io\2.15.1\commons-io-2.15.1.jar;C:\Users\kakit\.m2\repository\org\freemarker\freemarker\2.3.32\freemarker-2.3.32.jar;C:\Users\kakit\.m2\repository\org\apache\xmlgraphics\fop-core\2.9\fop-core-2.9.jar;C:\Users\kakit\.m2\repository\org\apache\xmlgraphics\batik-anim\1.17\batik-anim-1.17.jar;C:\Users\kakit\.m2\repository\org\apache\xmlgraphics\batik-css\1.17\batik-css-1.17.jar;C:\Users\kakit\.m2\repository\org\apache\xmlgraphics\batik-dom\1.17\batik-dom-1.17.jar;C:\Users\kakit\.m2\repository\org\apache\xmlgraphics\batik-ext\1.17\batik-ext-1.17.jar;C:\Users\kakit\.m2\repository\org\apache\xmlgraphics\batik-parser\1.17\batik-parser-1.17.jar;C:\Users\kakit\.m2\repository\org\apache\xmlgraphics\batik-shared-resources\1.17\batik-shared-resources-1.17.jar;C:\Users\kakit\.m2\repository\org\apache\xmlgraphics\batik-svg-dom\1.17\batik-svg-dom-1.17.jar;C:\Users\kakit\.m2\repository\org\apache\xmlgraphics\batik-util\1.17\batik-util-1.17.jar;C:\Users\kakit\.m2\repository\org\apache\xmlgraphics\batik-constants\1.17\batik-constants-1.17.jar;C:\Users\kakit\.m2\repository\org\apache\xmlgraphics\batik-i18n\1.17\batik-i18n-1.17.jar;C:\Users\kakit\.m2\repository\xml-apis\xml-apis-ext\1.3.04\xml-apis-ext-1.3.04.jar;C:\Users\kakit\.m2\repository\org\apache\xmlgraphics\batik-awt-util\1.17\batik-awt-util-1.17.jar;C:\Users\kakit\.m2\repository\org\apache\xmlgraphics\batik-bridge\1.17\batik-bridge-1.17.jar;C:\Users\kakit\.m2\repository\org\apache\xmlgraphics\batik-script\1.17\batik-script-1.17.jar;C:\Users\kakit\.m2\repository\org\apache\xmlgraphics\batik-xml\1.17\batik-xml-1.17.jar;C:\Users\kakit\.m2\repository\org\apache\xmlgraphics\batik-extension\1.17\batik-extension-1.17.jar;C:\Users\kakit\.m2\repository\org\apache\xmlgraphics\batik-gvt\1.17\batik-gvt-1.17.jar;C:\Users\kakit\.m2\repository\org\apache\xmlgraphics\batik-transcoder\1.17\batik-transcoder-1.17.jar;C:\Users\kakit\.m2\repository\org\apache\xmlgraphics\batik-svggen\1.17\batik-svggen-1.17.jar;C:\Users\kakit\.m2\repository\org\apache\xmlgraphics\batik-codec\1.17\batik-codec-1.17.jar;C:\Users\kakit\.m2\repository\org\apache\xmlgraphics\fop-events\2.9\fop-events-2.9.jar;C:\Users\kakit\.m2\repository\com\thoughtworks\qdox\qdox\1.12\qdox-1.12.jar;C:\Users\kakit\.m2\repository\org\apache\xmlgraphics\fop-util\2.9\fop-util-2.9.jar;C:\Users\kakit\.m2\repository\org\apache\xmlgraphics\xmlgraphics-commons\2.9\xmlgraphics-commons-2.9.jar;C:\Users\kakit\.m2\repository\org\glassfish\jaxb\jaxb-runtime\3.0.2\jaxb-runtime-3.0.2.jar;C:\Users\kakit\.m2\repository\com\sun\activation\jakarta.activation\2.0.1\jakarta.activation-2.0.1.jar;C:\Users\kakit\.m2\repository\org\glassfish\jaxb\jaxb-core\3.0.2\jaxb-core-3.0.2.jar;C:\Users\kakit\.m2\repository\org\glassfish\jaxb\txw2\4.0.4\txw2-4.0.4.jar;C:\Users\kakit\.m2\repository\com\sun\istack\istack-commons-runtime\4.1.2\istack-commons-runtime-4.1.2.jar;C:\Users\kakit\.m2\repository\org\webjars\swagger-ui\5.10.3\swagger-ui-5.10.3.jar;C:\Users\kakit\.m2\repository\org\webjars\bootstrap\4.6.2\bootstrap-4.6.2.jar;C:\Users\kakit\.m2\repository\org\webjars\popper.js\1.16.0\popper.js-1.16.0.jar;C:\Users\kakit\.m2\repository\org\webjars\jquery\3.7.1\jquery-3.7.1.jar;C:\Users\kakit\.m2\repository\org\webjars\font-awesome\4.7.0\font-awesome-4.7.0.jar;C:\Users\kakit\.m2\repository\org\webjars\highlightjs\11.5.0\highlightjs-11.5.0.jar;C:\Users\kakit\.m2\repository\org\springframework\boot\spring-boot-starter-test\3.2.0\spring-boot-starter-test-3.2.0.jar;C:\Users\kakit\.m2\repository\org\springframework\boot\spring-boot-test\3.2.0\spring-boot-test-3.2.0.jar;C:\Users\kakit\.m2\repository\org\springframework\boot\spring-boot-test-autoconfigure\3.2.0\spring-boot-test-autoconfigure-3.2.0.jar;C:\Users\kakit\.m2\repository\com\jayway\jsonpath\json-path\2.8.0\json-path-2.8.0.jar;C:\Users\kakit\.m2\repository\jakarta\xml\bind\jakarta.xml.bind-api\3.0.1\jakarta.xml.bind-api-3.0.1.jar;C:\Users\kakit\.m2\repository\net\minidev\json-smart\2.5.0\json-smart-2.5.0.jar;C:\Users\kakit\.m2\repository\net\minidev\accessors-smart\2.5.0\accessors-smart-2.5.0.jar;C:\Users\kakit\.m2\repository\org\assertj\assertj-core\3.24.2\assertj-core-3.24.2.jar;C:\Users\kakit\.m2\repository\net\bytebuddy\byte-buddy\1.14.10\byte-buddy-1.14.10.jar;C:\Users\kakit\.m2\repository\org\awaitility\awaitility\4.2.0\awaitility-4.2.0.jar;C:\Users\kakit\.m2\repository\org\hamcrest\hamcrest\2.2\hamcrest-2.2.jar;C:\Users\kakit\.m2\repository\org\junit\jupiter\junit-jupiter\5.10.1\junit-jupiter-5.10.1.jar;C:\Users\kakit\.m2\repository\org\junit\jupiter\junit-jupiter-api\5.10.1\junit-jupiter-api-5.10.1.jar;C:\Users\kakit\.m2\repository\org\opentest4j\opentest4j\1.3.0\opentest4j-1.3.0.jar;C:\Users\kakit\.m2\repository\org\junit\platform\junit-platform-commons\1.10.1\junit-platform-commons-1.10.1.jar;C:\Users\kakit\.m2\repository\org\apiguardian\apiguardian-api\1.1.2\apiguardian-api-1.1.2.jar;C:\Users\kakit\.m2\repository\org\junit\jupiter\junit-jupiter-params\5.10.1\junit-jupiter-params-5.10.1.jar;C:\Users\kakit\.m2\repository\org\junit\jupiter\junit-jupiter-engine\5.10.1\junit-jupiter-engine-5.10.1.jar;C:\Users\kakit\.m2\repository\org\junit\platform\junit-platform-engine\1.10.1\junit-platform-engine-1.10.1.jar;C:\Users\kakit\.m2\repository\org\mockito\mockito-core\4.11.0\mockito-core-4.11.0.jar;C:\Users\kakit\.m2\repository\net\bytebuddy\byte-buddy-agent\1.14.10\byte-buddy-agent-1.14.10.jar;C:\Users\kakit\.m2\repository\org\objenesis\objenesis\3.3\objenesis-3.3.jar;C:\Users\kakit\.m2\repository\org\mockito\mockito-junit-jupiter\5.7.0\mockito-junit-jupiter-5.7.0.jar;C:\Users\kakit\.m2\repository\org\skyscreamer\jsonassert\1.5.1\jsonassert-1.5.1.jar;C:\Users\kakit\.m2\repository\com\vaadin\external\google\android-json\0.0.20131108.vaadin1\android-json-0.0.20131108.vaadin1.jar;C:\Users\kakit\.m2\repository\org\springframework\spring-core\6.1.1\spring-core-6.1.1.jar;C:\Users\kakit\.m2\repository\org\springframework\spring-jcl\6.1.1\spring-jcl-6.1.1.jar;C:\Users\kakit\.m2\repository\org\springframework\spring-test\6.1.1\spring-test-6.1.1.jar;C:\Users\kakit\.m2\repository\org\xmlunit\xmlunit-core\2.9.1\xmlunit-core-2.9.1.jar;C:\Users\kakit\.m2\repository\org\apache\cxf\cxf-rt-rs-client\4.0.3\cxf-rt-rs-client-4.0.3.jar;C:\Users\kakit\.m2\repository\org\springframework\boot\spring-boot-starter-tomcat\3.2.0\spring-boot-starter-tomcat-3.2.0.jar;C:\Users\kakit\.m2\repository\jakarta\annotation\jakarta.annotation-api\2.1.1\jakarta.annotation-api-2.1.1.jar;C:\Users\kakit\.m2\repository\org\apache\tomcat\embed\tomcat-embed-core\10.1.16\tomcat-embed-core-10.1.16.jar;C:\Users\kakit\.m2\repository\org\apache\tomcat\embed\tomcat-embed-websocket\10.1.16\tomcat-embed-websocket-10.1.16.jar;"/>
    <property name="sun.cpu.endian" value="little"/>
    <property name="user.home" value="C:\Users\kakit"/>
    <property name="user.language" value="es"/>
    <property name="java.specification.vendor" value="Oracle Corporation"/>
    <property name="java.version.date" value="2023-10-17"/>
    <property name="java.home" value="C:\Program Files\Java\jdk-21"/>
    <property name="file.separator" value="\"/>
    <property name="basedir" value="C:\Users\kakit\Downloads\dss-demonstrations\dss-demo-webapp"/>
    <property name="java.vm.compressedOopsMode" value="Zero based"/>
    <property name="line.separator" value="&#10;"/>
    <property name="java.vm.specification.vendor" value="Oracle Corporation"/>
    <property name="java.specification.name" value="Java Platform API Specification"/>
    <property name="FILE_LOG_CHARSET" value="UTF-8"/>
    <property name="java.awt.headless" value="true"/>
    <property name="surefire.real.class.path" value="C:\Users\kakit\AppData\Local\Temp\surefire7028011591344219506\surefirebooter-20240411110639894_3.jar"/>
    <property name="user.script" value=""/>
    <property name="sun.management.compiler" value="HotSpot 64-Bit Tiered Compilers"/>
    <property name="java.runtime.version" value="21.0.1+12-LTS-29"/>
    <property name="user.name" value="kakit"/>
    <property name="stdout.encoding" value="Cp1252"/>
    <property name="path.separator" value=";"/>
    <property name="os.version" value="10.0"/>
    <property name="java.runtime.name" value="Java(TM) SE Runtime Environment"/>
    <property name="file.encoding" value="UTF-8"/>
    <property name="java.vm.name" value="Java HotSpot(TM) 64-Bit Server VM"/>
    <property name="localRepository" value="C:\Users\kakit\.m2\repository"/>
    <property name="java.vendor.url.bug" value="https://bugreport.java.com/bugreport/"/>
    <property name="java.io.tmpdir" value="C:\Users\kakit\AppData\Local\Temp\"/>
    <property name="idea.version" value="2023.3.6"/>
    <property name="java.version" value="21.0.1"/>
    <property name="user.dir" value="C:\Users\kakit\Downloads\dss-demonstrations\dss-demo-webapp"/>
    <property name="os.arch" value="amd64"/>
    <property name="java.vm.specification.name" value="Java Virtual Machine Specification"/>
    <property name="PID" value="17916"/>
    <property name="sun.os.patch.level" value=""/>
    <property name="org.bouncycastle.rsa.max_mr_tests" value="0"/>
    <property name="CONSOLE_LOG_CHARSET" value="UTF-8"/>
    <property name="native.encoding" value="Cp1252"/>
    <property name="java.library.path" value="C:\Program Files\Java\jdk-21\bin;C:\WINDOWS\Sun\Java\bin;C:\WINDOWS\system32;C:\WINDOWS;C:\Python312\Scripts\;C:\Python312\;C:\Program Files\Common Files\Oracle\Java\javapath;C:\Program Files (x86)\Common Files\Oracle\Java\javapath;C:\WINDOWS\system32;C:\WINDOWS;C:\WINDOWS\System32\Wbem;C:\WINDOWS\System32\WindowsPowerShell\v1.0\;C:\WINDOWS\System32\OpenSSH\;C:\Program Files (x86)\HP\Common\HPDestPlgIn\;C:\Program Files\dotnet\;C:\maven\bin;C:\Program Files\Java\jdk-21\bin;C:\Program Files\Git\cmd;C:\Program Files\PowerShell\7\;C:\ProgramData\chocolatey\bin;C:\Program Files\nodejs\;C:\Program Files\Docker\Docker\resources\bin;C:\Program Files\Microsoft\Web Platform Installer\;C:\tools\php70;C:\ProgramData\ComposerSetup\bin;C:\Program Files\AutoFirma\AutoFirma;C:\Users\kakit\.pyenv\pyenv-win\bin;C:\Users\kakit\.pyenv\pyenv-win\shims;C:\Users\kakit\AppData\Local\Programs\Python\Python38\Scripts\;C:\Users\kakit\AppData\Local\Programs\Python\Python38\;C:\Program Files\MySQL\MySQL Shell 8.0\bin\;C:\Users\kakit\AppData\Local\Programs\Python\Python311\Scripts\;C:\Users\kakit\AppData\Local\Programs\Python\Python311\;C:\Users\kakit\AppData\Local\Programs\Python\Python39\Scripts\;C:\Users\kakit\AppData\Local\Programs\Python\Python39\;C:\Users\kakit\AppData\Local\Microsoft\WindowsApps;C:\Users\kakit\AppData\Local\Programs\Microsoft VS Code\bin;C:\Program Files (x86)\HP\Common\HPDestPlgIn\;C:\Users\kakit\.dotnet\tools;C:\Users\kakit\AppData\Local\GitHubDesktop\bin;C:\Users\kakit\AppData\Roaming\npm;C:\Users\kakit\AppData\Local\Google\Cloud SDK\google-cloud-sdk\bin;C:\Program Files\JetBrains\IntelliJ IDEA 2023.3.5\bin;C:\Users\kakit\AppData\Local\Microsoft\WindowsApps;C:\Users\kakit\AppData\Roaming\Composer\vendor\bin;C:\Program Files\JetBrains\PhpStorm 2023.3.6\bin;;C:\Program Files\apache-maven-3.9.6-bin\bin;;."/>
    <property name="java.vm.info" value="mixed mode, sharing"/>
    <property name="stderr.encoding" value="Cp1252"/>
    <property name="java.vendor" value="Oracle Corporation"/>
    <property name="java.vm.version" value="21.0.1+12-LTS-29"/>
    <property name="sun.io.unicode.encoding" value="UnicodeLittle"/>
    <property name="java.class.version" value="65.0"/>
  </properties>
  <testcase name="test" classname="eu.europa.esig.dss.web.service.TSPConfigTest" time="0.201">
    <system-out><![CDATA[11:07:05.359 [pool-5-thread-1] INFO  e.e.esig.dss.tsl.job.TLValidationJob - Analysis is DONE for 31 TLSource(s)
11:07:05.364 [pool-5-thread-1] INFO  e.e.esig.dss.tsl.job.TLValidationJob - Online refresh is DONE.
]]></system-out>
  </testcase>
</testsuite>